[0.242s] Invoking command in '/home/mingyu/rosyolo_final/ros2yolo': PYTHONPATH=/home/mingyu/rosyolo_final/install/ros2yolo/lib/python3.8/site-packages:/home/mingyu/rosyolo_final/install/custom_msg/lib/python3.8/site-packages:/home/mingyu/rosyolo_final/install/ros2yolo/lib/python3.8/site-packages:/opt/ros/foxy/lib/python3.8/site-packages:/opt/ros/noetic/lib/python3/dist-packages:/home/mingyu/COCO/cocodataset/api/cocoapi/PythonAPI:/home/mingyu/COCO/cocodataset/api3/cocoapi/PythonAPI /usr/bin/python3 setup.py egg_info --egg-base ../build/ros2yolo build --build-base /home/mingyu/rosyolo_final/build/ros2yolo/build install --prefix /home/mingyu/rosyolo_final/install/ros2yolo --record /home/mingyu/rosyolo_final/build/ros2yolo/install.log --single-version-externally-managed
[0.456s] running egg_info
[0.457s] writing ../build/ros2yolo/ros2yolo.egg-info/PKG-INFO
[0.457s] writing dependency_links to ../build/ros2yolo/ros2yolo.egg-info/dependency_links.txt
[0.457s] writing entry points to ../build/ros2yolo/ros2yolo.egg-info/entry_points.txt
[0.457s] writing requirements to ../build/ros2yolo/ros2yolo.egg-info/requires.txt
[0.457s] writing top-level names to ../build/ros2yolo/ros2yolo.egg-info/top_level.txt
[0.484s] reading manifest file '../build/ros2yolo/ros2yolo.egg-info/SOURCES.txt'
[0.485s] writing manifest file '../build/ros2yolo/ros2yolo.egg-info/SOURCES.txt'
[0.485s] running build
[0.485s] running build_py
[0.485s] copying ros2yolo/ros2_yolo.py -> /home/mingyu/rosyolo_final/build/ros2yolo/build/lib/ros2yolo
[0.485s] running install
[0.486s] running install_lib
[0.487s] copying /home/mingyu/rosyolo_final/build/ros2yolo/build/lib/ros2yolo/ros2_yolo.py -> /home/mingyu/rosyolo_final/install/ros2yolo/lib/python3.8/site-packages/ros2yolo
[0.487s] byte-compiling /home/mingyu/rosyolo_final/install/ros2yolo/lib/python3.8/site-packages/ros2yolo/ros2_yolo.py to ros2_yolo.cpython-38.pyc
[0.489s] running install_data
[0.489s] running install_egg_info
[0.490s] removing '/home/mingyu/rosyolo_final/install/ros2yolo/lib/python3.8/site-packages/ros2yolo-0.0.0-py3.8.egg-info' (and everything under it)
[0.491s] Copying ../build/ros2yolo/ros2yolo.egg-info to /home/mingyu/rosyolo_final/install/ros2yolo/lib/python3.8/site-packages/ros2yolo-0.0.0-py3.8.egg-info
[0.491s] running install_scripts
[0.505s] Installing ros2_yolo script to /home/mingyu/rosyolo_final/install/ros2yolo/lib/ros2yolo
[0.506s] writing list of installed files to '/home/mingyu/rosyolo_final/build/ros2yolo/install.log'
[0.521s] Invoked command in '/home/mingyu/rosyolo_final/ros2yolo' returned '0': PYTHONPATH=/home/mingyu/rosyolo_final/install/ros2yolo/lib/python3.8/site-packages:/home/mingyu/rosyolo_final/install/custom_msg/lib/python3.8/site-packages:/home/mingyu/rosyolo_final/install/ros2yolo/lib/python3.8/site-packages:/opt/ros/foxy/lib/python3.8/site-packages:/opt/ros/noetic/lib/python3/dist-packages:/home/mingyu/COCO/cocodataset/api/cocoapi/PythonAPI:/home/mingyu/COCO/cocodataset/api3/cocoapi/PythonAPI /usr/bin/python3 setup.py egg_info --egg-base ../build/ros2yolo build --build-base /home/mingyu/rosyolo_final/build/ros2yolo/build install --prefix /home/mingyu/rosyolo_final/install/ros2yolo --record /home/mingyu/rosyolo_final/build/ros2yolo/install.log --single-version-externally-managed
