[  3%] Built target custom_msg__cpp
[ 12%] Built target custom_msg__rosidl_generator_c
[ 32%] Built target custom_msg__rosidl_typesupport_cpp
[ 32%] Built target custom_msg__rosidl_typesupport_c
[ 41%] Built target custom_msg__rosidl_typesupport_introspection_cpp
[ 51%] Built target custom_msg__rosidl_typesupport_introspection_c
[ 61%] Built target custom_msg__rosidl_typesupport_fastrtps_cpp
[ 70%] Built target custom_msg__rosidl_typesupport_fastrtps_c
[ 70%] Built target custom_msg
[ 74%] Built target custom_msg__py
[ 80%] Built target custom_msg__python
[ 87%] Built target custom_msg__rosidl_typesupport_fastrtps_c__pyext
[ 93%] Built target custom_msg__rosidl_typesupport_c__pyext
[100%] Built target custom_msg__rosidl_typesupport_introspection_c__pyext
-- Install configuration: ""
-- Up-to-date: /home/mingyu/rosyolo_final/install/custom_msg/share/ament_index/resource_index/rosidl_interfaces/custom_msg
-- Up-to-date: /home/mingyu/rosyolo_final/install/custom_msg/include/custom_msg
-- Up-to-date: /home/mingyu/rosyolo_final/install/custom_msg/include/custom_msg/msg
-- Up-to-date: /home/mingyu/rosyolo_final/install/custom_msg/include/custom_msg/msg/rosidl_generator_c__visibility_control.h
-- Up-to-date: /home/mingyu/rosyolo_final/install/custom_msg/include/custom_msg/msg/ros2_yolo.h
-- Up-to-date: /home/mingyu/rosyolo_final/install/custom_msg/include/custom_msg/msg/detail
-- Up-to-date: /home/mingyu/rosyolo_final/install/custom_msg/include/custom_msg/msg/detail/ros2_yolo__type_support.h
-- Up-to-date: /home/mingyu/rosyolo_final/install/custom_msg/include/custom_msg/msg/detail/ros2_yolo__functions.h
-- Up-to-date: /home/mingyu/rosyolo_final/install/custom_msg/include/custom_msg/msg/detail/ros2_yolo__functions.c
-- Up-to-date: /home/mingyu/rosyolo_final/install/custom_msg/include/custom_msg/msg/detail/ros2_yolo__struct.h
-- Up-to-date: /home/mingyu/rosyolo_final/install/custom_msg/share/custom_msg/environment/library_path.sh
-- Up-to-date: /home/mingyu/rosyolo_final/install/custom_msg/share/custom_msg/environment/library_path.dsv
-- Up-to-date: /home/mingyu/rosyolo_final/install/custom_msg/lib/libcustom_msg__rosidl_generator_c.so
-- Up-to-date: /home/mingyu/rosyolo_final/install/custom_msg/include/custom_msg
-- Up-to-date: /home/mingyu/rosyolo_final/install/custom_msg/include/custom_msg/msg
-- Up-to-date: /home/mingyu/rosyolo_final/install/custom_msg/include/custom_msg/msg/rosidl_typesupport_fastrtps_c__visibility_control.h
-- Up-to-date: /home/mingyu/rosyolo_final/install/custom_msg/include/custom_msg/msg/detail
-- Up-to-date: /home/mingyu/rosyolo_final/install/custom_msg/include/custom_msg/msg/detail/ros2_yolo__rosidl_typesupport_fastrtps_c.h
-- Up-to-date: /home/mingyu/rosyolo_final/install/custom_msg/lib/libcustom_msg__rosidl_typesupport_fastrtps_c.so
-- Up-to-date: /home/mingyu/rosyolo_final/install/custom_msg/include/custom_msg
-- Up-to-date: /home/mingyu/rosyolo_final/install/custom_msg/include/custom_msg/msg
-- Up-to-date: /home/mingyu/rosyolo_final/install/custom_msg/include/custom_msg/msg/rosidl_typesupport_fastrtps_cpp__visibility_control.h
-- Up-to-date: /home/mingyu/rosyolo_final/install/custom_msg/include/custom_msg/msg/detail
-- Up-to-date: /home/mingyu/rosyolo_final/install/custom_msg/include/custom_msg/msg/detail/ros2_yolo__rosidl_typesupport_fastrtps_cpp.hpp
-- Up-to-date: /home/mingyu/rosyolo_final/install/custom_msg/include/custom_msg/msg/detail/dds_fastrtps
-- Up-to-date: /home/mingyu/rosyolo_final/install/custom_msg/lib/libcustom_msg__rosidl_typesupport_fastrtps_cpp.so
-- Up-to-date: /home/mingyu/rosyolo_final/install/custom_msg/include/custom_msg
-- Up-to-date: /home/mingyu/rosyolo_final/install/custom_msg/include/custom_msg/msg
-- Up-to-date: /home/mingyu/rosyolo_final/install/custom_msg/include/custom_msg/msg/detail
-- Up-to-date: /home/mingyu/rosyolo_final/install/custom_msg/include/custom_msg/msg/detail/ros2_yolo__rosidl_typesupport_introspection_c.h
-- Up-to-date: /home/mingyu/rosyolo_final/install/custom_msg/include/custom_msg/msg/detail/ros2_yolo__type_support.c
-- Up-to-date: /home/mingyu/rosyolo_final/install/custom_msg/include/custom_msg/msg/rosidl_typesupport_introspection_c__visibility_control.h
-- Up-to-date: /home/mingyu/rosyolo_final/install/custom_msg/lib/libcustom_msg__rosidl_typesupport_introspection_c.so
-- Up-to-date: /home/mingyu/rosyolo_final/install/custom_msg/lib/libcustom_msg__rosidl_typesupport_c.so
-- Up-to-date: /home/mingyu/rosyolo_final/install/custom_msg/include/custom_msg
-- Up-to-date: /home/mingyu/rosyolo_final/install/custom_msg/include/custom_msg/msg
-- Up-to-date: /home/mingyu/rosyolo_final/install/custom_msg/include/custom_msg/msg/detail
-- Up-to-date: /home/mingyu/rosyolo_final/install/custom_msg/include/custom_msg/msg/detail/ros2_yolo__struct.hpp
-- Up-to-date: /home/mingyu/rosyolo_final/install/custom_msg/include/custom_msg/msg/detail/ros2_yolo__builder.hpp
-- Up-to-date: /home/mingyu/rosyolo_final/install/custom_msg/include/custom_msg/msg/detail/ros2_yolo__traits.hpp
-- Up-to-date: /home/mingyu/rosyolo_final/install/custom_msg/include/custom_msg/msg/ros2_yolo.hpp
-- Up-to-date: /home/mingyu/rosyolo_final/install/custom_msg/include/custom_msg
-- Up-to-date: /home/mingyu/rosyolo_final/install/custom_msg/include/custom_msg/msg
-- Up-to-date: /home/mingyu/rosyolo_final/install/custom_msg/include/custom_msg/msg/detail
-- Up-to-date: /home/mingyu/rosyolo_final/install/custom_msg/include/custom_msg/msg/detail/ros2_yolo__rosidl_typesupport_introspection_cpp.hpp
-- Up-to-date: /home/mingyu/rosyolo_final/install/custom_msg/include/custom_msg/msg/detail/ros2_yolo__type_support.cpp
-- Up-to-date: /home/mingyu/rosyolo_final/install/custom_msg/lib/libcustom_msg__rosidl_typesupport_introspection_cpp.so
-- Up-to-date: /home/mingyu/rosyolo_final/install/custom_msg/lib/libcustom_msg__rosidl_typesupport_cpp.so
-- Up-to-date: /home/mingyu/rosyolo_final/install/custom_msg/share/custom_msg/environment/pythonpath.sh
-- Up-to-date: /home/mingyu/rosyolo_final/install/custom_msg/share/custom_msg/environment/pythonpath.dsv
-- Up-to-date: /home/mingyu/rosyolo_final/install/custom_msg/lib/python3.8/site-packages/custom_msg/__init__.py
-- Up-to-date: /home/mingyu/rosyolo_final/install/custom_msg/lib/python3.8/site-packages/custom_msg/msg
-- Up-to-date: /home/mingyu/rosyolo_final/install/custom_msg/lib/python3.8/site-packages/custom_msg/msg/_ros2_yolo.py
-- Up-to-date: /home/mingyu/rosyolo_final/install/custom_msg/lib/python3.8/site-packages/custom_msg/msg/__init__.py
-- Up-to-date: /home/mingyu/rosyolo_final/install/custom_msg/lib/python3.8/site-packages/custom_msg/msg/_ros2_yolo_s.c
-- Up-to-date: /home/mingyu/rosyolo_final/install/custom_msg/lib/python3.8/site-packages/custom_msg/custom_msg_s__rosidl_typesupport_fastrtps_c.cpython-38-x86_64-linux-gnu.so
-- Up-to-date: /home/mingyu/rosyolo_final/install/custom_msg/lib/python3.8/site-packages/custom_msg/custom_msg_s__rosidl_typesupport_introspection_c.cpython-38-x86_64-linux-gnu.so
-- Up-to-date: /home/mingyu/rosyolo_final/install/custom_msg/lib/python3.8/site-packages/custom_msg/custom_msg_s__rosidl_typesupport_c.cpython-38-x86_64-linux-gnu.so
-- Up-to-date: /home/mingyu/rosyolo_final/install/custom_msg/lib/libcustom_msg__python.so
-- Up-to-date: /home/mingyu/rosyolo_final/install/custom_msg/share/custom_msg/msg/Ros2Yolo.idl
-- Up-to-date: /home/mingyu/rosyolo_final/install/custom_msg/share/custom_msg/msg/Ros2Yolo.msg
-- Up-to-date: /home/mingyu/rosyolo_final/install/custom_msg/share/ament_index/resource_index/package_run_dependencies/custom_msg
-- Up-to-date: /home/mingyu/rosyolo_final/install/custom_msg/share/ament_index/resource_index/parent_prefix_path/custom_msg
-- Up-to-date: /home/mingyu/rosyolo_final/install/custom_msg/share/custom_msg/environment/ament_prefix_path.sh
-- Up-to-date: /home/mingyu/rosyolo_final/install/custom_msg/share/custom_msg/environment/ament_prefix_path.dsv
-- Up-to-date: /home/mingyu/rosyolo_final/install/custom_msg/share/custom_msg/environment/path.sh
-- Up-to-date: /home/mingyu/rosyolo_final/install/custom_msg/share/custom_msg/environment/path.dsv
-- Up-to-date: /home/mingyu/rosyolo_final/install/custom_msg/share/custom_msg/local_setup.bash
-- Up-to-date: /home/mingyu/rosyolo_final/install/custom_msg/share/custom_msg/local_setup.sh
-- Up-to-date: /home/mingyu/rosyolo_final/install/custom_msg/share/custom_msg/local_setup.zsh
-- Up-to-date: /home/mingyu/rosyolo_final/install/custom_msg/share/custom_msg/local_setup.dsv
-- Installing: /home/mingyu/rosyolo_final/install/custom_msg/share/custom_msg/package.dsv
-- Up-to-date: /home/mingyu/rosyolo_final/install/custom_msg/share/ament_index/resource_index/packages/custom_msg
-- Up-to-date: /home/mingyu/rosyolo_final/install/custom_msg/share/custom_msg/cmake/custom_msg__rosidl_generator_cExport.cmake
-- Up-to-date: /home/mingyu/rosyolo_final/install/custom_msg/share/custom_msg/cmake/custom_msg__rosidl_generator_cExport-noconfig.cmake
-- Up-to-date: /home/mingyu/rosyolo_final/install/custom_msg/share/custom_msg/cmake/custom_msg__rosidl_typesupport_introspection_cExport.cmake
-- Up-to-date: /home/mingyu/rosyolo_final/install/custom_msg/share/custom_msg/cmake/custom_msg__rosidl_typesupport_introspection_cExport-noconfig.cmake
-- Up-to-date: /home/mingyu/rosyolo_final/install/custom_msg/share/custom_msg/cmake/custom_msg__rosidl_typesupport_cExport.cmake
-- Up-to-date: /home/mingyu/rosyolo_final/install/custom_msg/share/custom_msg/cmake/custom_msg__rosidl_typesupport_cExport-noconfig.cmake
-- Up-to-date: /home/mingyu/rosyolo_final/install/custom_msg/share/custom_msg/cmake/custom_msg__rosidl_generator_cppExport.cmake
-- Up-to-date: /home/mingyu/rosyolo_final/install/custom_msg/share/custom_msg/cmake/custom_msg__rosidl_typesupport_introspection_cppExport.cmake
-- Up-to-date: /home/mingyu/rosyolo_final/install/custom_msg/share/custom_msg/cmake/custom_msg__rosidl_typesupport_introspection_cppExport-noconfig.cmake
-- Up-to-date: /home/mingyu/rosyolo_final/install/custom_msg/share/custom_msg/cmake/custom_msg__rosidl_typesupport_cppExport.cmake
-- Up-to-date: /home/mingyu/rosyolo_final/install/custom_msg/share/custom_msg/cmake/custom_msg__rosidl_typesupport_cppExport-noconfig.cmake
-- Up-to-date: /home/mingyu/rosyolo_final/install/custom_msg/share/custom_msg/cmake/rosidl_cmake-extras.cmake
-- Up-to-date: /home/mingyu/rosyolo_final/install/custom_msg/share/custom_msg/cmake/ament_cmake_export_dependencies-extras.cmake
-- Up-to-date: /home/mingyu/rosyolo_final/install/custom_msg/share/custom_msg/cmake/ament_cmake_export_libraries-extras.cmake
-- Up-to-date: /home/mingyu/rosyolo_final/install/custom_msg/share/custom_msg/cmake/ament_cmake_export_targets-extras.cmake
-- Up-to-date: /home/mingyu/rosyolo_final/install/custom_msg/share/custom_msg/cmake/ament_cmake_export_include_directories-extras.cmake
-- Up-to-date: /home/mingyu/rosyolo_final/install/custom_msg/share/custom_msg/cmake/rosidl_cmake_export_typesupport_libraries-extras.cmake
-- Up-to-date: /home/mingyu/rosyolo_final/install/custom_msg/share/custom_msg/cmake/rosidl_cmake_export_typesupport_targets-extras.cmake
-- Up-to-date: /home/mingyu/rosyolo_final/install/custom_msg/share/custom_msg/cmake/custom_msgConfig.cmake
-- Up-to-date: /home/mingyu/rosyolo_final/install/custom_msg/share/custom_msg/cmake/custom_msgConfig-version.cmake
-- Up-to-date: /home/mingyu/rosyolo_final/install/custom_msg/share/custom_msg/package.xml
