[0.356s] Invoking command in '/home/mingyu/rosyolo_final/ros2yolo': PYTHONPATH=/home/mingyu/rosyolo_final/install/ros2yolo/lib/python3.8/site-packages:/home/mingyu/rosyolo_final/install/custom_msg/lib/python3.8/site-packages:/home/mingyu/rosyolo_final/install/ros2yolo/lib/python3.8/site-packages:/opt/ros/foxy/lib/python3.8/site-packages:/opt/ros/noetic/lib/python3/dist-packages:/home/mingyu/COCO/cocodataset/api/cocoapi/PythonAPI:/home/mingyu/COCO/cocodataset/api3/cocoapi/PythonAPI /usr/bin/python3 setup.py egg_info --egg-base ../build/ros2yolo build --build-base /home/mingyu/rosyolo_final/build/ros2yolo/build install --prefix /home/mingyu/rosyolo_final/install/ros2yolo --record /home/mingyu/rosyolo_final/build/ros2yolo/install.log --single-version-externally-managed
[0.658s] running egg_info
[0.659s] writing ../build/ros2yolo/ros2yolo.egg-info/PKG-INFO
[0.659s] writing dependency_links to ../build/ros2yolo/ros2yolo.egg-info/dependency_links.txt
[0.659s] writing entry points to ../build/ros2yolo/ros2yolo.egg-info/entry_points.txt
[0.659s] writing requirements to ../build/ros2yolo/ros2yolo.egg-info/requires.txt
[0.659s] writing top-level names to ../build/ros2yolo/ros2yolo.egg-info/top_level.txt
[0.694s] reading manifest file '../build/ros2yolo/ros2yolo.egg-info/SOURCES.txt'
[0.695s] writing manifest file '../build/ros2yolo/ros2yolo.egg-info/SOURCES.txt'
[0.695s] running build
[0.695s] running build_py
[0.695s] copying ros2yolo/yolo_map.py -> /home/mingyu/rosyolo_final/build/ros2yolo/build/lib/ros2yolo
[0.695s] running install
[0.696s] running install_lib
[0.698s] copying /home/mingyu/rosyolo_final/build/ros2yolo/build/lib/ros2yolo/yolo_map.py -> /home/mingyu/rosyolo_final/install/ros2yolo/lib/python3.8/site-packages/ros2yolo
[0.698s] byte-compiling /home/mingyu/rosyolo_final/install/ros2yolo/lib/python3.8/site-packages/ros2yolo/yolo_map.py to yolo_map.cpython-38.pyc
[0.701s] running install_data
[0.702s] running install_egg_info
[0.703s] removing '/home/mingyu/rosyolo_final/install/ros2yolo/lib/python3.8/site-packages/ros2yolo-0.0.0-py3.8.egg-info' (and everything under it)
[0.704s] Copying ../build/ros2yolo/ros2yolo.egg-info to /home/mingyu/rosyolo_final/install/ros2yolo/lib/python3.8/site-packages/ros2yolo-0.0.0-py3.8.egg-info
[0.705s] running install_scripts
[0.720s] Installing ros2_yolo script to /home/mingyu/rosyolo_final/install/ros2yolo/lib/ros2yolo
[0.720s] Installing yolo_map script to /home/mingyu/rosyolo_final/install/ros2yolo/lib/ros2yolo
[0.721s] writing list of installed files to '/home/mingyu/rosyolo_final/build/ros2yolo/install.log'
[0.739s] Invoked command in '/home/mingyu/rosyolo_final/ros2yolo' returned '0': PYTHONPATH=/home/mingyu/rosyolo_final/install/ros2yolo/lib/python3.8/site-packages:/home/mingyu/rosyolo_final/install/custom_msg/lib/python3.8/site-packages:/home/mingyu/rosyolo_final/install/ros2yolo/lib/python3.8/site-packages:/opt/ros/foxy/lib/python3.8/site-packages:/opt/ros/noetic/lib/python3/dist-packages:/home/mingyu/COCO/cocodataset/api/cocoapi/PythonAPI:/home/mingyu/COCO/cocodataset/api3/cocoapi/PythonAPI /usr/bin/python3 setup.py egg_info --egg-base ../build/ros2yolo build --build-base /home/mingyu/rosyolo_final/build/ros2yolo/build install --prefix /home/mingyu/rosyolo_final/install/ros2yolo --record /home/mingyu/rosyolo_final/build/ros2yolo/install.log --single-version-externally-managed
