[0.012s] Invoking command in '/home/mingyu/rosyolo_final/build/custom_msg': CMAKE_PREFIX_PATH=/opt/ros/foxy:${CMAKE_PREFIX_PATH} /bin/cmake --build /home/mingyu/rosyolo_final/build/custom_msg -- -j12 -l12
[0.064s] [  3%] Built target custom_msg__cpp
[0.064s] [ 12%] Built target custom_msg__rosidl_generator_c
[0.091s] [ 38%] Built target custom_msg__rosidl_typesupport_introspection_c
[0.092s] [ 41%] Built target custom_msg__rosidl_typesupport_cpp
[0.092s] [ 41%] Built target custom_msg__rosidl_typesupport_c
[0.092s] [ 51%] Built target custom_msg__rosidl_typesupport_introspection_cpp
[0.097s] [ 61%] Built target custom_msg__rosidl_typesupport_fastrtps_cpp
[0.126s] [ 70%] Built target custom_msg__rosidl_typesupport_fastrtps_c
[0.148s] [ 70%] Built target custom_msg
[0.169s] [ 74%] Built target custom_msg__py
[0.197s] [ 80%] Built target custom_msg__python
[0.226s] [100%] Built target custom_msg__rosidl_typesupport_c__pyext
[0.226s] [100%] Built target custom_msg__rosidl_typesupport_introspection_c__pyext
[0.226s] [100%] Built target custom_msg__rosidl_typesupport_fastrtps_c__pyext
[0.239s] Invoked command in '/home/mingyu/rosyolo_final/build/custom_msg' returned '0': CMAKE_PREFIX_PATH=/opt/ros/foxy:${CMAKE_PREFIX_PATH} /bin/cmake --build /home/mingyu/rosyolo_final/build/custom_msg -- -j12 -l12
[0.305s] Invoking command in '/home/mingyu/rosyolo_final/build/custom_msg': CMAKE_PREFIX_PATH=/opt/ros/foxy:${CMAKE_PREFIX_PATH} /bin/cmake --install /home/mingyu/rosyolo_final/build/custom_msg
[0.315s] -- Install configuration: ""
[0.315s] -- Up-to-date: /home/mingyu/rosyolo_final/install/custom_msg/share/ament_index/resource_index/rosidl_interfaces/custom_msg
[0.316s] -- Up-to-date: /home/mingyu/rosyolo_final/install/custom_msg/include/custom_msg
[0.316s] -- Up-to-date: /home/mingyu/rosyolo_final/install/custom_msg/include/custom_msg/msg
[0.316s] -- Up-to-date: /home/mingyu/rosyolo_final/install/custom_msg/include/custom_msg/msg/rosidl_generator_c__visibility_control.h
[0.316s] -- Up-to-date: /home/mingyu/rosyolo_final/install/custom_msg/include/custom_msg/msg/ros2_yolo.h
[0.316s] -- Up-to-date: /home/mingyu/rosyolo_final/install/custom_msg/include/custom_msg/msg/detail
[0.316s] -- Up-to-date: /home/mingyu/rosyolo_final/install/custom_msg/include/custom_msg/msg/detail/ros2_yolo__type_support.h
[0.316s] -- Up-to-date: /home/mingyu/rosyolo_final/install/custom_msg/include/custom_msg/msg/detail/ros2_yolo__functions.h
[0.316s] -- Up-to-date: /home/mingyu/rosyolo_final/install/custom_msg/include/custom_msg/msg/detail/ros2_yolo__functions.c
[0.316s] -- Up-to-date: /home/mingyu/rosyolo_final/install/custom_msg/include/custom_msg/msg/detail/ros2_yolo__struct.h
[0.316s] -- Up-to-date: /home/mingyu/rosyolo_final/install/custom_msg/share/custom_msg/environment/library_path.sh
[0.317s] -- Up-to-date: /home/mingyu/rosyolo_final/install/custom_msg/share/custom_msg/environment/library_path.dsv
[0.317s] -- Up-to-date: /home/mingyu/rosyolo_final/install/custom_msg/lib/libcustom_msg__rosidl_generator_c.so
[0.317s] -- Up-to-date: /home/mingyu/rosyolo_final/install/custom_msg/include/custom_msg
[0.317s] -- Up-to-date: /home/mingyu/rosyolo_final/install/custom_msg/include/custom_msg/msg
[0.317s] -- Up-to-date: /home/mingyu/rosyolo_final/install/custom_msg/include/custom_msg/msg/rosidl_typesupport_fastrtps_c__visibility_control.h
[0.317s] -- Up-to-date: /home/mingyu/rosyolo_final/install/custom_msg/include/custom_msg/msg/detail
[0.317s] -- Up-to-date: /home/mingyu/rosyolo_final/install/custom_msg/include/custom_msg/msg/detail/ros2_yolo__rosidl_typesupport_fastrtps_c.h
[0.317s] -- Up-to-date: /home/mingyu/rosyolo_final/install/custom_msg/lib/libcustom_msg__rosidl_typesupport_fastrtps_c.so
[0.317s] -- Up-to-date: /home/mingyu/rosyolo_final/install/custom_msg/include/custom_msg
[0.317s] -- Up-to-date: /home/mingyu/rosyolo_final/install/custom_msg/include/custom_msg/msg
[0.317s] -- Up-to-date: /home/mingyu/rosyolo_final/install/custom_msg/include/custom_msg/msg/rosidl_typesupport_fastrtps_cpp__visibility_control.h
[0.317s] -- Up-to-date: /home/mingyu/rosyolo_final/install/custom_msg/include/custom_msg/msg/detail
[0.318s] -- Up-to-date: /home/mingyu/rosyolo_final/install/custom_msg/include/custom_msg/msg/detail/ros2_yolo__rosidl_typesupport_fastrtps_cpp.hpp
[0.318s] -- Up-to-date: /home/mingyu/rosyolo_final/install/custom_msg/include/custom_msg/msg/detail/dds_fastrtps
[0.318s] -- Up-to-date: /home/mingyu/rosyolo_final/install/custom_msg/lib/libcustom_msg__rosidl_typesupport_fastrtps_cpp.so
[0.318s] -- Up-to-date: /home/mingyu/rosyolo_final/install/custom_msg/include/custom_msg
[0.318s] -- Up-to-date: /home/mingyu/rosyolo_final/install/custom_msg/include/custom_msg/msg
[0.318s] -- Up-to-date: /home/mingyu/rosyolo_final/install/custom_msg/include/custom_msg/msg/detail
[0.318s] -- Up-to-date: /home/mingyu/rosyolo_final/install/custom_msg/include/custom_msg/msg/detail/ros2_yolo__rosidl_typesupport_introspection_c.h
[0.318s] -- Up-to-date: /home/mingyu/rosyolo_final/install/custom_msg/include/custom_msg/msg/detail/ros2_yolo__type_support.c
[0.318s] -- Up-to-date: /home/mingyu/rosyolo_final/install/custom_msg/include/custom_msg/msg/rosidl_typesupport_introspection_c__visibility_control.h
[0.318s] -- Up-to-date: /home/mingyu/rosyolo_final/install/custom_msg/lib/libcustom_msg__rosidl_typesupport_introspection_c.so
[0.318s] -- Up-to-date: /home/mingyu/rosyolo_final/install/custom_msg/lib/libcustom_msg__rosidl_typesupport_c.so
[0.318s] -- Up-to-date: /home/mingyu/rosyolo_final/install/custom_msg/include/custom_msg
[0.319s] -- Up-to-date: /home/mingyu/rosyolo_final/install/custom_msg/include/custom_msg/msg
[0.319s] -- Up-to-date: /home/mingyu/rosyolo_final/install/custom_msg/include/custom_msg/msg/detail
[0.319s] -- Up-to-date: /home/mingyu/rosyolo_final/install/custom_msg/include/custom_msg/msg/detail/ros2_yolo__struct.hpp
[0.319s] -- Up-to-date: /home/mingyu/rosyolo_final/install/custom_msg/include/custom_msg/msg/detail/ros2_yolo__builder.hpp
[0.319s] -- Up-to-date: /home/mingyu/rosyolo_final/install/custom_msg/include/custom_msg/msg/detail/ros2_yolo__traits.hpp
[0.319s] -- Up-to-date: /home/mingyu/rosyolo_final/install/custom_msg/include/custom_msg/msg/ros2_yolo.hpp
[0.319s] -- Up-to-date: /home/mingyu/rosyolo_final/install/custom_msg/include/custom_msg
[0.319s] -- Up-to-date: /home/mingyu/rosyolo_final/install/custom_msg/include/custom_msg/msg
[0.319s] -- Up-to-date: /home/mingyu/rosyolo_final/install/custom_msg/include/custom_msg/msg/detail
[0.319s] -- Up-to-date: /home/mingyu/rosyolo_final/install/custom_msg/include/custom_msg/msg/detail/ros2_yolo__rosidl_typesupport_introspection_cpp.hpp
[0.319s] -- Up-to-date: /home/mingyu/rosyolo_final/install/custom_msg/include/custom_msg/msg/detail/ros2_yolo__type_support.cpp
[0.319s] -- Up-to-date: /home/mingyu/rosyolo_final/install/custom_msg/lib/libcustom_msg__rosidl_typesupport_introspection_cpp.so
[0.319s] -- Up-to-date: /home/mingyu/rosyolo_final/install/custom_msg/lib/libcustom_msg__rosidl_typesupport_cpp.so
[0.320s] -- Up-to-date: /home/mingyu/rosyolo_final/install/custom_msg/share/custom_msg/environment/pythonpath.sh
[0.320s] -- Up-to-date: /home/mingyu/rosyolo_final/install/custom_msg/share/custom_msg/environment/pythonpath.dsv
[0.320s] -- Up-to-date: /home/mingyu/rosyolo_final/install/custom_msg/lib/python3.8/site-packages/custom_msg/__init__.py
[0.350s] -- Up-to-date: /home/mingyu/rosyolo_final/install/custom_msg/lib/python3.8/site-packages/custom_msg/msg
[0.350s] -- Up-to-date: /home/mingyu/rosyolo_final/install/custom_msg/lib/python3.8/site-packages/custom_msg/msg/_ros2_yolo.py
[0.350s] -- Up-to-date: /home/mingyu/rosyolo_final/install/custom_msg/lib/python3.8/site-packages/custom_msg/msg/__init__.py
[0.350s] -- Up-to-date: /home/mingyu/rosyolo_final/install/custom_msg/lib/python3.8/site-packages/custom_msg/msg/_ros2_yolo_s.c
[0.350s] -- Up-to-date: /home/mingyu/rosyolo_final/install/custom_msg/lib/python3.8/site-packages/custom_msg/custom_msg_s__rosidl_typesupport_fastrtps_c.cpython-38-x86_64-linux-gnu.so
[0.351s] -- Up-to-date: /home/mingyu/rosyolo_final/install/custom_msg/lib/python3.8/site-packages/custom_msg/custom_msg_s__rosidl_typesupport_introspection_c.cpython-38-x86_64-linux-gnu.so
[0.351s] -- Up-to-date: /home/mingyu/rosyolo_final/install/custom_msg/lib/python3.8/site-packages/custom_msg/custom_msg_s__rosidl_typesupport_c.cpython-38-x86_64-linux-gnu.so
[0.352s] -- Up-to-date: /home/mingyu/rosyolo_final/install/custom_msg/lib/libcustom_msg__python.so
[0.352s] -- Up-to-date: /home/mingyu/rosyolo_final/install/custom_msg/share/custom_msg/msg/Ros2Yolo.idl
[0.352s] -- Up-to-date: /home/mingyu/rosyolo_final/install/custom_msg/share/custom_msg/msg/Ros2Yolo.msg
[0.352s] -- Up-to-date: /home/mingyu/rosyolo_final/install/custom_msg/share/ament_index/resource_index/package_run_dependencies/custom_msg
[0.352s] -- Up-to-date: /home/mingyu/rosyolo_final/install/custom_msg/share/ament_index/resource_index/parent_prefix_path/custom_msg
[0.352s] -- Up-to-date: /home/mingyu/rosyolo_final/install/custom_msg/share/custom_msg/environment/ament_prefix_path.sh
[0.352s] -- Up-to-date: /home/mingyu/rosyolo_final/install/custom_msg/share/custom_msg/environment/ament_prefix_path.dsv
[0.352s] -- Up-to-date: /home/mingyu/rosyolo_final/install/custom_msg/share/custom_msg/environment/path.sh
[0.352s] -- Up-to-date: /home/mingyu/rosyolo_final/install/custom_msg/share/custom_msg/environment/path.dsv
[0.352s] -- Up-to-date: /home/mingyu/rosyolo_final/install/custom_msg/share/custom_msg/local_setup.bash
[0.353s] -- Up-to-date: /home/mingyu/rosyolo_final/install/custom_msg/share/custom_msg/local_setup.sh
[0.353s] -- Up-to-date: /home/mingyu/rosyolo_final/install/custom_msg/share/custom_msg/local_setup.zsh
[0.353s] -- Up-to-date: /home/mingyu/rosyolo_final/install/custom_msg/share/custom_msg/local_setup.dsv
[0.353s] -- Installing: /home/mingyu/rosyolo_final/install/custom_msg/share/custom_msg/package.dsv
[0.353s] -- Up-to-date: /home/mingyu/rosyolo_final/install/custom_msg/share/ament_index/resource_index/packages/custom_msg
[0.353s] -- Up-to-date: /home/mingyu/rosyolo_final/install/custom_msg/share/custom_msg/cmake/custom_msg__rosidl_generator_cExport.cmake
[0.353s] -- Up-to-date: /home/mingyu/rosyolo_final/install/custom_msg/share/custom_msg/cmake/custom_msg__rosidl_generator_cExport-noconfig.cmake
[0.353s] -- Up-to-date: /home/mingyu/rosyolo_final/install/custom_msg/share/custom_msg/cmake/custom_msg__rosidl_typesupport_introspection_cExport.cmake
[0.353s] -- Up-to-date: /home/mingyu/rosyolo_final/install/custom_msg/share/custom_msg/cmake/custom_msg__rosidl_typesupport_introspection_cExport-noconfig.cmake
[0.353s] -- Up-to-date: /home/mingyu/rosyolo_final/install/custom_msg/share/custom_msg/cmake/custom_msg__rosidl_typesupport_cExport.cmake
[0.353s] -- Up-to-date: /home/mingyu/rosyolo_final/install/custom_msg/share/custom_msg/cmake/custom_msg__rosidl_typesupport_cExport-noconfig.cmake
[0.353s] -- Up-to-date: /home/mingyu/rosyolo_final/install/custom_msg/share/custom_msg/cmake/custom_msg__rosidl_generator_cppExport.cmake
[0.354s] -- Up-to-date: /home/mingyu/rosyolo_final/install/custom_msg/share/custom_msg/cmake/custom_msg__rosidl_typesupport_introspection_cppExport.cmake
[0.354s] -- Up-to-date: /home/mingyu/rosyolo_final/install/custom_msg/share/custom_msg/cmake/custom_msg__rosidl_typesupport_introspection_cppExport-noconfig.cmake
[0.354s] -- Up-to-date: /home/mingyu/rosyolo_final/install/custom_msg/share/custom_msg/cmake/custom_msg__rosidl_typesupport_cppExport.cmake
[0.354s] -- Up-to-date: /home/mingyu/rosyolo_final/install/custom_msg/share/custom_msg/cmake/custom_msg__rosidl_typesupport_cppExport-noconfig.cmake
[0.354s] -- Up-to-date: /home/mingyu/rosyolo_final/install/custom_msg/share/custom_msg/cmake/rosidl_cmake-extras.cmake
[0.354s] -- Up-to-date: /home/mingyu/rosyolo_final/install/custom_msg/share/custom_msg/cmake/ament_cmake_export_dependencies-extras.cmake
[0.354s] -- Up-to-date: /home/mingyu/rosyolo_final/install/custom_msg/share/custom_msg/cmake/ament_cmake_export_libraries-extras.cmake
[0.354s] -- Up-to-date: /home/mingyu/rosyolo_final/install/custom_msg/share/custom_msg/cmake/ament_cmake_export_targets-extras.cmake
[0.354s] -- Up-to-date: /home/mingyu/rosyolo_final/install/custom_msg/share/custom_msg/cmake/ament_cmake_export_include_directories-extras.cmake
[0.354s] -- Up-to-date: /home/mingyu/rosyolo_final/install/custom_msg/share/custom_msg/cmake/rosidl_cmake_export_typesupport_libraries-extras.cmake
[0.354s] -- Up-to-date: /home/mingyu/rosyolo_final/install/custom_msg/share/custom_msg/cmake/rosidl_cmake_export_typesupport_targets-extras.cmake
[0.354s] -- Up-to-date: /home/mingyu/rosyolo_final/install/custom_msg/share/custom_msg/cmake/custom_msgConfig.cmake
[0.354s] -- Up-to-date: /home/mingyu/rosyolo_final/install/custom_msg/share/custom_msg/cmake/custom_msgConfig-version.cmake
[0.355s] -- Up-to-date: /home/mingyu/rosyolo_final/install/custom_msg/share/custom_msg/package.xml
[0.357s] Invoked command in '/home/mingyu/rosyolo_final/build/custom_msg' returned '0': CMAKE_PREFIX_PATH=/opt/ros/foxy:${CMAKE_PREFIX_PATH} /bin/cmake --install /home/mingyu/rosyolo_final/build/custom_msg
