[0.260s] Invoking command in '/home/mingyu/rosyolo_final/ros2yolo': AMENT_PREFIX_PATH=/home/mingyu/rosyolo_final/install/custom_msg:${AMENT_PREFIX_PATH} CMAKE_PREFIX_PATH=/home/mingyu/rosyolo_final/install/custom_msg:${CMAKE_PREFIX_PATH} LD_LIBRARY_PATH=/home/mingyu/rosyolo_final/install/custom_msg/lib:${LD_LIBRARY_PATH} PYTHONPATH=/home/mingyu/rosyolo_final/install/ros2yolo/lib/python3.8/site-packages:/home/mingyu/rosyolo_final/install/custom_msg/lib/python3.8/site-packages:${PYTHONPATH} /usr/bin/python3 setup.py egg_info --egg-base ../build/ros2yolo build --build-base /home/mingyu/rosyolo_final/build/ros2yolo/build install --prefix /home/mingyu/rosyolo_final/install/ros2yolo --record /home/mingyu/rosyolo_final/build/ros2yolo/install.log --single-version-externally-managed
[0.495s] running egg_info
[0.495s] writing ../build/ros2yolo/ros2yolo.egg-info/PKG-INFO
[0.496s] writing dependency_links to ../build/ros2yolo/ros2yolo.egg-info/dependency_links.txt
[0.496s] writing entry points to ../build/ros2yolo/ros2yolo.egg-info/entry_points.txt
[0.496s] writing requirements to ../build/ros2yolo/ros2yolo.egg-info/requires.txt
[0.496s] writing top-level names to ../build/ros2yolo/ros2yolo.egg-info/top_level.txt
[0.525s] reading manifest file '../build/ros2yolo/ros2yolo.egg-info/SOURCES.txt'
[0.526s] writing manifest file '../build/ros2yolo/ros2yolo.egg-info/SOURCES.txt'
[0.526s] running build
[0.526s] running build_py
[0.526s] copying ros2yolo/yolo_map.py -> /home/mingyu/rosyolo_final/build/ros2yolo/build/lib/ros2yolo
[0.526s] running install
[0.527s] running install_lib
[0.528s] copying /home/mingyu/rosyolo_final/build/ros2yolo/build/lib/ros2yolo/yolo_map.py -> /home/mingyu/rosyolo_final/install/ros2yolo/lib/python3.8/site-packages/ros2yolo
[0.528s] byte-compiling /home/mingyu/rosyolo_final/install/ros2yolo/lib/python3.8/site-packages/ros2yolo/yolo_map.py to yolo_map.cpython-38.pyc
[0.530s] running install_data
[0.530s] running install_egg_info
[0.532s] removing '/home/mingyu/rosyolo_final/install/ros2yolo/lib/python3.8/site-packages/ros2yolo-0.0.0-py3.8.egg-info' (and everything under it)
[0.532s] Copying ../build/ros2yolo/ros2yolo.egg-info to /home/mingyu/rosyolo_final/install/ros2yolo/lib/python3.8/site-packages/ros2yolo-0.0.0-py3.8.egg-info
[0.533s] running install_scripts
[0.548s] Installing ros2_yolo script to /home/mingyu/rosyolo_final/install/ros2yolo/lib/ros2yolo
[0.548s] Installing yolo_map script to /home/mingyu/rosyolo_final/install/ros2yolo/lib/ros2yolo
[0.548s] writing list of installed files to '/home/mingyu/rosyolo_final/build/ros2yolo/install.log'
[0.566s] Invoked command in '/home/mingyu/rosyolo_final/ros2yolo' returned '0': AMENT_PREFIX_PATH=/home/mingyu/rosyolo_final/install/custom_msg:${AMENT_PREFIX_PATH} CMAKE_PREFIX_PATH=/home/mingyu/rosyolo_final/install/custom_msg:${CMAKE_PREFIX_PATH} LD_LIBRARY_PATH=/home/mingyu/rosyolo_final/install/custom_msg/lib:${LD_LIBRARY_PATH} PYTHONPATH=/home/mingyu/rosyolo_final/install/ros2yolo/lib/python3.8/site-packages:/home/mingyu/rosyolo_final/install/custom_msg/lib/python3.8/site-packages:${PYTHONPATH} /usr/bin/python3 setup.py egg_info --egg-base ../build/ros2yolo build --build-base /home/mingyu/rosyolo_final/build/ros2yolo/build install --prefix /home/mingyu/rosyolo_final/install/ros2yolo --record /home/mingyu/rosyolo_final/build/ros2yolo/install.log --single-version-externally-managed
