[0.323s] Invoking command in '/home/mingyu/rosyolo_final/ros2yolo': PYTHONPATH=/home/mingyu/rosyolo_final/install/ros2yolo/lib/python3.8/site-packages:/home/mingyu/rosyolo_final/install/custom_msg/lib/python3.8/site-packages:/home/mingyu/rosyolo_final/install/ros2yolo/lib/python3.8/site-packages:/opt/ros/foxy/lib/python3.8/site-packages:/opt/ros/noetic/lib/python3/dist-packages:/home/mingyu/COCO/cocodataset/api/cocoapi/PythonAPI:/home/mingyu/COCO/cocodataset/api3/cocoapi/PythonAPI /usr/bin/python3 setup.py egg_info --egg-base ../build/ros2yolo build --build-base /home/mingyu/rosyolo_final/build/ros2yolo/build install --prefix /home/mingyu/rosyolo_final/install/ros2yolo --record /home/mingyu/rosyolo_final/build/ros2yolo/install.log --single-version-externally-managed
[0.578s] running egg_info
[0.578s] writing ../build/ros2yolo/ros2yolo.egg-info/PKG-INFO
[0.579s] writing dependency_links to ../build/ros2yolo/ros2yolo.egg-info/dependency_links.txt
[0.579s] writing entry points to ../build/ros2yolo/ros2yolo.egg-info/entry_points.txt
[0.579s] writing requirements to ../build/ros2yolo/ros2yolo.egg-info/requires.txt
[0.580s] writing top-level names to ../build/ros2yolo/ros2yolo.egg-info/top_level.txt
[0.612s] reading manifest file '../build/ros2yolo/ros2yolo.egg-info/SOURCES.txt'
[0.614s] writing manifest file '../build/ros2yolo/ros2yolo.egg-info/SOURCES.txt'
[0.614s] running build
[0.614s] running build_py
[0.614s] copying ros2yolo/yolo_map.py -> /home/mingyu/rosyolo_final/build/ros2yolo/build/lib/ros2yolo
[0.614s] running install
[0.615s] running install_lib
[0.616s] copying /home/mingyu/rosyolo_final/build/ros2yolo/build/lib/ros2yolo/yolo_map.py -> /home/mingyu/rosyolo_final/install/ros2yolo/lib/python3.8/site-packages/ros2yolo
[0.617s] byte-compiling /home/mingyu/rosyolo_final/install/ros2yolo/lib/python3.8/site-packages/ros2yolo/yolo_map.py to yolo_map.cpython-38.pyc
[0.618s]   File "/home/mingyu/rosyolo_final/install/ros2yolo/lib/python3.8/site-packages/ros2yolo/yolo_map.py", line 29
[0.618s]     def point_mark(x1,x2,y1,y2,data)
[0.618s]                                        ^
[0.618s] SyntaxError: invalid syntax
[0.618s] 
[0.618s] running install_data
[0.618s] running install_egg_info
[0.620s] removing '/home/mingyu/rosyolo_final/install/ros2yolo/lib/python3.8/site-packages/ros2yolo-0.0.0-py3.8.egg-info' (and everything under it)
[0.620s] Copying ../build/ros2yolo/ros2yolo.egg-info to /home/mingyu/rosyolo_final/install/ros2yolo/lib/python3.8/site-packages/ros2yolo-0.0.0-py3.8.egg-info
[0.621s] running install_scripts
[0.636s] Installing ros2_yolo script to /home/mingyu/rosyolo_final/install/ros2yolo/lib/ros2yolo
[0.636s] Installing yolo_map script to /home/mingyu/rosyolo_final/install/ros2yolo/lib/ros2yolo
[0.637s] writing list of installed files to '/home/mingyu/rosyolo_final/build/ros2yolo/install.log'
[0.656s] Invoked command in '/home/mingyu/rosyolo_final/ros2yolo' returned '0': PYTHONPATH=/home/mingyu/rosyolo_final/install/ros2yolo/lib/python3.8/site-packages:/home/mingyu/rosyolo_final/install/custom_msg/lib/python3.8/site-packages:/home/mingyu/rosyolo_final/install/ros2yolo/lib/python3.8/site-packages:/opt/ros/foxy/lib/python3.8/site-packages:/opt/ros/noetic/lib/python3/dist-packages:/home/mingyu/COCO/cocodataset/api/cocoapi/PythonAPI:/home/mingyu/COCO/cocodataset/api3/cocoapi/PythonAPI /usr/bin/python3 setup.py egg_info --egg-base ../build/ros2yolo build --build-base /home/mingyu/rosyolo_final/build/ros2yolo/build install --prefix /home/mingyu/rosyolo_final/install/ros2yolo --record /home/mingyu/rosyolo_final/build/ros2yolo/install.log --single-version-externally-managed
