-- The C compiler identification is GNU 9.3.0
-- The CXX compiler identification is GNU 9.3.0
-- Detecting C compiler ABI info
-- Detecting C compiler ABI info - done
-- Check for working C compiler: /usr/bin/cc - skipped
-- Detecting C compile features
-- Detecting C compile features - done
-- Detecting CXX compiler ABI info
-- Detecting CXX compiler ABI info - done
-- Check for working CXX compiler: /usr/bin/c++ - skipped
-- Detecting CXX compile features
-- Detecting CXX compile features - done
-- Found ament_cmake: 0.9.8 (/opt/ros/foxy/share/ament_cmake/cmake)
-- Found PythonInterp: /usr/bin/python3 (found suitable version "3.8.5", minimum required is "3") 
-- Using PYTHON_EXECUTABLE: /usr/bin/python3
-- Found std_msgs: 2.0.3 (/opt/ros/foxy/share/std_msgs/cmake)
-- Using all available rosidl_typesupport_c: rosidl_typesupport_fastrtps_c;rosidl_typesupport_introspection_c
-- Found rosidl_adapter: 1.2.0 (/opt/ros/foxy/share/rosidl_adapter/cmake)
-- Found OpenSSL: /usr/lib/x86_64-linux-gnu/libcrypto.so (found version "1.1.1f")  
-- Found FastRTPS: /opt/ros/foxy/include  
-- Using all available rosidl_typesupport_cpp: rosidl_typesupport_fastrtps_cpp;rosidl_typesupport_introspection_cpp
-- Found geometry_msgs: 2.0.3 (/opt/ros/foxy/share/geometry_msgs/cmake)
-- Found sensor_msgs: 2.0.3 (/opt/ros/foxy/share/sensor_msgs/cmake)
-- Found ament_lint_auto: 0.9.6 (/opt/ros/foxy/share/ament_lint_auto/cmake)
-- Found rosidl_default_generators: 1.0.0 (/opt/ros/foxy/share/rosidl_default_generators/cmake)
-- Found PythonInterp: /usr/bin/python3 (found version "3.8.5") 
-- Found ament_cmake_ros: 0.9.1 (/opt/ros/foxy/share/ament_cmake_ros/cmake)
-- Using all available rosidl_typesupport_c: rosidl_typesupport_fastrtps_c;rosidl_typesupport_introspection_c
-- Using all available rosidl_typesupport_cpp: rosidl_typesupport_fastrtps_cpp;rosidl_typesupport_introspection_cpp
-- Found PythonInterp: /usr/bin/python3 (found suitable version "3.8.5", minimum required is "3.5") 
-- Found python_cmake_module: 0.8.0 (/opt/ros/foxy/share/python_cmake_module/cmake)
-- Found PythonLibs: /usr/lib/x86_64-linux-gnu/libpython3.8.so (found suitable version "3.8.5", minimum required is "3.5") 
-- Using PYTHON_EXECUTABLE: /usr/bin/python3
-- Using PYTHON_INCLUDE_DIRS: /usr/include/python3.8
-- Using PYTHON_LIBRARIES: /usr/lib/x86_64-linux-gnu/libpython3.8.so
-- Found PythonExtra: .so  
-- Configuring done
-- Generating done
-- Build files have been written to: /home/mingyu/rosyolo/vn300/src/custom_msg/build/custom_msg
[  3%] [34m[1mGenerating C code for ROS interfaces[0m
[  6%] [34m[1mGenerating C++ code for ROS interfaces[0m
[  6%] Built target custom_msg__cpp
[  9%] [34m[1mGenerating C++ type support dispatch for ROS interfaces[0m
[ 12%] [34m[1mGenerating C++ type support for eProsima Fast-RTPS[0m
[ 16%] [34m[1mGenerating C++ introspection for ROS interfaces[0m
[ 19%] [32mBuilding C object CMakeFiles/custom_msg__rosidl_generator_c.dir/rosidl_generator_c/custom_msg/msg/detail/vn300__functions.c.o[0m
[ 22%] [32m[1mLinking C shared library libcustom_msg__rosidl_generator_c.so[0m
[ 22%] Built target custom_msg__rosidl_generator_c
[ 25%] [34m[1mGenerating C type support dispatch for ROS interfaces[0m
[ 29%] [34m[1mGenerating C introspection for ROS interfaces[0m
[ 32%] [32mBuilding CXX object CMakeFiles/custom_msg__rosidl_typesupport_cpp.dir/rosidl_typesupport_cpp/custom_msg/msg/vn300__type_support.cpp.o[0m
[ 35%] [32mBuilding CXX object CMakeFiles/custom_msg__rosidl_typesupport_introspection_cpp.dir/rosidl_typesupport_introspection_cpp/custom_msg/msg/detail/vn300__type_support.cpp.o[0m
[ 38%] [32mBuilding CXX object CMakeFiles/custom_msg__rosidl_typesupport_fastrtps_cpp.dir/rosidl_typesupport_fastrtps_cpp/custom_msg/msg/detail/dds_fastrtps/vn300__type_support.cpp.o[0m
[ 41%] [32mBuilding CXX object CMakeFiles/custom_msg__rosidl_typesupport_c.dir/rosidl_typesupport_c/custom_msg/msg/vn300__type_support.cpp.o[0m
[ 45%] [32mBuilding C object CMakeFiles/custom_msg__rosidl_typesupport_introspection_c.dir/rosidl_typesupport_introspection_c/custom_msg/msg/detail/vn300__type_support.c.o[0m
[ 48%] [32m[1mLinking CXX shared library libcustom_msg__rosidl_typesupport_c.so[0m
[ 51%] [32m[1mLinking C shared library libcustom_msg__rosidl_typesupport_introspection_c.so[0m
[ 51%] Built target custom_msg__rosidl_typesupport_c
[ 51%] Built target custom_msg__rosidl_typesupport_introspection_c
[ 54%] [32m[1mLinking CXX shared library libcustom_msg__rosidl_typesupport_cpp.so[0m
[ 58%] [32m[1mLinking CXX shared library libcustom_msg__rosidl_typesupport_introspection_cpp.so[0m
[ 58%] Built target custom_msg__rosidl_typesupport_cpp
[ 58%] Built target custom_msg__rosidl_typesupport_introspection_cpp
[ 61%] [32m[1mLinking CXX shared library libcustom_msg__rosidl_typesupport_fastrtps_cpp.so[0m
[ 61%] Built target custom_msg__rosidl_typesupport_fastrtps_cpp
[ 64%] [34m[1mGenerating C type support for eProsima Fast-RTPS[0m
[ 67%] [32mBuilding CXX object CMakeFiles/custom_msg__rosidl_typesupport_fastrtps_c.dir/rosidl_typesupport_fastrtps_c/custom_msg/msg/detail/vn300__type_support_c.cpp.o[0m
[ 70%] [32m[1mLinking CXX shared library libcustom_msg__rosidl_typesupport_fastrtps_c.so[0m
[ 70%] Built target custom_msg__rosidl_typesupport_fastrtps_c
[ 70%] Built target custom_msg
[ 74%] [34m[1mGenerating Python code for ROS interfaces[0m
[ 74%] Built target custom_msg__py
[ 77%] [32mBuilding C object CMakeFiles/custom_msg__python.dir/rosidl_generator_py/custom_msg/msg/_vn300_s.c.o[0m
[ 80%] [32m[1mLinking C shared library rosidl_generator_py/custom_msg/libcustom_msg__python.so[0m
[ 80%] Built target custom_msg__python
[ 83%] [32mBuilding C object CMakeFiles/custom_msg__rosidl_typesupport_c__pyext.dir/rosidl_generator_py/custom_msg/_custom_msg_s.ep.rosidl_typesupport_c.c.o[0m
[ 87%] [32mBuilding C object CMakeFiles/custom_msg__rosidl_typesupport_fastrtps_c__pyext.dir/rosidl_generator_py/custom_msg/_custom_msg_s.ep.rosidl_typesupport_fastrtps_c.c.o[0m
[ 90%] [32mBuilding C object CMakeFiles/custom_msg__rosidl_typesupport_introspection_c__pyext.dir/rosidl_generator_py/custom_msg/_custom_msg_s.ep.rosidl_typesupport_introspection_c.c.o[0m
[ 96%] [32m[1mLinking C shared library rosidl_generator_py/custom_msg/custom_msg_s__rosidl_typesupport_introspection_c.cpython-38-x86_64-linux-gnu.so[0m
[ 96%] [32m[1mLinking C shared library rosidl_generator_py/custom_msg/custom_msg_s__rosidl_typesupport_c.cpython-38-x86_64-linux-gnu.so[0m
[100%] [32m[1mLinking CXX shared library rosidl_generator_py/custom_msg/custom_msg_s__rosidl_typesupport_fastrtps_c.cpython-38-x86_64-linux-gnu.so[0m
[100%] Built target custom_msg__rosidl_typesupport_c__pyext
[100%] Built target custom_msg__rosidl_typesupport_introspection_c__pyext
[100%] Built target custom_msg__rosidl_typesupport_fastrtps_c__pyext
-- Install configuration: ""
-- Installing: /home/mingyu/rosyolo/vn300/src/custom_msg/install/custom_msg/share/ament_index/resource_index/rosidl_interfaces/custom_msg
-- Installing: /home/mingyu/rosyolo/vn300/src/custom_msg/install/custom_msg/include/custom_msg
-- Installing: /home/mingyu/rosyolo/vn300/src/custom_msg/install/custom_msg/include/custom_msg/msg
-- Installing: /home/mingyu/rosyolo/vn300/src/custom_msg/install/custom_msg/include/custom_msg/msg/rosidl_generator_c__visibility_control.h
-- Installing: /home/mingyu/rosyolo/vn300/src/custom_msg/install/custom_msg/include/custom_msg/msg/vn300.h
-- Installing: /home/mingyu/rosyolo/vn300/src/custom_msg/install/custom_msg/include/custom_msg/msg/detail
-- Installing: /home/mingyu/rosyolo/vn300/src/custom_msg/install/custom_msg/include/custom_msg/msg/detail/vn300__functions.c
-- Installing: /home/mingyu/rosyolo/vn300/src/custom_msg/install/custom_msg/include/custom_msg/msg/detail/vn300__struct.h
-- Installing: /home/mingyu/rosyolo/vn300/src/custom_msg/install/custom_msg/include/custom_msg/msg/detail/vn300__functions.h
-- Installing: /home/mingyu/rosyolo/vn300/src/custom_msg/install/custom_msg/include/custom_msg/msg/detail/vn300__type_support.h
-- Installing: /home/mingyu/rosyolo/vn300/src/custom_msg/install/custom_msg/share/custom_msg/environment/library_path.sh
-- Installing: /home/mingyu/rosyolo/vn300/src/custom_msg/install/custom_msg/share/custom_msg/environment/library_path.dsv
-- Installing: /home/mingyu/rosyolo/vn300/src/custom_msg/install/custom_msg/lib/libcustom_msg__rosidl_generator_c.so
-- Set runtime path of "/home/mingyu/rosyolo/vn300/src/custom_msg/install/custom_msg/lib/libcustom_msg__rosidl_generator_c.so" to ""
-- Up-to-date: /home/mingyu/rosyolo/vn300/src/custom_msg/install/custom_msg/include/custom_msg
-- Up-to-date: /home/mingyu/rosyolo/vn300/src/custom_msg/install/custom_msg/include/custom_msg/msg
-- Installing: /home/mingyu/rosyolo/vn300/src/custom_msg/install/custom_msg/include/custom_msg/msg/rosidl_typesupport_fastrtps_c__visibility_control.h
-- Up-to-date: /home/mingyu/rosyolo/vn300/src/custom_msg/install/custom_msg/include/custom_msg/msg/detail
-- Installing: /home/mingyu/rosyolo/vn300/src/custom_msg/install/custom_msg/include/custom_msg/msg/detail/vn300__rosidl_typesupport_fastrtps_c.h
-- Installing: /home/mingyu/rosyolo/vn300/src/custom_msg/install/custom_msg/lib/libcustom_msg__rosidl_typesupport_fastrtps_c.so
-- Set runtime path of "/home/mingyu/rosyolo/vn300/src/custom_msg/install/custom_msg/lib/libcustom_msg__rosidl_typesupport_fastrtps_c.so" to ""
-- Up-to-date: /home/mingyu/rosyolo/vn300/src/custom_msg/install/custom_msg/include/custom_msg
-- Up-to-date: /home/mingyu/rosyolo/vn300/src/custom_msg/install/custom_msg/include/custom_msg/msg
-- Installing: /home/mingyu/rosyolo/vn300/src/custom_msg/install/custom_msg/include/custom_msg/msg/rosidl_typesupport_fastrtps_cpp__visibility_control.h
-- Up-to-date: /home/mingyu/rosyolo/vn300/src/custom_msg/install/custom_msg/include/custom_msg/msg/detail
-- Installing: /home/mingyu/rosyolo/vn300/src/custom_msg/install/custom_msg/include/custom_msg/msg/detail/vn300__rosidl_typesupport_fastrtps_cpp.hpp
-- Installing: /home/mingyu/rosyolo/vn300/src/custom_msg/install/custom_msg/include/custom_msg/msg/detail/dds_fastrtps
-- Installing: /home/mingyu/rosyolo/vn300/src/custom_msg/install/custom_msg/lib/libcustom_msg__rosidl_typesupport_fastrtps_cpp.so
-- Set runtime path of "/home/mingyu/rosyolo/vn300/src/custom_msg/install/custom_msg/lib/libcustom_msg__rosidl_typesupport_fastrtps_cpp.so" to ""
-- Up-to-date: /home/mingyu/rosyolo/vn300/src/custom_msg/install/custom_msg/include/custom_msg
-- Up-to-date: /home/mingyu/rosyolo/vn300/src/custom_msg/install/custom_msg/include/custom_msg/msg
-- Up-to-date: /home/mingyu/rosyolo/vn300/src/custom_msg/install/custom_msg/include/custom_msg/msg/detail
-- Installing: /home/mingyu/rosyolo/vn300/src/custom_msg/install/custom_msg/include/custom_msg/msg/detail/vn300__rosidl_typesupport_introspection_c.h
-- Installing: /home/mingyu/rosyolo/vn300/src/custom_msg/install/custom_msg/include/custom_msg/msg/detail/vn300__type_support.c
-- Installing: /home/mingyu/rosyolo/vn300/src/custom_msg/install/custom_msg/include/custom_msg/msg/rosidl_typesupport_introspection_c__visibility_control.h
-- Installing: /home/mingyu/rosyolo/vn300/src/custom_msg/install/custom_msg/lib/libcustom_msg__rosidl_typesupport_introspection_c.so
-- Set runtime path of "/home/mingyu/rosyolo/vn300/src/custom_msg/install/custom_msg/lib/libcustom_msg__rosidl_typesupport_introspection_c.so" to ""
-- Installing: /home/mingyu/rosyolo/vn300/src/custom_msg/install/custom_msg/lib/libcustom_msg__rosidl_typesupport_c.so
-- Set runtime path of "/home/mingyu/rosyolo/vn300/src/custom_msg/install/custom_msg/lib/libcustom_msg__rosidl_typesupport_c.so" to ""
-- Up-to-date: /home/mingyu/rosyolo/vn300/src/custom_msg/install/custom_msg/include/custom_msg
-- Up-to-date: /home/mingyu/rosyolo/vn300/src/custom_msg/install/custom_msg/include/custom_msg/msg
-- Installing: /home/mingyu/rosyolo/vn300/src/custom_msg/install/custom_msg/include/custom_msg/msg/vn300.hpp
-- Up-to-date: /home/mingyu/rosyolo/vn300/src/custom_msg/install/custom_msg/include/custom_msg/msg/detail
-- Installing: /home/mingyu/rosyolo/vn300/src/custom_msg/install/custom_msg/include/custom_msg/msg/detail/vn300__traits.hpp
-- Installing: /home/mingyu/rosyolo/vn300/src/custom_msg/install/custom_msg/include/custom_msg/msg/detail/vn300__builder.hpp
-- Installing: /home/mingyu/rosyolo/vn300/src/custom_msg/install/custom_msg/include/custom_msg/msg/detail/vn300__struct.hpp
-- Up-to-date: /home/mingyu/rosyolo/vn300/src/custom_msg/install/custom_msg/include/custom_msg
-- Up-to-date: /home/mingyu/rosyolo/vn300/src/custom_msg/install/custom_msg/include/custom_msg/msg
-- Up-to-date: /home/mingyu/rosyolo/vn300/src/custom_msg/install/custom_msg/include/custom_msg/msg/detail
-- Installing: /home/mingyu/rosyolo/vn300/src/custom_msg/install/custom_msg/include/custom_msg/msg/detail/vn300__rosidl_typesupport_introspection_cpp.hpp
-- Installing: /home/mingyu/rosyolo/vn300/src/custom_msg/install/custom_msg/include/custom_msg/msg/detail/vn300__type_support.cpp
-- Installing: /home/mingyu/rosyolo/vn300/src/custom_msg/install/custom_msg/lib/libcustom_msg__rosidl_typesupport_introspection_cpp.so
-- Set runtime path of "/home/mingyu/rosyolo/vn300/src/custom_msg/install/custom_msg/lib/libcustom_msg__rosidl_typesupport_introspection_cpp.so" to ""
-- Installing: /home/mingyu/rosyolo/vn300/src/custom_msg/install/custom_msg/lib/libcustom_msg__rosidl_typesupport_cpp.so
-- Set runtime path of "/home/mingyu/rosyolo/vn300/src/custom_msg/install/custom_msg/lib/libcustom_msg__rosidl_typesupport_cpp.so" to ""
-- Installing: /home/mingyu/rosyolo/vn300/src/custom_msg/install/custom_msg/share/custom_msg/environment/pythonpath.sh
-- Installing: /home/mingyu/rosyolo/vn300/src/custom_msg/install/custom_msg/share/custom_msg/environment/pythonpath.dsv
-- Installing: /home/mingyu/rosyolo/vn300/src/custom_msg/install/custom_msg/lib/python3.8/site-packages/custom_msg/__init__.py
Compiling '/home/mingyu/rosyolo/vn300/src/custom_msg/install/custom_msg/lib/python3.8/site-packages/custom_msg/__init__.py'...
-- Installing: /home/mingyu/rosyolo/vn300/src/custom_msg/install/custom_msg/lib/python3.8/site-packages/custom_msg/msg
-- Installing: /home/mingyu/rosyolo/vn300/src/custom_msg/install/custom_msg/lib/python3.8/site-packages/custom_msg/msg/__init__.py
-- Installing: /home/mingyu/rosyolo/vn300/src/custom_msg/install/custom_msg/lib/python3.8/site-packages/custom_msg/msg/_vn300_s.c
-- Installing: /home/mingyu/rosyolo/vn300/src/custom_msg/install/custom_msg/lib/python3.8/site-packages/custom_msg/msg/_vn300.py
-- Installing: /home/mingyu/rosyolo/vn300/src/custom_msg/install/custom_msg/lib/python3.8/site-packages/custom_msg/custom_msg_s__rosidl_typesupport_fastrtps_c.cpython-38-x86_64-linux-gnu.so
-- Set runtime path of "/home/mingyu/rosyolo/vn300/src/custom_msg/install/custom_msg/lib/python3.8/site-packages/custom_msg/custom_msg_s__rosidl_typesupport_fastrtps_c.cpython-38-x86_64-linux-gnu.so" to ""
-- Installing: /home/mingyu/rosyolo/vn300/src/custom_msg/install/custom_msg/lib/python3.8/site-packages/custom_msg/custom_msg_s__rosidl_typesupport_introspection_c.cpython-38-x86_64-linux-gnu.so
-- Set runtime path of "/home/mingyu/rosyolo/vn300/src/custom_msg/install/custom_msg/lib/python3.8/site-packages/custom_msg/custom_msg_s__rosidl_typesupport_introspection_c.cpython-38-x86_64-linux-gnu.so" to ""
-- Installing: /home/mingyu/rosyolo/vn300/src/custom_msg/install/custom_msg/lib/python3.8/site-packages/custom_msg/custom_msg_s__rosidl_typesupport_c.cpython-38-x86_64-linux-gnu.so
-- Set runtime path of "/home/mingyu/rosyolo/vn300/src/custom_msg/install/custom_msg/lib/python3.8/site-packages/custom_msg/custom_msg_s__rosidl_typesupport_c.cpython-38-x86_64-linux-gnu.so" to ""
-- Installing: /home/mingyu/rosyolo/vn300/src/custom_msg/install/custom_msg/lib/libcustom_msg__python.so
-- Set runtime path of "/home/mingyu/rosyolo/vn300/src/custom_msg/install/custom_msg/lib/libcustom_msg__python.so" to ""
-- Installing: /home/mingyu/rosyolo/vn300/src/custom_msg/install/custom_msg/share/custom_msg/msg/Vn300.idl
-- Installing: /home/mingyu/rosyolo/vn300/src/custom_msg/install/custom_msg/share/custom_msg/msg/Vn300.msg
-- Installing: /home/mingyu/rosyolo/vn300/src/custom_msg/install/custom_msg/share/ament_index/resource_index/package_run_dependencies/custom_msg
-- Installing: /home/mingyu/rosyolo/vn300/src/custom_msg/install/custom_msg/share/ament_index/resource_index/parent_prefix_path/custom_msg
-- Installing: /home/mingyu/rosyolo/vn300/src/custom_msg/install/custom_msg/share/custom_msg/environment/ament_prefix_path.sh
-- Installing: /home/mingyu/rosyolo/vn300/src/custom_msg/install/custom_msg/share/custom_msg/environment/ament_prefix_path.dsv
-- Installing: /home/mingyu/rosyolo/vn300/src/custom_msg/install/custom_msg/share/custom_msg/environment/path.sh
-- Installing: /home/mingyu/rosyolo/vn300/src/custom_msg/install/custom_msg/share/custom_msg/environment/path.dsv
-- Installing: /home/mingyu/rosyolo/vn300/src/custom_msg/install/custom_msg/share/custom_msg/local_setup.bash
-- Installing: /home/mingyu/rosyolo/vn300/src/custom_msg/install/custom_msg/share/custom_msg/local_setup.sh
-- Installing: /home/mingyu/rosyolo/vn300/src/custom_msg/install/custom_msg/share/custom_msg/local_setup.zsh
-- Installing: /home/mingyu/rosyolo/vn300/src/custom_msg/install/custom_msg/share/custom_msg/local_setup.dsv
-- Installing: /home/mingyu/rosyolo/vn300/src/custom_msg/install/custom_msg/share/custom_msg/package.dsv
-- Installing: /home/mingyu/rosyolo/vn300/src/custom_msg/install/custom_msg/share/ament_index/resource_index/packages/custom_msg
-- Installing: /home/mingyu/rosyolo/vn300/src/custom_msg/install/custom_msg/share/custom_msg/cmake/custom_msg__rosidl_generator_cExport.cmake
-- Installing: /home/mingyu/rosyolo/vn300/src/custom_msg/install/custom_msg/share/custom_msg/cmake/custom_msg__rosidl_generator_cExport-noconfig.cmake
-- Installing: /home/mingyu/rosyolo/vn300/src/custom_msg/install/custom_msg/share/custom_msg/cmake/custom_msg__rosidl_typesupport_introspection_cExport.cmake
-- Installing: /home/mingyu/rosyolo/vn300/src/custom_msg/install/custom_msg/share/custom_msg/cmake/custom_msg__rosidl_typesupport_introspection_cExport-noconfig.cmake
-- Installing: /home/mingyu/rosyolo/vn300/src/custom_msg/install/custom_msg/share/custom_msg/cmake/custom_msg__rosidl_typesupport_cExport.cmake
-- Installing: /home/mingyu/rosyolo/vn300/src/custom_msg/install/custom_msg/share/custom_msg/cmake/custom_msg__rosidl_typesupport_cExport-noconfig.cmake
-- Installing: /home/mingyu/rosyolo/vn300/src/custom_msg/install/custom_msg/share/custom_msg/cmake/custom_msg__rosidl_generator_cppExport.cmake
-- Installing: /home/mingyu/rosyolo/vn300/src/custom_msg/install/custom_msg/share/custom_msg/cmake/custom_msg__rosidl_typesupport_introspection_cppExport.cmake
-- Installing: /home/mingyu/rosyolo/vn300/src/custom_msg/install/custom_msg/share/custom_msg/cmake/custom_msg__rosidl_typesupport_introspection_cppExport-noconfig.cmake
-- Installing: /home/mingyu/rosyolo/vn300/src/custom_msg/install/custom_msg/share/custom_msg/cmake/custom_msg__rosidl_typesupport_cppExport.cmake
-- Installing: /home/mingyu/rosyolo/vn300/src/custom_msg/install/custom_msg/share/custom_msg/cmake/custom_msg__rosidl_typesupport_cppExport-noconfig.cmake
-- Installing: /home/mingyu/rosyolo/vn300/src/custom_msg/install/custom_msg/share/custom_msg/cmake/rosidl_cmake-extras.cmake
-- Installing: /home/mingyu/rosyolo/vn300/src/custom_msg/install/custom_msg/share/custom_msg/cmake/ament_cmake_export_dependencies-extras.cmake
-- Installing: /home/mingyu/rosyolo/vn300/src/custom_msg/install/custom_msg/share/custom_msg/cmake/ament_cmake_export_libraries-extras.cmake
-- Installing: /home/mingyu/rosyolo/vn300/src/custom_msg/install/custom_msg/share/custom_msg/cmake/ament_cmake_export_targets-extras.cmake
-- Installing: /home/mingyu/rosyolo/vn300/src/custom_msg/install/custom_msg/share/custom_msg/cmake/ament_cmake_export_include_directories-extras.cmake
-- Installing: /home/mingyu/rosyolo/vn300/src/custom_msg/install/custom_msg/share/custom_msg/cmake/rosidl_cmake_export_typesupport_libraries-extras.cmake
-- Installing: /home/mingyu/rosyolo/vn300/src/custom_msg/install/custom_msg/share/custom_msg/cmake/rosidl_cmake_export_typesupport_targets-extras.cmake
-- Installing: /home/mingyu/rosyolo/vn300/src/custom_msg/install/custom_msg/share/custom_msg/cmake/custom_msgConfig.cmake
-- Installing: /home/mingyu/rosyolo/vn300/src/custom_msg/install/custom_msg/share/custom_msg/cmake/custom_msgConfig-version.cmake
-- Installing: /home/mingyu/rosyolo/vn300/src/custom_msg/install/custom_msg/share/custom_msg/package.xml
