[0.011s] Invoking command in '/home/mingyu/rosyolo/vn300/src/custom_msg/build/custom_msg': CMAKE_PREFIX_PATH=/opt/ros/foxy:${CMAKE_PREFIX_PATH} /usr/local/bin/cmake /home/mingyu/rosyolo/vn300/src/custom_msg -DCMAKE_INSTALL_PREFIX=/home/mingyu/rosyolo/vn300/src/custom_msg/install/custom_msg
[0.049s] -- The C compiler identification is GNU 9.3.0
[0.093s] -- The CXX compiler identification is GNU 9.3.0
[0.099s] -- Detecting C compiler ABI info
[0.140s] -- Detecting C compiler ABI info - done
[0.147s] -- Check for working C compiler: /usr/bin/cc - skipped
[0.148s] -- Detecting C compile features
[0.148s] -- Detecting C compile features - done
[0.151s] -- Detecting CXX compiler ABI info
[0.199s] -- Detecting CXX compiler ABI info - done
[0.206s] -- Check for working CXX compiler: /usr/bin/c++ - skipped
[0.206s] -- Detecting CXX compile features
[0.207s] -- Detecting CXX compile features - done
[0.208s] -- Found ament_cmake: 0.9.8 (/opt/ros/foxy/share/ament_cmake/cmake)
[0.229s] -- Found PythonInterp: /usr/bin/python3 (found suitable version "3.8.5", minimum required is "3") 
[0.229s] -- Using PYTHON_EXECUTABLE: /usr/bin/python3
[0.429s] -- Found std_msgs: 2.0.3 (/opt/ros/foxy/share/std_msgs/cmake)
[0.453s] -- Using all available rosidl_typesupport_c: rosidl_typesupport_fastrtps_c;rosidl_typesupport_introspection_c
[0.457s] -- Found rosidl_adapter: 1.2.0 (/opt/ros/foxy/share/rosidl_adapter/cmake)
[0.519s] -- Found OpenSSL: /usr/lib/x86_64-linux-gnu/libcrypto.so (found version "1.1.1f")  
[0.545s] -- Found FastRTPS: /opt/ros/foxy/include  
[0.605s] -- Using all available rosidl_typesupport_cpp: rosidl_typesupport_fastrtps_cpp;rosidl_typesupport_introspection_cpp
[0.644s] -- Found geometry_msgs: 2.0.3 (/opt/ros/foxy/share/geometry_msgs/cmake)
[0.679s] -- Found sensor_msgs: 2.0.3 (/opt/ros/foxy/share/sensor_msgs/cmake)
[0.742s] -- Found ament_lint_auto: 0.9.6 (/opt/ros/foxy/share/ament_lint_auto/cmake)
[0.804s] -- Found rosidl_default_generators: 1.0.0 (/opt/ros/foxy/share/rosidl_default_generators/cmake)
[0.830s] -- Found PythonInterp: /usr/bin/python3 (found version "3.8.5") 
[0.950s] -- Found ament_cmake_ros: 0.9.1 (/opt/ros/foxy/share/ament_cmake_ros/cmake)
[1.182s] -- Using all available rosidl_typesupport_c: rosidl_typesupport_fastrtps_c;rosidl_typesupport_introspection_c
[1.289s] -- Using all available rosidl_typesupport_cpp: rosidl_typesupport_fastrtps_cpp;rosidl_typesupport_introspection_cpp
[1.311s] -- Found PythonInterp: /usr/bin/python3 (found suitable version "3.8.5", minimum required is "3.5") 
[1.312s] -- Found python_cmake_module: 0.8.0 (/opt/ros/foxy/share/python_cmake_module/cmake)
[1.337s] -- Found PythonLibs: /usr/lib/x86_64-linux-gnu/libpython3.8.so (found suitable version "3.8.5", minimum required is "3.5") 
[1.337s] -- Using PYTHON_EXECUTABLE: /usr/bin/python3
[1.337s] -- Using PYTHON_INCLUDE_DIRS: /usr/include/python3.8
[1.337s] -- Using PYTHON_LIBRARIES: /usr/lib/x86_64-linux-gnu/libpython3.8.so
[1.355s] -- Found PythonExtra: .so  
[1.434s] -- Configuring done
[1.475s] -- Generating done
[1.477s] -- Build files have been written to: /home/mingyu/rosyolo/vn300/src/custom_msg/build/custom_msg
[1.482s] Invoked command in '/home/mingyu/rosyolo/vn300/src/custom_msg/build/custom_msg' returned '0': CMAKE_PREFIX_PATH=/opt/ros/foxy:${CMAKE_PREFIX_PATH} /usr/local/bin/cmake /home/mingyu/rosyolo/vn300/src/custom_msg -DCMAKE_INSTALL_PREFIX=/home/mingyu/rosyolo/vn300/src/custom_msg/install/custom_msg
[1.484s] Invoking command in '/home/mingyu/rosyolo/vn300/src/custom_msg/build/custom_msg': CMAKE_PREFIX_PATH=/opt/ros/foxy:${CMAKE_PREFIX_PATH} /usr/local/bin/cmake --build /home/mingyu/rosyolo/vn300/src/custom_msg/build/custom_msg -- -j12 -l12
[1.499s] [  3%] [34m[1mGenerating C code for ROS interfaces[0m
[1.503s] [  6%] [34m[1mGenerating C++ code for ROS interfaces[0m
[1.677s] [  6%] Built target custom_msg__cpp
[1.681s] [  9%] [34m[1mGenerating C++ type support dispatch for ROS interfaces[0m
[1.681s] [ 12%] [34m[1mGenerating C++ type support for eProsima Fast-RTPS[0m
[1.681s] [ 16%] [34m[1mGenerating C++ introspection for ROS interfaces[0m
[1.684s] [ 19%] [32mBuilding C object CMakeFiles/custom_msg__rosidl_generator_c.dir/rosidl_generator_c/custom_msg/msg/detail/vn300__functions.c.o[0m
[1.721s] [ 22%] [32m[1mLinking C shared library libcustom_msg__rosidl_generator_c.so[0m
[1.749s] [ 22%] Built target custom_msg__rosidl_generator_c
[1.753s] [ 25%] [34m[1mGenerating C type support dispatch for ROS interfaces[0m
[1.753s] [ 29%] [34m[1mGenerating C introspection for ROS interfaces[0m
[1.849s] [ 32%] [32mBuilding CXX object CMakeFiles/custom_msg__rosidl_typesupport_cpp.dir/rosidl_typesupport_cpp/custom_msg/msg/vn300__type_support.cpp.o[0m
[1.858s] [ 35%] [32mBuilding CXX object CMakeFiles/custom_msg__rosidl_typesupport_introspection_cpp.dir/rosidl_typesupport_introspection_cpp/custom_msg/msg/detail/vn300__type_support.cpp.o[0m
[1.863s] [ 38%] [32mBuilding CXX object CMakeFiles/custom_msg__rosidl_typesupport_fastrtps_cpp.dir/rosidl_typesupport_fastrtps_cpp/custom_msg/msg/detail/dds_fastrtps/vn300__type_support.cpp.o[0m
[1.918s] [ 41%] [32mBuilding CXX object CMakeFiles/custom_msg__rosidl_typesupport_c.dir/rosidl_typesupport_c/custom_msg/msg/vn300__type_support.cpp.o[0m
[1.933s] [ 45%] [32mBuilding C object CMakeFiles/custom_msg__rosidl_typesupport_introspection_c.dir/rosidl_typesupport_introspection_c/custom_msg/msg/detail/vn300__type_support.c.o[0m
[1.942s] [ 48%] [32m[1mLinking CXX shared library libcustom_msg__rosidl_typesupport_c.so[0m
[1.956s] [ 51%] [32m[1mLinking C shared library libcustom_msg__rosidl_typesupport_introspection_c.so[0m
[1.968s] [ 51%] Built target custom_msg__rosidl_typesupport_c
[1.973s] [ 51%] Built target custom_msg__rosidl_typesupport_introspection_c
[2.107s] [ 54%] [32m[1mLinking CXX shared library libcustom_msg__rosidl_typesupport_cpp.so[0m
[2.116s] [ 58%] [32m[1mLinking CXX shared library libcustom_msg__rosidl_typesupport_introspection_cpp.so[0m
[2.134s] [ 58%] Built target custom_msg__rosidl_typesupport_cpp
[2.158s] [ 58%] Built target custom_msg__rosidl_typesupport_introspection_cpp
[2.226s] [ 61%] [32m[1mLinking CXX shared library libcustom_msg__rosidl_typesupport_fastrtps_cpp.so[0m
[2.285s] [ 61%] Built target custom_msg__rosidl_typesupport_fastrtps_cpp
[2.289s] [ 64%] [34m[1mGenerating C type support for eProsima Fast-RTPS[0m
[2.465s] [ 67%] [32mBuilding CXX object CMakeFiles/custom_msg__rosidl_typesupport_fastrtps_c.dir/rosidl_typesupport_fastrtps_c/custom_msg/msg/detail/vn300__type_support_c.cpp.o[0m
[2.756s] [ 70%] [32m[1mLinking CXX shared library libcustom_msg__rosidl_typesupport_fastrtps_c.so[0m
[2.814s] [ 70%] Built target custom_msg__rosidl_typesupport_fastrtps_c
[2.822s] [ 70%] Built target custom_msg
[2.829s] [ 74%] [34m[1mGenerating Python code for ROS interfaces[0m
[3.142s] [ 74%] Built target custom_msg__py
[3.149s] [ 77%] [32mBuilding C object CMakeFiles/custom_msg__python.dir/rosidl_generator_py/custom_msg/msg/_vn300_s.c.o[0m
[3.234s] [ 80%] [32m[1mLinking C shared library rosidl_generator_py/custom_msg/libcustom_msg__python.so[0m
[3.263s] [ 80%] Built target custom_msg__python
[3.271s] [ 83%] [32mBuilding C object CMakeFiles/custom_msg__rosidl_typesupport_c__pyext.dir/rosidl_generator_py/custom_msg/_custom_msg_s.ep.rosidl_typesupport_c.c.o[0m
[3.271s] [ 87%] [32mBuilding C object CMakeFiles/custom_msg__rosidl_typesupport_fastrtps_c__pyext.dir/rosidl_generator_py/custom_msg/_custom_msg_s.ep.rosidl_typesupport_fastrtps_c.c.o[0m
[3.271s] [ 90%] [32mBuilding C object CMakeFiles/custom_msg__rosidl_typesupport_introspection_c__pyext.dir/rosidl_generator_py/custom_msg/_custom_msg_s.ep.rosidl_typesupport_introspection_c.c.o[0m
[3.331s] [ 96%] [32m[1mLinking C shared library rosidl_generator_py/custom_msg/custom_msg_s__rosidl_typesupport_introspection_c.cpython-38-x86_64-linux-gnu.so[0m
[3.331s] [ 96%] [32m[1mLinking C shared library rosidl_generator_py/custom_msg/custom_msg_s__rosidl_typesupport_c.cpython-38-x86_64-linux-gnu.so[0m
[3.331s] [100%] [32m[1mLinking CXX shared library rosidl_generator_py/custom_msg/custom_msg_s__rosidl_typesupport_fastrtps_c.cpython-38-x86_64-linux-gnu.so[0m
[3.355s] [100%] Built target custom_msg__rosidl_typesupport_c__pyext
[3.355s] [100%] Built target custom_msg__rosidl_typesupport_introspection_c__pyext
[3.379s] [100%] Built target custom_msg__rosidl_typesupport_fastrtps_c__pyext
[3.383s] Invoked command in '/home/mingyu/rosyolo/vn300/src/custom_msg/build/custom_msg' returned '0': CMAKE_PREFIX_PATH=/opt/ros/foxy:${CMAKE_PREFIX_PATH} /usr/local/bin/cmake --build /home/mingyu/rosyolo/vn300/src/custom_msg/build/custom_msg -- -j12 -l12
[3.422s] Invoking command in '/home/mingyu/rosyolo/vn300/src/custom_msg/build/custom_msg': CMAKE_PREFIX_PATH=/opt/ros/foxy:${CMAKE_PREFIX_PATH} /usr/local/bin/cmake --install /home/mingyu/rosyolo/vn300/src/custom_msg/build/custom_msg
[3.425s] -- Install configuration: ""
[3.425s] -- Installing: /home/mingyu/rosyolo/vn300/src/custom_msg/install/custom_msg/share/ament_index/resource_index/rosidl_interfaces/custom_msg
[3.425s] -- Installing: /home/mingyu/rosyolo/vn300/src/custom_msg/install/custom_msg/include/custom_msg
[3.425s] -- Installing: /home/mingyu/rosyolo/vn300/src/custom_msg/install/custom_msg/include/custom_msg/msg
[3.425s] -- Installing: /home/mingyu/rosyolo/vn300/src/custom_msg/install/custom_msg/include/custom_msg/msg/rosidl_generator_c__visibility_control.h
[3.425s] -- Installing: /home/mingyu/rosyolo/vn300/src/custom_msg/install/custom_msg/include/custom_msg/msg/vn300.h
[3.426s] -- Installing: /home/mingyu/rosyolo/vn300/src/custom_msg/install/custom_msg/include/custom_msg/msg/detail
[3.426s] -- Installing: /home/mingyu/rosyolo/vn300/src/custom_msg/install/custom_msg/include/custom_msg/msg/detail/vn300__functions.c
[3.426s] -- Installing: /home/mingyu/rosyolo/vn300/src/custom_msg/install/custom_msg/include/custom_msg/msg/detail/vn300__struct.h
[3.426s] -- Installing: /home/mingyu/rosyolo/vn300/src/custom_msg/install/custom_msg/include/custom_msg/msg/detail/vn300__functions.h
[3.426s] -- Installing: /home/mingyu/rosyolo/vn300/src/custom_msg/install/custom_msg/include/custom_msg/msg/detail/vn300__type_support.h
[3.426s] -- Installing: /home/mingyu/rosyolo/vn300/src/custom_msg/install/custom_msg/share/custom_msg/environment/library_path.sh
[3.426s] -- Installing: /home/mingyu/rosyolo/vn300/src/custom_msg/install/custom_msg/share/custom_msg/environment/library_path.dsv
[3.426s] -- Installing: /home/mingyu/rosyolo/vn300/src/custom_msg/install/custom_msg/lib/libcustom_msg__rosidl_generator_c.so
[3.426s] -- Set runtime path of "/home/mingyu/rosyolo/vn300/src/custom_msg/install/custom_msg/lib/libcustom_msg__rosidl_generator_c.so" to ""
[3.426s] -- Up-to-date: /home/mingyu/rosyolo/vn300/src/custom_msg/install/custom_msg/include/custom_msg
[3.426s] -- Up-to-date: /home/mingyu/rosyolo/vn300/src/custom_msg/install/custom_msg/include/custom_msg/msg
[3.426s] -- Installing: /home/mingyu/rosyolo/vn300/src/custom_msg/install/custom_msg/include/custom_msg/msg/rosidl_typesupport_fastrtps_c__visibility_control.h
[3.426s] -- Up-to-date: /home/mingyu/rosyolo/vn300/src/custom_msg/install/custom_msg/include/custom_msg/msg/detail
[3.426s] -- Installing: /home/mingyu/rosyolo/vn300/src/custom_msg/install/custom_msg/include/custom_msg/msg/detail/vn300__rosidl_typesupport_fastrtps_c.h
[3.427s] -- Installing: /home/mingyu/rosyolo/vn300/src/custom_msg/install/custom_msg/lib/libcustom_msg__rosidl_typesupport_fastrtps_c.so
[3.427s] -- Set runtime path of "/home/mingyu/rosyolo/vn300/src/custom_msg/install/custom_msg/lib/libcustom_msg__rosidl_typesupport_fastrtps_c.so" to ""
[3.427s] -- Up-to-date: /home/mingyu/rosyolo/vn300/src/custom_msg/install/custom_msg/include/custom_msg
[3.427s] -- Up-to-date: /home/mingyu/rosyolo/vn300/src/custom_msg/install/custom_msg/include/custom_msg/msg
[3.427s] -- Installing: /home/mingyu/rosyolo/vn300/src/custom_msg/install/custom_msg/include/custom_msg/msg/rosidl_typesupport_fastrtps_cpp__visibility_control.h
[3.427s] -- Up-to-date: /home/mingyu/rosyolo/vn300/src/custom_msg/install/custom_msg/include/custom_msg/msg/detail
[3.427s] -- Installing: /home/mingyu/rosyolo/vn300/src/custom_msg/install/custom_msg/include/custom_msg/msg/detail/vn300__rosidl_typesupport_fastrtps_cpp.hpp
[3.427s] -- Installing: /home/mingyu/rosyolo/vn300/src/custom_msg/install/custom_msg/include/custom_msg/msg/detail/dds_fastrtps
[3.427s] -- Installing: /home/mingyu/rosyolo/vn300/src/custom_msg/install/custom_msg/lib/libcustom_msg__rosidl_typesupport_fastrtps_cpp.so
[3.427s] -- Set runtime path of "/home/mingyu/rosyolo/vn300/src/custom_msg/install/custom_msg/lib/libcustom_msg__rosidl_typesupport_fastrtps_cpp.so" to ""
[3.427s] -- Up-to-date: /home/mingyu/rosyolo/vn300/src/custom_msg/install/custom_msg/include/custom_msg
[3.427s] -- Up-to-date: /home/mingyu/rosyolo/vn300/src/custom_msg/install/custom_msg/include/custom_msg/msg
[3.427s] -- Up-to-date: /home/mingyu/rosyolo/vn300/src/custom_msg/install/custom_msg/include/custom_msg/msg/detail
[3.428s] -- Installing: /home/mingyu/rosyolo/vn300/src/custom_msg/install/custom_msg/include/custom_msg/msg/detail/vn300__rosidl_typesupport_introspection_c.h
[3.428s] -- Installing: /home/mingyu/rosyolo/vn300/src/custom_msg/install/custom_msg/include/custom_msg/msg/detail/vn300__type_support.c
[3.428s] -- Installing: /home/mingyu/rosyolo/vn300/src/custom_msg/install/custom_msg/include/custom_msg/msg/rosidl_typesupport_introspection_c__visibility_control.h
[3.428s] -- Installing: /home/mingyu/rosyolo/vn300/src/custom_msg/install/custom_msg/lib/libcustom_msg__rosidl_typesupport_introspection_c.so
[3.428s] -- Set runtime path of "/home/mingyu/rosyolo/vn300/src/custom_msg/install/custom_msg/lib/libcustom_msg__rosidl_typesupport_introspection_c.so" to ""
[3.428s] -- Installing: /home/mingyu/rosyolo/vn300/src/custom_msg/install/custom_msg/lib/libcustom_msg__rosidl_typesupport_c.so
[3.428s] -- Set runtime path of "/home/mingyu/rosyolo/vn300/src/custom_msg/install/custom_msg/lib/libcustom_msg__rosidl_typesupport_c.so" to ""
[3.428s] -- Up-to-date: /home/mingyu/rosyolo/vn300/src/custom_msg/install/custom_msg/include/custom_msg
[3.428s] -- Up-to-date: /home/mingyu/rosyolo/vn300/src/custom_msg/install/custom_msg/include/custom_msg/msg
[3.428s] -- Installing: /home/mingyu/rosyolo/vn300/src/custom_msg/install/custom_msg/include/custom_msg/msg/vn300.hpp
[3.428s] -- Up-to-date: /home/mingyu/rosyolo/vn300/src/custom_msg/install/custom_msg/include/custom_msg/msg/detail
[3.428s] -- Installing: /home/mingyu/rosyolo/vn300/src/custom_msg/install/custom_msg/include/custom_msg/msg/detail/vn300__traits.hpp
[3.428s] -- Installing: /home/mingyu/rosyolo/vn300/src/custom_msg/install/custom_msg/include/custom_msg/msg/detail/vn300__builder.hpp
[3.428s] -- Installing: /home/mingyu/rosyolo/vn300/src/custom_msg/install/custom_msg/include/custom_msg/msg/detail/vn300__struct.hpp
[3.429s] -- Up-to-date: /home/mingyu/rosyolo/vn300/src/custom_msg/install/custom_msg/include/custom_msg
[3.429s] -- Up-to-date: /home/mingyu/rosyolo/vn300/src/custom_msg/install/custom_msg/include/custom_msg/msg
[3.429s] -- Up-to-date: /home/mingyu/rosyolo/vn300/src/custom_msg/install/custom_msg/include/custom_msg/msg/detail
[3.429s] -- Installing: /home/mingyu/rosyolo/vn300/src/custom_msg/install/custom_msg/include/custom_msg/msg/detail/vn300__rosidl_typesupport_introspection_cpp.hpp
[3.429s] -- Installing: /home/mingyu/rosyolo/vn300/src/custom_msg/install/custom_msg/include/custom_msg/msg/detail/vn300__type_support.cpp
[3.429s] -- Installing: /home/mingyu/rosyolo/vn300/src/custom_msg/install/custom_msg/lib/libcustom_msg__rosidl_typesupport_introspection_cpp.so
[3.429s] -- Set runtime path of "/home/mingyu/rosyolo/vn300/src/custom_msg/install/custom_msg/lib/libcustom_msg__rosidl_typesupport_introspection_cpp.so" to ""
[3.429s] -- Installing: /home/mingyu/rosyolo/vn300/src/custom_msg/install/custom_msg/lib/libcustom_msg__rosidl_typesupport_cpp.so
[3.429s] -- Set runtime path of "/home/mingyu/rosyolo/vn300/src/custom_msg/install/custom_msg/lib/libcustom_msg__rosidl_typesupport_cpp.so" to ""
[3.429s] -- Installing: /home/mingyu/rosyolo/vn300/src/custom_msg/install/custom_msg/share/custom_msg/environment/pythonpath.sh
[3.429s] -- Installing: /home/mingyu/rosyolo/vn300/src/custom_msg/install/custom_msg/share/custom_msg/environment/pythonpath.dsv
[3.429s] -- Installing: /home/mingyu/rosyolo/vn300/src/custom_msg/install/custom_msg/lib/python3.8/site-packages/custom_msg/__init__.py
[3.455s] Compiling '/home/mingyu/rosyolo/vn300/src/custom_msg/install/custom_msg/lib/python3.8/site-packages/custom_msg/__init__.py'...
[3.458s] -- Installing: /home/mingyu/rosyolo/vn300/src/custom_msg/install/custom_msg/lib/python3.8/site-packages/custom_msg/msg
[3.458s] -- Installing: /home/mingyu/rosyolo/vn300/src/custom_msg/install/custom_msg/lib/python3.8/site-packages/custom_msg/msg/__init__.py
[3.458s] -- Installing: /home/mingyu/rosyolo/vn300/src/custom_msg/install/custom_msg/lib/python3.8/site-packages/custom_msg/msg/_vn300_s.c
[3.459s] -- Installing: /home/mingyu/rosyolo/vn300/src/custom_msg/install/custom_msg/lib/python3.8/site-packages/custom_msg/msg/_vn300.py
[3.459s] -- Installing: /home/mingyu/rosyolo/vn300/src/custom_msg/install/custom_msg/lib/python3.8/site-packages/custom_msg/custom_msg_s__rosidl_typesupport_fastrtps_c.cpython-38-x86_64-linux-gnu.so
[3.459s] -- Set runtime path of "/home/mingyu/rosyolo/vn300/src/custom_msg/install/custom_msg/lib/python3.8/site-packages/custom_msg/custom_msg_s__rosidl_typesupport_fastrtps_c.cpython-38-x86_64-linux-gnu.so" to ""
[3.459s] -- Installing: /home/mingyu/rosyolo/vn300/src/custom_msg/install/custom_msg/lib/python3.8/site-packages/custom_msg/custom_msg_s__rosidl_typesupport_introspection_c.cpython-38-x86_64-linux-gnu.so
[3.459s] -- Set runtime path of "/home/mingyu/rosyolo/vn300/src/custom_msg/install/custom_msg/lib/python3.8/site-packages/custom_msg/custom_msg_s__rosidl_typesupport_introspection_c.cpython-38-x86_64-linux-gnu.so" to ""
[3.459s] -- Installing: /home/mingyu/rosyolo/vn300/src/custom_msg/install/custom_msg/lib/python3.8/site-packages/custom_msg/custom_msg_s__rosidl_typesupport_c.cpython-38-x86_64-linux-gnu.so
[3.459s] -- Set runtime path of "/home/mingyu/rosyolo/vn300/src/custom_msg/install/custom_msg/lib/python3.8/site-packages/custom_msg/custom_msg_s__rosidl_typesupport_c.cpython-38-x86_64-linux-gnu.so" to ""
[3.459s] -- Installing: /home/mingyu/rosyolo/vn300/src/custom_msg/install/custom_msg/lib/libcustom_msg__python.so
[3.459s] -- Set runtime path of "/home/mingyu/rosyolo/vn300/src/custom_msg/install/custom_msg/lib/libcustom_msg__python.so" to ""
[3.459s] -- Installing: /home/mingyu/rosyolo/vn300/src/custom_msg/install/custom_msg/share/custom_msg/msg/Vn300.idl
[3.459s] -- Installing: /home/mingyu/rosyolo/vn300/src/custom_msg/install/custom_msg/share/custom_msg/msg/Vn300.msg
[3.460s] -- Installing: /home/mingyu/rosyolo/vn300/src/custom_msg/install/custom_msg/share/ament_index/resource_index/package_run_dependencies/custom_msg
[3.460s] -- Installing: /home/mingyu/rosyolo/vn300/src/custom_msg/install/custom_msg/share/ament_index/resource_index/parent_prefix_path/custom_msg
[3.460s] -- Installing: /home/mingyu/rosyolo/vn300/src/custom_msg/install/custom_msg/share/custom_msg/environment/ament_prefix_path.sh
[3.460s] -- Installing: /home/mingyu/rosyolo/vn300/src/custom_msg/install/custom_msg/share/custom_msg/environment/ament_prefix_path.dsv
[3.460s] -- Installing: /home/mingyu/rosyolo/vn300/src/custom_msg/install/custom_msg/share/custom_msg/environment/path.sh
[3.460s] -- Installing: /home/mingyu/rosyolo/vn300/src/custom_msg/install/custom_msg/share/custom_msg/environment/path.dsv
[3.460s] -- Installing: /home/mingyu/rosyolo/vn300/src/custom_msg/install/custom_msg/share/custom_msg/local_setup.bash
[3.460s] -- Installing: /home/mingyu/rosyolo/vn300/src/custom_msg/install/custom_msg/share/custom_msg/local_setup.sh
[3.460s] -- Installing: /home/mingyu/rosyolo/vn300/src/custom_msg/install/custom_msg/share/custom_msg/local_setup.zsh
[3.460s] -- Installing: /home/mingyu/rosyolo/vn300/src/custom_msg/install/custom_msg/share/custom_msg/local_setup.dsv
[3.460s] -- Installing: /home/mingyu/rosyolo/vn300/src/custom_msg/install/custom_msg/share/custom_msg/package.dsv
[3.461s] -- Installing: /home/mingyu/rosyolo/vn300/src/custom_msg/install/custom_msg/share/ament_index/resource_index/packages/custom_msg
[3.461s] -- Installing: /home/mingyu/rosyolo/vn300/src/custom_msg/install/custom_msg/share/custom_msg/cmake/custom_msg__rosidl_generator_cExport.cmake
[3.461s] -- Installing: /home/mingyu/rosyolo/vn300/src/custom_msg/install/custom_msg/share/custom_msg/cmake/custom_msg__rosidl_generator_cExport-noconfig.cmake
[3.461s] -- Installing: /home/mingyu/rosyolo/vn300/src/custom_msg/install/custom_msg/share/custom_msg/cmake/custom_msg__rosidl_typesupport_introspection_cExport.cmake
[3.461s] -- Installing: /home/mingyu/rosyolo/vn300/src/custom_msg/install/custom_msg/share/custom_msg/cmake/custom_msg__rosidl_typesupport_introspection_cExport-noconfig.cmake
[3.461s] -- Installing: /home/mingyu/rosyolo/vn300/src/custom_msg/install/custom_msg/share/custom_msg/cmake/custom_msg__rosidl_typesupport_cExport.cmake
[3.461s] -- Installing: /home/mingyu/rosyolo/vn300/src/custom_msg/install/custom_msg/share/custom_msg/cmake/custom_msg__rosidl_typesupport_cExport-noconfig.cmake
[3.461s] -- Installing: /home/mingyu/rosyolo/vn300/src/custom_msg/install/custom_msg/share/custom_msg/cmake/custom_msg__rosidl_generator_cppExport.cmake
[3.461s] -- Installing: /home/mingyu/rosyolo/vn300/src/custom_msg/install/custom_msg/share/custom_msg/cmake/custom_msg__rosidl_typesupport_introspection_cppExport.cmake
[3.461s] -- Installing: /home/mingyu/rosyolo/vn300/src/custom_msg/install/custom_msg/share/custom_msg/cmake/custom_msg__rosidl_typesupport_introspection_cppExport-noconfig.cmake
[3.462s] -- Installing: /home/mingyu/rosyolo/vn300/src/custom_msg/install/custom_msg/share/custom_msg/cmake/custom_msg__rosidl_typesupport_cppExport.cmake
[3.462s] -- Installing: /home/mingyu/rosyolo/vn300/src/custom_msg/install/custom_msg/share/custom_msg/cmake/custom_msg__rosidl_typesupport_cppExport-noconfig.cmake
[3.462s] -- Installing: /home/mingyu/rosyolo/vn300/src/custom_msg/install/custom_msg/share/custom_msg/cmake/rosidl_cmake-extras.cmake
[3.462s] -- Installing: /home/mingyu/rosyolo/vn300/src/custom_msg/install/custom_msg/share/custom_msg/cmake/ament_cmake_export_dependencies-extras.cmake
[3.462s] -- Installing: /home/mingyu/rosyolo/vn300/src/custom_msg/install/custom_msg/share/custom_msg/cmake/ament_cmake_export_libraries-extras.cmake
[3.462s] -- Installing: /home/mingyu/rosyolo/vn300/src/custom_msg/install/custom_msg/share/custom_msg/cmake/ament_cmake_export_targets-extras.cmake
[3.462s] -- Installing: /home/mingyu/rosyolo/vn300/src/custom_msg/install/custom_msg/share/custom_msg/cmake/ament_cmake_export_include_directories-extras.cmake
[3.462s] -- Installing: /home/mingyu/rosyolo/vn300/src/custom_msg/install/custom_msg/share/custom_msg/cmake/rosidl_cmake_export_typesupport_libraries-extras.cmake
[3.462s] -- Installing: /home/mingyu/rosyolo/vn300/src/custom_msg/install/custom_msg/share/custom_msg/cmake/rosidl_cmake_export_typesupport_targets-extras.cmake
[3.462s] -- Installing: /home/mingyu/rosyolo/vn300/src/custom_msg/install/custom_msg/share/custom_msg/cmake/custom_msgConfig.cmake
[3.462s] -- Installing: /home/mingyu/rosyolo/vn300/src/custom_msg/install/custom_msg/share/custom_msg/cmake/custom_msgConfig-version.cmake
[3.463s] -- Installing: /home/mingyu/rosyolo/vn300/src/custom_msg/install/custom_msg/share/custom_msg/package.xml
[3.465s] Invoked command in '/home/mingyu/rosyolo/vn300/src/custom_msg/build/custom_msg' returned '0': CMAKE_PREFIX_PATH=/opt/ros/foxy:${CMAKE_PREFIX_PATH} /usr/local/bin/cmake --install /home/mingyu/rosyolo/vn300/src/custom_msg/build/custom_msg
