[0.301s] DEBUG:colcon:Command line arguments: ['/bin/colcon', 'build']
[0.301s] DEBUG:colcon:Parsed command line arguments: Namespace(ament_cmake_args=None, base_paths=['.'], build_base='build', catkin_cmake_args=None, catkin_skip_building_tests=False, cmake_args=None, cmake_clean_cache=False, cmake_clean_first=False, cmake_force_configure=False, cmake_target=None, cmake_target_skip_unavailable=False, continue_on_error=False, event_handlers=None, executor='parallel', ignore_user_meta=False, install_base='install', log_base=None, log_level=None, main=<bound method BuildVerb.main of <colcon_core.verb.build.BuildVerb object at 0x7ff200594940>>, merge_install=False, metas=['./colcon.meta'], packages_above=None, packages_above_and_dependencies=None, packages_above_depth=None, packages_end=None, packages_ignore=None, packages_ignore_regex=None, packages_select=None, packages_select_build_failed=False, packages_select_by_dep=None, packages_select_regex=None, packages_select_test_failures=False, packages_skip=None, packages_skip_build_finished=False, packages_skip_by_dep=None, packages_skip_regex=None, packages_skip_test_passed=False, packages_skip_up_to=None, packages_start=None, packages_up_to=None, packages_up_to_regex=None, parallel_workers=12, paths=None, symlink_install=False, test_result_base=None, verb_extension=<colcon_core.verb.build.BuildVerb object at 0x7ff200594940>, verb_name='build', verb_parser=<colcon_defaults.argument_parser.defaults.DefaultArgumentsDecorator object at 0x7ff200594eb0>)
[0.306s] Level 1:colcon.colcon_core.package_discovery:discover_packages(colcon_meta) check parameters
[0.306s] Level 1:colcon.colcon_core.package_discovery:discover_packages(recursive) check parameters
[0.306s] Level 1:colcon.colcon_core.package_discovery:discover_packages(ignore) check parameters
[0.306s] Level 1:colcon.colcon_core.package_discovery:discover_packages(path) check parameters
[0.306s] Level 1:colcon.colcon_core.package_discovery:discover_packages(colcon_meta) discover
[0.306s] Level 1:colcon.colcon_core.package_discovery:discover_packages(recursive) discover
[0.306s] INFO:colcon.colcon_core.package_discovery:Crawling recursively for packages in '/home/mingyu/rosyolo_final/custom_msg'
[0.306s] Level 1:colcon.colcon_core.package_identification:_identify(.) by extensions ['ignore', 'ignore_ament_install']
[0.306s] Level 1:colcon.colcon_core.package_identification:_identify(.) by extension 'ignore'
[0.306s] Level 1:colcon.colcon_core.package_identification:_identify(.) by extension 'ignore_ament_install'
[0.306s] Level 1:colcon.colcon_core.package_identification:_identify(.) by extensions ['colcon_pkg']
[0.306s] Level 1:colcon.colcon_core.package_identification:_identify(.) by extension 'colcon_pkg'
[0.306s] Level 1:colcon.colcon_core.package_identification:_identify(.) by extensions ['colcon_meta']
[0.306s] Level 1:colcon.colcon_core.package_identification:_identify(.) by extension 'colcon_meta'
[0.306s] Level 1:colcon.colcon_core.package_identification:_identify(.) by extensions ['ros']
[0.306s] Level 1:colcon.colcon_core.package_identification:_identify(.) by extension 'ros'
[0.317s] DEBUG:colcon.colcon_core.package_identification:Package '.' with type 'ros.ament_cmake' and name 'custom_msg'
[0.317s] Level 1:colcon.colcon_core.package_discovery:discover_packages(recursive) using defaults
[0.317s] Level 1:colcon.colcon_core.package_discovery:discover_packages(ignore) discover
[0.317s] Level 1:colcon.colcon_core.package_discovery:discover_packages(ignore) using defaults
[0.317s] Level 1:colcon.colcon_core.package_discovery:discover_packages(path) discover
[0.317s] Level 1:colcon.colcon_core.package_discovery:discover_packages(path) using defaults
[0.334s] Level 5:colcon.colcon_core.verb:set package 'custom_msg' build argument 'cmake_args' from command line to 'None'
[0.334s] Level 5:colcon.colcon_core.verb:set package 'custom_msg' build argument 'cmake_target' from command line to 'None'
[0.334s] Level 5:colcon.colcon_core.verb:set package 'custom_msg' build argument 'cmake_target_skip_unavailable' from command line to 'False'
[0.334s] Level 5:colcon.colcon_core.verb:set package 'custom_msg' build argument 'cmake_clean_cache' from command line to 'False'
[0.334s] Level 5:colcon.colcon_core.verb:set package 'custom_msg' build argument 'cmake_clean_first' from command line to 'False'
[0.334s] Level 5:colcon.colcon_core.verb:set package 'custom_msg' build argument 'cmake_force_configure' from command line to 'False'
[0.334s] Level 5:colcon.colcon_core.verb:set package 'custom_msg' build argument 'ament_cmake_args' from command line to 'None'
[0.334s] Level 5:colcon.colcon_core.verb:set package 'custom_msg' build argument 'catkin_cmake_args' from command line to 'None'
[0.334s] Level 5:colcon.colcon_core.verb:set package 'custom_msg' build argument 'catkin_skip_building_tests' from command line to 'False'
[0.334s] DEBUG:colcon.colcon_core.verb:Building package 'custom_msg' with the following arguments: {'ament_cmake_args': None, 'build_base': '/home/mingyu/rosyolo_final/custom_msg/build/custom_msg', 'catkin_cmake_args': None, 'catkin_skip_building_tests': False, 'cmake_args': None, 'cmake_clean_cache': False, 'cmake_clean_first': False, 'cmake_force_configure': False, 'cmake_target': None, 'cmake_target_skip_unavailable': False, 'install_base': '/home/mingyu/rosyolo_final/custom_msg/install/custom_msg', 'merge_install': False, 'path': '/home/mingyu/rosyolo_final/custom_msg', 'symlink_install': False, 'test_result_base': None}
[0.334s] INFO:colcon.colcon_core.executor:Executing jobs using 'parallel' executor
[0.336s] DEBUG:colcon.colcon_parallel_executor.executor.parallel:run_until_complete
[0.336s] INFO:colcon.colcon_ros.task.ament_cmake.build:Building ROS package in '/home/mingyu/rosyolo_final/custom_msg' with build type 'ament_cmake'
[0.336s] INFO:colcon.colcon_cmake.task.cmake.build:Building CMake package in '/home/mingyu/rosyolo_final/custom_msg'
[0.339s] INFO:colcon.colcon_core.plugin_system:Skipping extension 'colcon_core.shell.bat': Not used on non-Windows systems
[0.339s] INFO:colcon.colcon_core.shell:Skip shell extension 'powershell' for command environment: Not usable outside of PowerShell
[0.339s] DEBUG:colcon.colcon_core.shell:Skip shell extension 'dsv' for command environment
[0.341s] DEBUG:colcon.colcon_core.shell:Ignoring prefix path '/opt/ros/foxy'
[0.341s] DEBUG:colcon.colcon_core.shell:Ignoring prefix path '/opt/ros/noetic'
[0.348s] DEBUG:colcon.colcon_core.event_handler.log_command:Invoking command in '/home/mingyu/rosyolo_final/custom_msg/build/custom_msg': CMAKE_PREFIX_PATH=/opt/ros/foxy:${CMAKE_PREFIX_PATH} /bin/cmake /home/mingyu/rosyolo_final/custom_msg -DCMAKE_INSTALL_PREFIX=/home/mingyu/rosyolo_final/custom_msg/install/custom_msg
[2.296s] DEBUG:colcon.colcon_core.event_handler.log_command:Invoked command in '/home/mingyu/rosyolo_final/custom_msg/build/custom_msg' returned '0': CMAKE_PREFIX_PATH=/opt/ros/foxy:${CMAKE_PREFIX_PATH} /bin/cmake /home/mingyu/rosyolo_final/custom_msg -DCMAKE_INSTALL_PREFIX=/home/mingyu/rosyolo_final/custom_msg/install/custom_msg
[2.297s] DEBUG:colcon.colcon_core.event_handler.log_command:Invoking command in '/home/mingyu/rosyolo_final/custom_msg/build/custom_msg': CMAKE_PREFIX_PATH=/opt/ros/foxy:${CMAKE_PREFIX_PATH} /bin/cmake --build /home/mingyu/rosyolo_final/custom_msg/build/custom_msg -- -j12 -l12
[4.684s] DEBUG:colcon.colcon_core.event_handler.log_command:Invoked command in '/home/mingyu/rosyolo_final/custom_msg/build/custom_msg' returned '0': CMAKE_PREFIX_PATH=/opt/ros/foxy:${CMAKE_PREFIX_PATH} /bin/cmake --build /home/mingyu/rosyolo_final/custom_msg/build/custom_msg -- -j12 -l12
[4.738s] DEBUG:colcon.colcon_core.event_handler.log_command:Invoking command in '/home/mingyu/rosyolo_final/custom_msg/build/custom_msg': CMAKE_PREFIX_PATH=/opt/ros/foxy:${CMAKE_PREFIX_PATH} /bin/cmake --install /home/mingyu/rosyolo_final/custom_msg/build/custom_msg
[4.791s] Level 1:colcon.colcon_core.environment:create_environment_scripts_only(custom_msg)
[4.792s] DEBUG:colcon.colcon_core.event_handler.log_command:Invoked command in '/home/mingyu/rosyolo_final/custom_msg/build/custom_msg' returned '0': CMAKE_PREFIX_PATH=/opt/ros/foxy:${CMAKE_PREFIX_PATH} /bin/cmake --install /home/mingyu/rosyolo_final/custom_msg/build/custom_msg
[4.795s] Level 1:colcon.colcon_core.environment:checking '/home/mingyu/rosyolo_final/custom_msg/install/custom_msg' for CMake module files
[4.795s] Level 1:colcon.colcon_core.environment:checking '/home/mingyu/rosyolo_final/custom_msg/install/custom_msg' for CMake config files
[4.795s] Level 1:colcon.colcon_core.shell:create_environment_hook('custom_msg', 'cmake_prefix_path')
[4.796s] INFO:colcon.colcon_core.shell:Creating environment hook '/home/mingyu/rosyolo_final/custom_msg/install/custom_msg/share/custom_msg/hook/cmake_prefix_path.ps1'
[4.797s] INFO:colcon.colcon_core.shell:Creating environment descriptor '/home/mingyu/rosyolo_final/custom_msg/install/custom_msg/share/custom_msg/hook/cmake_prefix_path.dsv'
[4.799s] INFO:colcon.colcon_core.shell:Creating environment hook '/home/mingyu/rosyolo_final/custom_msg/install/custom_msg/share/custom_msg/hook/cmake_prefix_path.sh'
[4.800s] Level 1:colcon.colcon_core.environment:checking '/home/mingyu/rosyolo_final/custom_msg/install/custom_msg/lib'
[4.800s] Level 1:colcon.colcon_core.shell:create_environment_hook('custom_msg', 'ld_library_path_lib')
[4.801s] INFO:colcon.colcon_core.shell:Creating environment hook '/home/mingyu/rosyolo_final/custom_msg/install/custom_msg/share/custom_msg/hook/ld_library_path_lib.ps1'
[4.801s] INFO:colcon.colcon_core.shell:Creating environment descriptor '/home/mingyu/rosyolo_final/custom_msg/install/custom_msg/share/custom_msg/hook/ld_library_path_lib.dsv'
[4.801s] INFO:colcon.colcon_core.shell:Creating environment hook '/home/mingyu/rosyolo_final/custom_msg/install/custom_msg/share/custom_msg/hook/ld_library_path_lib.sh'
[4.802s] Level 1:colcon.colcon_core.environment:checking '/home/mingyu/rosyolo_final/custom_msg/install/custom_msg/bin'
[4.802s] Level 1:colcon.colcon_core.environment:checking '/home/mingyu/rosyolo_final/custom_msg/install/custom_msg/lib/pkgconfig/custom_msg.pc'
[4.802s] Level 1:colcon.colcon_core.environment:checking '/home/mingyu/rosyolo_final/custom_msg/install/custom_msg/lib/python3.8/site-packages'
[4.802s] Level 1:colcon.colcon_core.shell:create_environment_hook('custom_msg', 'pythonpath')
[4.802s] INFO:colcon.colcon_core.shell:Creating environment hook '/home/mingyu/rosyolo_final/custom_msg/install/custom_msg/share/custom_msg/hook/pythonpath.ps1'
[4.803s] INFO:colcon.colcon_core.shell:Creating environment descriptor '/home/mingyu/rosyolo_final/custom_msg/install/custom_msg/share/custom_msg/hook/pythonpath.dsv'
[4.803s] INFO:colcon.colcon_core.shell:Creating environment hook '/home/mingyu/rosyolo_final/custom_msg/install/custom_msg/share/custom_msg/hook/pythonpath.sh'
[4.804s] INFO:colcon.colcon_core.shell:Creating package script '/home/mingyu/rosyolo_final/custom_msg/install/custom_msg/share/custom_msg/package.ps1'
[4.804s] INFO:colcon.colcon_core.shell:Creating package descriptor '/home/mingyu/rosyolo_final/custom_msg/install/custom_msg/share/custom_msg/package.dsv'
[4.805s] INFO:colcon.colcon_core.shell:Creating package script '/home/mingyu/rosyolo_final/custom_msg/install/custom_msg/share/custom_msg/package.sh'
[4.806s] INFO:colcon.colcon_core.shell:Creating package script '/home/mingyu/rosyolo_final/custom_msg/install/custom_msg/share/custom_msg/package.bash'
[4.806s] INFO:colcon.colcon_core.shell:Creating package script '/home/mingyu/rosyolo_final/custom_msg/install/custom_msg/share/custom_msg/package.zsh'
[4.807s] Level 1:colcon.colcon_core.environment:create_file_with_runtime_dependencies(/home/mingyu/rosyolo_final/custom_msg/install/custom_msg/share/colcon-core/packages/custom_msg)
[4.850s] Level 1:colcon.colcon_core.environment:create_environment_scripts_only(custom_msg)
[4.851s] Level 1:colcon.colcon_core.environment:checking '/home/mingyu/rosyolo_final/custom_msg/install/custom_msg' for CMake module files
[4.851s] Level 1:colcon.colcon_core.environment:checking '/home/mingyu/rosyolo_final/custom_msg/install/custom_msg' for CMake config files
[4.852s] Level 1:colcon.colcon_core.shell:create_environment_hook('custom_msg', 'cmake_prefix_path')
[4.852s] INFO:colcon.colcon_core.shell:Creating environment hook '/home/mingyu/rosyolo_final/custom_msg/install/custom_msg/share/custom_msg/hook/cmake_prefix_path.ps1'
[4.853s] INFO:colcon.colcon_core.shell:Creating environment descriptor '/home/mingyu/rosyolo_final/custom_msg/install/custom_msg/share/custom_msg/hook/cmake_prefix_path.dsv'
[4.853s] INFO:colcon.colcon_core.shell:Creating environment hook '/home/mingyu/rosyolo_final/custom_msg/install/custom_msg/share/custom_msg/hook/cmake_prefix_path.sh'
[4.854s] Level 1:colcon.colcon_core.environment:checking '/home/mingyu/rosyolo_final/custom_msg/install/custom_msg/lib'
[4.854s] Level 1:colcon.colcon_core.shell:create_environment_hook('custom_msg', 'ld_library_path_lib')
[4.854s] INFO:colcon.colcon_core.shell:Creating environment hook '/home/mingyu/rosyolo_final/custom_msg/install/custom_msg/share/custom_msg/hook/ld_library_path_lib.ps1'
[4.855s] INFO:colcon.colcon_core.shell:Creating environment descriptor '/home/mingyu/rosyolo_final/custom_msg/install/custom_msg/share/custom_msg/hook/ld_library_path_lib.dsv'
[4.855s] INFO:colcon.colcon_core.shell:Creating environment hook '/home/mingyu/rosyolo_final/custom_msg/install/custom_msg/share/custom_msg/hook/ld_library_path_lib.sh'
[4.855s] Level 1:colcon.colcon_core.environment:checking '/home/mingyu/rosyolo_final/custom_msg/install/custom_msg/bin'
[4.855s] Level 1:colcon.colcon_core.environment:checking '/home/mingyu/rosyolo_final/custom_msg/install/custom_msg/lib/pkgconfig/custom_msg.pc'
[4.855s] Level 1:colcon.colcon_core.environment:checking '/home/mingyu/rosyolo_final/custom_msg/install/custom_msg/lib/python3.8/site-packages'
[4.855s] Level 1:colcon.colcon_core.shell:create_environment_hook('custom_msg', 'pythonpath')
[4.856s] INFO:colcon.colcon_core.shell:Creating environment hook '/home/mingyu/rosyolo_final/custom_msg/install/custom_msg/share/custom_msg/hook/pythonpath.ps1'
[4.856s] INFO:colcon.colcon_core.shell:Creating environment descriptor '/home/mingyu/rosyolo_final/custom_msg/install/custom_msg/share/custom_msg/hook/pythonpath.dsv'
[4.856s] INFO:colcon.colcon_core.shell:Creating environment hook '/home/mingyu/rosyolo_final/custom_msg/install/custom_msg/share/custom_msg/hook/pythonpath.sh'
[4.857s] INFO:colcon.colcon_core.shell:Creating package script '/home/mingyu/rosyolo_final/custom_msg/install/custom_msg/share/custom_msg/package.ps1'
[4.858s] INFO:colcon.colcon_core.shell:Creating package descriptor '/home/mingyu/rosyolo_final/custom_msg/install/custom_msg/share/custom_msg/package.dsv'
[4.858s] INFO:colcon.colcon_core.shell:Creating package script '/home/mingyu/rosyolo_final/custom_msg/install/custom_msg/share/custom_msg/package.sh'
[4.859s] INFO:colcon.colcon_core.shell:Creating package script '/home/mingyu/rosyolo_final/custom_msg/install/custom_msg/share/custom_msg/package.bash'
[4.859s] INFO:colcon.colcon_core.shell:Creating package script '/home/mingyu/rosyolo_final/custom_msg/install/custom_msg/share/custom_msg/package.zsh'
[4.859s] Level 1:colcon.colcon_core.environment:create_file_with_runtime_dependencies(/home/mingyu/rosyolo_final/custom_msg/install/custom_msg/share/colcon-core/packages/custom_msg)
[4.859s] DEBUG:colcon.colcon_parallel_executor.executor.parallel:closing loop
[4.860s] DEBUG:colcon.colcon_parallel_executor.executor.parallel:loop closed
[4.860s] DEBUG:colcon.colcon_parallel_executor.executor.parallel:run_until_complete finished with '0'
[4.860s] DEBUG:colcon.colcon_core.event_reactor:joining thread
[4.865s] INFO:colcon.colcon_core.plugin_system:Skipping extension 'colcon_notification.desktop_notification.terminal_notifier': Not used on non-Darwin systems
[4.865s] INFO:colcon.colcon_core.plugin_system:Skipping extension 'colcon_notification.desktop_notification.win32': Not used on non-Windows systems
[4.865s] INFO:colcon.colcon_notification.desktop_notification:Sending desktop notification using 'notify2'
[4.889s] DEBUG:colcon.colcon_core.event_reactor:joined thread
[4.890s] INFO:colcon.colcon_core.shell:Creating prefix script '/home/mingyu/rosyolo_final/custom_msg/install/local_setup.ps1'
[4.891s] INFO:colcon.colcon_core.shell:Creating prefix util module '/home/mingyu/rosyolo_final/custom_msg/install/_local_setup_util_ps1.py'
[4.892s] INFO:colcon.colcon_core.shell:Creating prefix chain script '/home/mingyu/rosyolo_final/custom_msg/install/setup.ps1'
[4.894s] INFO:colcon.colcon_core.shell:Creating prefix script '/home/mingyu/rosyolo_final/custom_msg/install/local_setup.sh'
[4.895s] INFO:colcon.colcon_core.shell:Creating prefix util module '/home/mingyu/rosyolo_final/custom_msg/install/_local_setup_util_sh.py'
[4.895s] INFO:colcon.colcon_core.shell:Creating prefix chain script '/home/mingyu/rosyolo_final/custom_msg/install/setup.sh'
[4.898s] INFO:colcon.colcon_core.shell:Creating prefix script '/home/mingyu/rosyolo_final/custom_msg/install/local_setup.bash'
[4.898s] INFO:colcon.colcon_core.shell:Creating prefix chain script '/home/mingyu/rosyolo_final/custom_msg/install/setup.bash'
[4.900s] INFO:colcon.colcon_core.shell:Creating prefix script '/home/mingyu/rosyolo_final/custom_msg/install/local_setup.zsh'
[4.901s] INFO:colcon.colcon_core.shell:Creating prefix chain script '/home/mingyu/rosyolo_final/custom_msg/install/setup.zsh'
