running egg_info
creating ../build/ros2yolo/ros2yolo.egg-info
writing ../build/ros2yolo/ros2yolo.egg-info/PKG-INFO
writing dependency_links to ../build/ros2yolo/ros2yolo.egg-info/dependency_links.txt
writing entry points to ../build/ros2yolo/ros2yolo.egg-info/entry_points.txt
writing requirements to ../build/ros2yolo/ros2yolo.egg-info/requires.txt
writing top-level names to ../build/ros2yolo/ros2yolo.egg-info/top_level.txt
writing manifest file '../build/ros2yolo/ros2yolo.egg-info/SOURCES.txt'
reading manifest file '../build/ros2yolo/ros2yolo.egg-info/SOURCES.txt'
writing manifest file '../build/ros2yolo/ros2yolo.egg-info/SOURCES.txt'
running build
running build_py
creating /home/mingyu/rosyolo_final/build/ros2yolo/build
creating /home/mingyu/rosyolo_final/build/ros2yolo/build/lib
creating /home/mingyu/rosyolo_final/build/ros2yolo/build/lib/ros2yolo
copying ros2yolo/yolo_map.py -> /home/mingyu/rosyolo_final/build/ros2yolo/build/lib/ros2yolo
copying ros2yolo/ros2_yolo.py -> /home/mingyu/rosyolo_final/build/ros2yolo/build/lib/ros2yolo
copying ros2yolo/__init__.py -> /home/mingyu/rosyolo_final/build/ros2yolo/build/lib/ros2yolo
running install
running install_lib
creating /home/mingyu/rosyolo_final/install/ros2yolo/lib/python3.8/site-packages/ros2yolo
copying /home/mingyu/rosyolo_final/build/ros2yolo/build/lib/ros2yolo/yolo_map.py -> /home/mingyu/rosyolo_final/install/ros2yolo/lib/python3.8/site-packages/ros2yolo
copying /home/mingyu/rosyolo_final/build/ros2yolo/build/lib/ros2yolo/ros2_yolo.py -> /home/mingyu/rosyolo_final/install/ros2yolo/lib/python3.8/site-packages/ros2yolo
copying /home/mingyu/rosyolo_final/build/ros2yolo/build/lib/ros2yolo/__init__.py -> /home/mingyu/rosyolo_final/install/ros2yolo/lib/python3.8/site-packages/ros2yolo
byte-compiling /home/mingyu/rosyolo_final/install/ros2yolo/lib/python3.8/site-packages/ros2yolo/yolo_map.py to yolo_map.cpython-38.pyc
byte-compiling /home/mingyu/rosyolo_final/install/ros2yolo/lib/python3.8/site-packages/ros2yolo/ros2_yolo.py to ros2_yolo.cpython-38.pyc
byte-compiling /home/mingyu/rosyolo_final/install/ros2yolo/lib/python3.8/site-packages/ros2yolo/__init__.py to __init__.cpython-38.pyc
running install_data
creating /home/mingyu/rosyolo_final/install/ros2yolo/share/ament_index
creating /home/mingyu/rosyolo_final/install/ros2yolo/share/ament_index/resource_index
creating /home/mingyu/rosyolo_final/install/ros2yolo/share/ament_index/resource_index/packages
copying resource/ros2yolo -> /home/mingyu/rosyolo_final/install/ros2yolo/share/ament_index/resource_index/packages
copying package.xml -> /home/mingyu/rosyolo_final/install/ros2yolo/share/ros2yolo
running install_egg_info
Copying ../build/ros2yolo/ros2yolo.egg-info to /home/mingyu/rosyolo_final/install/ros2yolo/lib/python3.8/site-packages/ros2yolo-0.0.0-py3.8.egg-info
running install_scripts
Installing ros2_yolo script to /home/mingyu/rosyolo_final/install/ros2yolo/lib/ros2yolo
Installing yolo_map script to /home/mingyu/rosyolo_final/install/ros2yolo/lib/ros2yolo
writing list of installed files to '/home/mingyu/rosyolo_final/build/ros2yolo/install.log'
