[0.254s] Invoking command in '/home/mingyu/rosyolo_final/ros2yolo': AMENT_PREFIX_PATH=/home/mingyu/rosyolo_final/install/custom_msg:${AMENT_PREFIX_PATH} CMAKE_PREFIX_PATH=/home/mingyu/rosyolo_final/install/custom_msg:${CMAKE_PREFIX_PATH} LD_LIBRARY_PATH=/home/mingyu/rosyolo_final/install/custom_msg/lib:${LD_LIBRARY_PATH} PYTHONPATH=/home/mingyu/rosyolo_final/install/ros2yolo/lib/python3.8/site-packages:/home/mingyu/rosyolo_final/install/custom_msg/lib/python3.8/site-packages:${PYTHONPATH} /usr/bin/python3 setup.py egg_info --egg-base ../build/ros2yolo build --build-base /home/mingyu/rosyolo_final/build/ros2yolo/build install --prefix /home/mingyu/rosyolo_final/install/ros2yolo --record /home/mingyu/rosyolo_final/build/ros2yolo/install.log --single-version-externally-managed
[0.478s] running egg_info
[0.478s] creating ../build/ros2yolo/ros2yolo.egg-info
[0.479s] writing ../build/ros2yolo/ros2yolo.egg-info/PKG-INFO
[0.479s] writing dependency_links to ../build/ros2yolo/ros2yolo.egg-info/dependency_links.txt
[0.480s] writing entry points to ../build/ros2yolo/ros2yolo.egg-info/entry_points.txt
[0.480s] writing requirements to ../build/ros2yolo/ros2yolo.egg-info/requires.txt
[0.480s] writing top-level names to ../build/ros2yolo/ros2yolo.egg-info/top_level.txt
[0.481s] writing manifest file '../build/ros2yolo/ros2yolo.egg-info/SOURCES.txt'
[0.512s] reading manifest file '../build/ros2yolo/ros2yolo.egg-info/SOURCES.txt'
[0.512s] writing manifest file '../build/ros2yolo/ros2yolo.egg-info/SOURCES.txt'
[0.513s] running build
[0.513s] running build_py
[0.513s] creating /home/mingyu/rosyolo_final/build/ros2yolo/build
[0.513s] creating /home/mingyu/rosyolo_final/build/ros2yolo/build/lib
[0.513s] creating /home/mingyu/rosyolo_final/build/ros2yolo/build/lib/ros2yolo
[0.513s] copying ros2yolo/yolo_map.py -> /home/mingyu/rosyolo_final/build/ros2yolo/build/lib/ros2yolo
[0.513s] copying ros2yolo/ros2_yolo.py -> /home/mingyu/rosyolo_final/build/ros2yolo/build/lib/ros2yolo
[0.513s] copying ros2yolo/__init__.py -> /home/mingyu/rosyolo_final/build/ros2yolo/build/lib/ros2yolo
[0.513s] running install
[0.514s] running install_lib
[0.515s] creating /home/mingyu/rosyolo_final/install/ros2yolo/lib/python3.8/site-packages/ros2yolo
[0.515s] copying /home/mingyu/rosyolo_final/build/ros2yolo/build/lib/ros2yolo/yolo_map.py -> /home/mingyu/rosyolo_final/install/ros2yolo/lib/python3.8/site-packages/ros2yolo
[0.515s] copying /home/mingyu/rosyolo_final/build/ros2yolo/build/lib/ros2yolo/ros2_yolo.py -> /home/mingyu/rosyolo_final/install/ros2yolo/lib/python3.8/site-packages/ros2yolo
[0.515s] copying /home/mingyu/rosyolo_final/build/ros2yolo/build/lib/ros2yolo/__init__.py -> /home/mingyu/rosyolo_final/install/ros2yolo/lib/python3.8/site-packages/ros2yolo
[0.516s] byte-compiling /home/mingyu/rosyolo_final/install/ros2yolo/lib/python3.8/site-packages/ros2yolo/yolo_map.py to yolo_map.cpython-38.pyc
[0.517s] byte-compiling /home/mingyu/rosyolo_final/install/ros2yolo/lib/python3.8/site-packages/ros2yolo/ros2_yolo.py to ros2_yolo.cpython-38.pyc
[0.519s] byte-compiling /home/mingyu/rosyolo_final/install/ros2yolo/lib/python3.8/site-packages/ros2yolo/__init__.py to __init__.cpython-38.pyc
[0.519s] running install_data
[0.519s] creating /home/mingyu/rosyolo_final/install/ros2yolo/share/ament_index
[0.519s] creating /home/mingyu/rosyolo_final/install/ros2yolo/share/ament_index/resource_index
[0.519s] creating /home/mingyu/rosyolo_final/install/ros2yolo/share/ament_index/resource_index/packages
[0.520s] copying resource/ros2yolo -> /home/mingyu/rosyolo_final/install/ros2yolo/share/ament_index/resource_index/packages
[0.520s] copying package.xml -> /home/mingyu/rosyolo_final/install/ros2yolo/share/ros2yolo
[0.520s] running install_egg_info
[0.521s] Copying ../build/ros2yolo/ros2yolo.egg-info to /home/mingyu/rosyolo_final/install/ros2yolo/lib/python3.8/site-packages/ros2yolo-0.0.0-py3.8.egg-info
[0.522s] running install_scripts
[0.537s] Installing ros2_yolo script to /home/mingyu/rosyolo_final/install/ros2yolo/lib/ros2yolo
[0.537s] Installing yolo_map script to /home/mingyu/rosyolo_final/install/ros2yolo/lib/ros2yolo
[0.537s] writing list of installed files to '/home/mingyu/rosyolo_final/build/ros2yolo/install.log'
[0.554s] Invoked command in '/home/mingyu/rosyolo_final/ros2yolo' returned '0': AMENT_PREFIX_PATH=/home/mingyu/rosyolo_final/install/custom_msg:${AMENT_PREFIX_PATH} CMAKE_PREFIX_PATH=/home/mingyu/rosyolo_final/install/custom_msg:${CMAKE_PREFIX_PATH} LD_LIBRARY_PATH=/home/mingyu/rosyolo_final/install/custom_msg/lib:${LD_LIBRARY_PATH} PYTHONPATH=/home/mingyu/rosyolo_final/install/ros2yolo/lib/python3.8/site-packages:/home/mingyu/rosyolo_final/install/custom_msg/lib/python3.8/site-packages:${PYTHONPATH} /usr/bin/python3 setup.py egg_info --egg-base ../build/ros2yolo build --build-base /home/mingyu/rosyolo_final/build/ros2yolo/build install --prefix /home/mingyu/rosyolo_final/install/ros2yolo --record /home/mingyu/rosyolo_final/build/ros2yolo/install.log --single-version-externally-managed
