[0.285s] DEBUG:colcon:Command line arguments: ['/usr/bin/colcon', 'build']
[0.285s] DEBUG:colcon:Parsed command line arguments: Namespace(ament_cmake_args=None, base_paths=['.'], build_base='build', catkin_cmake_args=None, catkin_skip_building_tests=False, cmake_args=None, cmake_clean_cache=False, cmake_clean_first=False, cmake_force_configure=False, cmake_target=None, cmake_target_skip_unavailable=False, continue_on_error=False, event_handlers=None, executor='parallel', ignore_user_meta=False, install_base='install', log_base=None, log_level=None, main=<bound method BuildVerb.main of <colcon_core.verb.build.BuildVerb object at 0x7fcf47a2fb80>>, merge_install=False, metas=['./colcon.meta'], packages_above=None, packages_above_and_dependencies=None, packages_above_depth=None, packages_end=None, packages_ignore=None, packages_ignore_regex=None, packages_select=None, packages_select_build_failed=False, packages_select_by_dep=None, packages_select_regex=None, packages_select_test_failures=False, packages_skip=None, packages_skip_build_finished=False, packages_skip_by_dep=None, packages_skip_regex=None, packages_skip_test_passed=False, packages_skip_up_to=None, packages_start=None, packages_up_to=None, packages_up_to_regex=None, parallel_workers=12, paths=None, symlink_install=False, test_result_base=None, verb_extension=<colcon_core.verb.build.BuildVerb object at 0x7fcf47a2fb80>, verb_name='build', verb_parser=<colcon_defaults.argument_parser.defaults.DefaultArgumentsDecorator object at 0x7fcf47979130>)
[0.289s] Level 1:colcon.colcon_core.package_discovery:discover_packages(colcon_meta) check parameters
[0.289s] Level 1:colcon.colcon_core.package_discovery:discover_packages(recursive) check parameters
[0.289s] Level 1:colcon.colcon_core.package_discovery:discover_packages(ignore) check parameters
[0.289s] Level 1:colcon.colcon_core.package_discovery:discover_packages(path) check parameters
[0.289s] Level 1:colcon.colcon_core.package_discovery:discover_packages(colcon_meta) discover
[0.289s] Level 1:colcon.colcon_core.package_discovery:discover_packages(recursive) discover
[0.289s] INFO:colcon.colcon_core.package_discovery:Crawling recursively for packages in '/home/mingyu/rosyolo_final'
[0.290s] Level 1:colcon.colcon_core.package_identification:_identify(.) by extensions ['ignore', 'ignore_ament_install']
[0.290s] Level 1:colcon.colcon_core.package_identification:_identify(.) by extension 'ignore'
[0.290s] Level 1:colcon.colcon_core.package_identification:_identify(.) by extension 'ignore_ament_install'
[0.290s] Level 1:colcon.colcon_core.package_identification:_identify(.) by extensions ['colcon_pkg']
[0.290s] Level 1:colcon.colcon_core.package_identification:_identify(.) by extension 'colcon_pkg'
[0.290s] Level 1:colcon.colcon_core.package_identification:_identify(.) by extensions ['colcon_meta']
[0.290s] Level 1:colcon.colcon_core.package_identification:_identify(.) by extension 'colcon_meta'
[0.290s] Level 1:colcon.colcon_core.package_identification:_identify(.) by extensions ['ros']
[0.290s] Level 1:colcon.colcon_core.package_identification:_identify(.) by extension 'ros'
[0.299s] Level 1:colcon.colcon_core.package_identification:_identify(.) by extensions ['cmake', 'python']
[0.299s] Level 1:colcon.colcon_core.package_identification:_identify(.) by extension 'cmake'
[0.299s] Level 1:colcon.colcon_core.package_identification:_identify(.) by extension 'python'
[0.299s] Level 1:colcon.colcon_core.package_identification:_identify(.) by extensions ['python_setup_py']
[0.299s] Level 1:colcon.colcon_core.package_identification:_identify(.) by extension 'python_setup_py'
[0.299s] Level 1:colcon.colcon_core.package_identification:_identify(build) by extensions ['ignore', 'ignore_ament_install']
[0.299s] Level 1:colcon.colcon_core.package_identification:_identify(build) by extension 'ignore'
[0.299s] Level 1:colcon.colcon_core.package_identification:_identify(build) ignored
[0.299s] Level 1:colcon.colcon_core.package_identification:_identify(cfg) by extensions ['ignore', 'ignore_ament_install']
[0.299s] Level 1:colcon.colcon_core.package_identification:_identify(cfg) by extension 'ignore'
[0.299s] Level 1:colcon.colcon_core.package_identification:_identify(cfg) by extension 'ignore_ament_install'
[0.299s] Level 1:colcon.colcon_core.package_identification:_identify(cfg) by extensions ['colcon_pkg']
[0.299s] Level 1:colcon.colcon_core.package_identification:_identify(cfg) by extension 'colcon_pkg'
[0.299s] Level 1:colcon.colcon_core.package_identification:_identify(cfg) by extensions ['colcon_meta']
[0.299s] Level 1:colcon.colcon_core.package_identification:_identify(cfg) by extension 'colcon_meta'
[0.300s] Level 1:colcon.colcon_core.package_identification:_identify(cfg) by extensions ['ros']
[0.300s] Level 1:colcon.colcon_core.package_identification:_identify(cfg) by extension 'ros'
[0.300s] Level 1:colcon.colcon_core.package_identification:_identify(cfg) by extensions ['cmake', 'python']
[0.300s] Level 1:colcon.colcon_core.package_identification:_identify(cfg) by extension 'cmake'
[0.300s] Level 1:colcon.colcon_core.package_identification:_identify(cfg) by extension 'python'
[0.300s] Level 1:colcon.colcon_core.package_identification:_identify(cfg) by extensions ['python_setup_py']
[0.300s] Level 1:colcon.colcon_core.package_identification:_identify(cfg) by extension 'python_setup_py'
[0.300s] Level 1:colcon.colcon_core.package_identification:_identify(cfg/yolov1) by extensions ['ignore', 'ignore_ament_install']
[0.300s] Level 1:colcon.colcon_core.package_identification:_identify(cfg/yolov1) by extension 'ignore'
[0.300s] Level 1:colcon.colcon_core.package_identification:_identify(cfg/yolov1) by extension 'ignore_ament_install'
[0.300s] Level 1:colcon.colcon_core.package_identification:_identify(cfg/yolov1) by extensions ['colcon_pkg']
[0.300s] Level 1:colcon.colcon_core.package_identification:_identify(cfg/yolov1) by extension 'colcon_pkg'
[0.300s] Level 1:colcon.colcon_core.package_identification:_identify(cfg/yolov1) by extensions ['colcon_meta']
[0.300s] Level 1:colcon.colcon_core.package_identification:_identify(cfg/yolov1) by extension 'colcon_meta'
[0.300s] Level 1:colcon.colcon_core.package_identification:_identify(cfg/yolov1) by extensions ['ros']
[0.300s] Level 1:colcon.colcon_core.package_identification:_identify(cfg/yolov1) by extension 'ros'
[0.300s] Level 1:colcon.colcon_core.package_identification:_identify(cfg/yolov1) by extensions ['cmake', 'python']
[0.300s] Level 1:colcon.colcon_core.package_identification:_identify(cfg/yolov1) by extension 'cmake'
[0.300s] Level 1:colcon.colcon_core.package_identification:_identify(cfg/yolov1) by extension 'python'
[0.300s] Level 1:colcon.colcon_core.package_identification:_identify(cfg/yolov1) by extensions ['python_setup_py']
[0.300s] Level 1:colcon.colcon_core.package_identification:_identify(cfg/yolov1) by extension 'python_setup_py'
[0.301s] Level 1:colcon.colcon_core.package_identification:_identify(custom_msg) by extensions ['ignore', 'ignore_ament_install']
[0.301s] Level 1:colcon.colcon_core.package_identification:_identify(custom_msg) by extension 'ignore'
[0.301s] Level 1:colcon.colcon_core.package_identification:_identify(custom_msg) by extension 'ignore_ament_install'
[0.301s] Level 1:colcon.colcon_core.package_identification:_identify(custom_msg) by extensions ['colcon_pkg']
[0.301s] Level 1:colcon.colcon_core.package_identification:_identify(custom_msg) by extension 'colcon_pkg'
[0.301s] Level 1:colcon.colcon_core.package_identification:_identify(custom_msg) by extensions ['colcon_meta']
[0.301s] Level 1:colcon.colcon_core.package_identification:_identify(custom_msg) by extension 'colcon_meta'
[0.301s] Level 1:colcon.colcon_core.package_identification:_identify(custom_msg) by extensions ['ros']
[0.301s] Level 1:colcon.colcon_core.package_identification:_identify(custom_msg) by extension 'ros'
[0.303s] DEBUG:colcon.colcon_core.package_identification:Package 'custom_msg' with type 'ros.ament_cmake' and name 'custom_msg'
[0.303s] Level 1:colcon.colcon_core.package_identification:_identify(install) by extensions ['ignore', 'ignore_ament_install']
[0.303s] Level 1:colcon.colcon_core.package_identification:_identify(install) by extension 'ignore'
[0.303s] Level 1:colcon.colcon_core.package_identification:_identify(install) ignored
[0.303s] Level 1:colcon.colcon_core.package_identification:_identify(log) by extensions ['ignore', 'ignore_ament_install']
[0.303s] Level 1:colcon.colcon_core.package_identification:_identify(log) by extension 'ignore'
[0.303s] Level 1:colcon.colcon_core.package_identification:_identify(log) ignored
[0.303s] Level 1:colcon.colcon_core.package_identification:_identify(ros2yolo) by extensions ['ignore', 'ignore_ament_install']
[0.303s] Level 1:colcon.colcon_core.package_identification:_identify(ros2yolo) by extension 'ignore'
[0.303s] Level 1:colcon.colcon_core.package_identification:_identify(ros2yolo) by extension 'ignore_ament_install'
[0.303s] Level 1:colcon.colcon_core.package_identification:_identify(ros2yolo) by extensions ['colcon_pkg']
[0.303s] Level 1:colcon.colcon_core.package_identification:_identify(ros2yolo) by extension 'colcon_pkg'
[0.303s] Level 1:colcon.colcon_core.package_identification:_identify(ros2yolo) by extensions ['colcon_meta']
[0.303s] Level 1:colcon.colcon_core.package_identification:_identify(ros2yolo) by extension 'colcon_meta'
[0.303s] Level 1:colcon.colcon_core.package_identification:_identify(ros2yolo) by extensions ['ros']
[0.303s] Level 1:colcon.colcon_core.package_identification:_identify(ros2yolo) by extension 'ros'
[0.304s] DEBUG:colcon.colcon_core.package_identification:Package 'ros2yolo' with type 'ros.ament_python' and name 'ros2yolo'
[0.304s] Level 1:colcon.colcon_core.package_identification:_identify(vn300) by extensions ['ignore', 'ignore_ament_install']
[0.304s] Level 1:colcon.colcon_core.package_identification:_identify(vn300) by extension 'ignore'
[0.304s] Level 1:colcon.colcon_core.package_identification:_identify(vn300) by extension 'ignore_ament_install'
[0.304s] Level 1:colcon.colcon_core.package_identification:_identify(vn300) by extensions ['colcon_pkg']
[0.304s] Level 1:colcon.colcon_core.package_identification:_identify(vn300) by extension 'colcon_pkg'
[0.304s] Level 1:colcon.colcon_core.package_identification:_identify(vn300) by extensions ['colcon_meta']
[0.304s] Level 1:colcon.colcon_core.package_identification:_identify(vn300) by extension 'colcon_meta'
[0.304s] Level 1:colcon.colcon_core.package_identification:_identify(vn300) by extensions ['ros']
[0.305s] Level 1:colcon.colcon_core.package_identification:_identify(vn300) by extension 'ros'
[0.305s] Level 1:colcon.colcon_core.package_identification:_identify(vn300) by extensions ['cmake', 'python']
[0.305s] Level 1:colcon.colcon_core.package_identification:_identify(vn300) by extension 'cmake'
[0.305s] Level 1:colcon.colcon_core.package_identification:_identify(vn300) by extension 'python'
[0.305s] Level 1:colcon.colcon_core.package_identification:_identify(vn300) by extensions ['python_setup_py']
[0.305s] Level 1:colcon.colcon_core.package_identification:_identify(vn300) by extension 'python_setup_py'
[0.305s] Level 1:colcon.colcon_core.package_identification:_identify(vn300/build) by extensions ['ignore', 'ignore_ament_install']
[0.305s] Level 1:colcon.colcon_core.package_identification:_identify(vn300/build) by extension 'ignore'
[0.305s] Level 1:colcon.colcon_core.package_identification:_identify(vn300/build) ignored
[0.305s] Level 1:colcon.colcon_core.package_identification:_identify(vn300/cfg) by extensions ['ignore', 'ignore_ament_install']
[0.305s] Level 1:colcon.colcon_core.package_identification:_identify(vn300/cfg) by extension 'ignore'
[0.305s] Level 1:colcon.colcon_core.package_identification:_identify(vn300/cfg) by extension 'ignore_ament_install'
[0.305s] Level 1:colcon.colcon_core.package_identification:_identify(vn300/cfg) by extensions ['colcon_pkg']
[0.305s] Level 1:colcon.colcon_core.package_identification:_identify(vn300/cfg) by extension 'colcon_pkg'
[0.305s] Level 1:colcon.colcon_core.package_identification:_identify(vn300/cfg) by extensions ['colcon_meta']
[0.305s] Level 1:colcon.colcon_core.package_identification:_identify(vn300/cfg) by extension 'colcon_meta'
[0.305s] Level 1:colcon.colcon_core.package_identification:_identify(vn300/cfg) by extensions ['ros']
[0.305s] Level 1:colcon.colcon_core.package_identification:_identify(vn300/cfg) by extension 'ros'
[0.306s] Level 1:colcon.colcon_core.package_identification:_identify(vn300/cfg) by extensions ['cmake', 'python']
[0.306s] Level 1:colcon.colcon_core.package_identification:_identify(vn300/cfg) by extension 'cmake'
[0.306s] Level 1:colcon.colcon_core.package_identification:_identify(vn300/cfg) by extension 'python'
[0.306s] Level 1:colcon.colcon_core.package_identification:_identify(vn300/cfg) by extensions ['python_setup_py']
[0.306s] Level 1:colcon.colcon_core.package_identification:_identify(vn300/cfg) by extension 'python_setup_py'
[0.306s] Level 1:colcon.colcon_core.package_identification:_identify(vn300/cfg/yolov1) by extensions ['ignore', 'ignore_ament_install']
[0.306s] Level 1:colcon.colcon_core.package_identification:_identify(vn300/cfg/yolov1) by extension 'ignore'
[0.306s] Level 1:colcon.colcon_core.package_identification:_identify(vn300/cfg/yolov1) by extension 'ignore_ament_install'
[0.306s] Level 1:colcon.colcon_core.package_identification:_identify(vn300/cfg/yolov1) by extensions ['colcon_pkg']
[0.306s] Level 1:colcon.colcon_core.package_identification:_identify(vn300/cfg/yolov1) by extension 'colcon_pkg'
[0.306s] Level 1:colcon.colcon_core.package_identification:_identify(vn300/cfg/yolov1) by extensions ['colcon_meta']
[0.306s] Level 1:colcon.colcon_core.package_identification:_identify(vn300/cfg/yolov1) by extension 'colcon_meta'
[0.306s] Level 1:colcon.colcon_core.package_identification:_identify(vn300/cfg/yolov1) by extensions ['ros']
[0.306s] Level 1:colcon.colcon_core.package_identification:_identify(vn300/cfg/yolov1) by extension 'ros'
[0.306s] Level 1:colcon.colcon_core.package_identification:_identify(vn300/cfg/yolov1) by extensions ['cmake', 'python']
[0.306s] Level 1:colcon.colcon_core.package_identification:_identify(vn300/cfg/yolov1) by extension 'cmake'
[0.306s] Level 1:colcon.colcon_core.package_identification:_identify(vn300/cfg/yolov1) by extension 'python'
[0.306s] Level 1:colcon.colcon_core.package_identification:_identify(vn300/cfg/yolov1) by extensions ['python_setup_py']
[0.306s] Level 1:colcon.colcon_core.package_identification:_identify(vn300/cfg/yolov1) by extension 'python_setup_py'
[0.306s] Level 1:colcon.colcon_core.package_identification:_identify(vn300/install) by extensions ['ignore', 'ignore_ament_install']
[0.307s] Level 1:colcon.colcon_core.package_identification:_identify(vn300/install) by extension 'ignore'
[0.307s] Level 1:colcon.colcon_core.package_identification:_identify(vn300/install) ignored
[0.307s] Level 1:colcon.colcon_core.package_identification:_identify(vn300/log) by extensions ['ignore', 'ignore_ament_install']
[0.307s] Level 1:colcon.colcon_core.package_identification:_identify(vn300/log) by extension 'ignore'
[0.307s] Level 1:colcon.colcon_core.package_identification:_identify(vn300/log) ignored
[0.307s] Level 1:colcon.colcon_core.package_identification:_identify(vn300/ros2bag_data) by extensions ['ignore', 'ignore_ament_install']
[0.307s] Level 1:colcon.colcon_core.package_identification:_identify(vn300/ros2bag_data) by extension 'ignore'
[0.307s] Level 1:colcon.colcon_core.package_identification:_identify(vn300/ros2bag_data) by extension 'ignore_ament_install'
[0.307s] Level 1:colcon.colcon_core.package_identification:_identify(vn300/ros2bag_data) by extensions ['colcon_pkg']
[0.307s] Level 1:colcon.colcon_core.package_identification:_identify(vn300/ros2bag_data) by extension 'colcon_pkg'
[0.307s] Level 1:colcon.colcon_core.package_identification:_identify(vn300/ros2bag_data) by extensions ['colcon_meta']
[0.307s] Level 1:colcon.colcon_core.package_identification:_identify(vn300/ros2bag_data) by extension 'colcon_meta'
[0.307s] Level 1:colcon.colcon_core.package_identification:_identify(vn300/ros2bag_data) by extensions ['ros']
[0.307s] Level 1:colcon.colcon_core.package_identification:_identify(vn300/ros2bag_data) by extension 'ros'
[0.307s] Level 1:colcon.colcon_core.package_identification:_identify(vn300/ros2bag_data) by extensions ['cmake', 'python']
[0.307s] Level 1:colcon.colcon_core.package_identification:_identify(vn300/ros2bag_data) by extension 'cmake'
[0.307s] Level 1:colcon.colcon_core.package_identification:_identify(vn300/ros2bag_data) by extension 'python'
[0.307s] Level 1:colcon.colcon_core.package_identification:_identify(vn300/ros2bag_data) by extensions ['python_setup_py']
[0.307s] Level 1:colcon.colcon_core.package_identification:_identify(vn300/ros2bag_data) by extension 'python_setup_py'
[0.308s] Level 1:colcon.colcon_core.package_identification:_identify(vn300/ros2bag_data/rosbag2_2021_04_01-10_52_15) by extensions ['ignore', 'ignore_ament_install']
[0.308s] Level 1:colcon.colcon_core.package_identification:_identify(vn300/ros2bag_data/rosbag2_2021_04_01-10_52_15) by extension 'ignore'
[0.308s] Level 1:colcon.colcon_core.package_identification:_identify(vn300/ros2bag_data/rosbag2_2021_04_01-10_52_15) by extension 'ignore_ament_install'
[0.308s] Level 1:colcon.colcon_core.package_identification:_identify(vn300/ros2bag_data/rosbag2_2021_04_01-10_52_15) by extensions ['colcon_pkg']
[0.308s] Level 1:colcon.colcon_core.package_identification:_identify(vn300/ros2bag_data/rosbag2_2021_04_01-10_52_15) by extension 'colcon_pkg'
[0.308s] Level 1:colcon.colcon_core.package_identification:_identify(vn300/ros2bag_data/rosbag2_2021_04_01-10_52_15) by extensions ['colcon_meta']
[0.308s] Level 1:colcon.colcon_core.package_identification:_identify(vn300/ros2bag_data/rosbag2_2021_04_01-10_52_15) by extension 'colcon_meta'
[0.308s] Level 1:colcon.colcon_core.package_identification:_identify(vn300/ros2bag_data/rosbag2_2021_04_01-10_52_15) by extensions ['ros']
[0.308s] Level 1:colcon.colcon_core.package_identification:_identify(vn300/ros2bag_data/rosbag2_2021_04_01-10_52_15) by extension 'ros'
[0.308s] Level 1:colcon.colcon_core.package_identification:_identify(vn300/ros2bag_data/rosbag2_2021_04_01-10_52_15) by extensions ['cmake', 'python']
[0.308s] Level 1:colcon.colcon_core.package_identification:_identify(vn300/ros2bag_data/rosbag2_2021_04_01-10_52_15) by extension 'cmake'
[0.308s] Level 1:colcon.colcon_core.package_identification:_identify(vn300/ros2bag_data/rosbag2_2021_04_01-10_52_15) by extension 'python'
[0.308s] Level 1:colcon.colcon_core.package_identification:_identify(vn300/ros2bag_data/rosbag2_2021_04_01-10_52_15) by extensions ['python_setup_py']
[0.308s] Level 1:colcon.colcon_core.package_identification:_identify(vn300/ros2bag_data/rosbag2_2021_04_01-10_52_15) by extension 'python_setup_py'
[0.308s] Level 1:colcon.colcon_core.package_identification:_identify(vn300/ros2bag_data/rosbag2_2021_04_01-11_32_15) by extensions ['ignore', 'ignore_ament_install']
[0.308s] Level 1:colcon.colcon_core.package_identification:_identify(vn300/ros2bag_data/rosbag2_2021_04_01-11_32_15) by extension 'ignore'
[0.308s] Level 1:colcon.colcon_core.package_identification:_identify(vn300/ros2bag_data/rosbag2_2021_04_01-11_32_15) by extension 'ignore_ament_install'
[0.308s] Level 1:colcon.colcon_core.package_identification:_identify(vn300/ros2bag_data/rosbag2_2021_04_01-11_32_15) by extensions ['colcon_pkg']
[0.308s] Level 1:colcon.colcon_core.package_identification:_identify(vn300/ros2bag_data/rosbag2_2021_04_01-11_32_15) by extension 'colcon_pkg'
[0.308s] Level 1:colcon.colcon_core.package_identification:_identify(vn300/ros2bag_data/rosbag2_2021_04_01-11_32_15) by extensions ['colcon_meta']
[0.308s] Level 1:colcon.colcon_core.package_identification:_identify(vn300/ros2bag_data/rosbag2_2021_04_01-11_32_15) by extension 'colcon_meta'
[0.309s] Level 1:colcon.colcon_core.package_identification:_identify(vn300/ros2bag_data/rosbag2_2021_04_01-11_32_15) by extensions ['ros']
[0.309s] Level 1:colcon.colcon_core.package_identification:_identify(vn300/ros2bag_data/rosbag2_2021_04_01-11_32_15) by extension 'ros'
[0.309s] Level 1:colcon.colcon_core.package_identification:_identify(vn300/ros2bag_data/rosbag2_2021_04_01-11_32_15) by extensions ['cmake', 'python']
[0.309s] Level 1:colcon.colcon_core.package_identification:_identify(vn300/ros2bag_data/rosbag2_2021_04_01-11_32_15) by extension 'cmake'
[0.309s] Level 1:colcon.colcon_core.package_identification:_identify(vn300/ros2bag_data/rosbag2_2021_04_01-11_32_15) by extension 'python'
[0.309s] Level 1:colcon.colcon_core.package_identification:_identify(vn300/ros2bag_data/rosbag2_2021_04_01-11_32_15) by extensions ['python_setup_py']
[0.309s] Level 1:colcon.colcon_core.package_identification:_identify(vn300/ros2bag_data/rosbag2_2021_04_01-11_32_15) by extension 'python_setup_py'
[0.309s] Level 1:colcon.colcon_core.package_identification:_identify(vn300/src) by extensions ['ignore', 'ignore_ament_install']
[0.309s] Level 1:colcon.colcon_core.package_identification:_identify(vn300/src) by extension 'ignore'
[0.309s] Level 1:colcon.colcon_core.package_identification:_identify(vn300/src) by extension 'ignore_ament_install'
[0.309s] Level 1:colcon.colcon_core.package_identification:_identify(vn300/src) by extensions ['colcon_pkg']
[0.309s] Level 1:colcon.colcon_core.package_identification:_identify(vn300/src) by extension 'colcon_pkg'
[0.309s] Level 1:colcon.colcon_core.package_identification:_identify(vn300/src) by extensions ['colcon_meta']
[0.309s] Level 1:colcon.colcon_core.package_identification:_identify(vn300/src) by extension 'colcon_meta'
[0.309s] Level 1:colcon.colcon_core.package_identification:_identify(vn300/src) by extensions ['ros']
[0.309s] Level 1:colcon.colcon_core.package_identification:_identify(vn300/src) by extension 'ros'
[0.309s] Level 1:colcon.colcon_core.package_identification:_identify(vn300/src) by extensions ['cmake', 'python']
[0.309s] Level 1:colcon.colcon_core.package_identification:_identify(vn300/src) by extension 'cmake'
[0.309s] Level 1:colcon.colcon_core.package_identification:_identify(vn300/src) by extension 'python'
[0.309s] Level 1:colcon.colcon_core.package_identification:_identify(vn300/src) by extensions ['python_setup_py']
[0.309s] Level 1:colcon.colcon_core.package_identification:_identify(vn300/src) by extension 'python_setup_py'
[0.310s] Level 1:colcon.colcon_core.package_identification:_identify(vn300/src/custom_msg) by extensions ['ignore', 'ignore_ament_install']
[0.310s] Level 1:colcon.colcon_core.package_identification:_identify(vn300/src/custom_msg) by extension 'ignore'
[0.310s] Level 1:colcon.colcon_core.package_identification:_identify(vn300/src/custom_msg) by extension 'ignore_ament_install'
[0.310s] Level 1:colcon.colcon_core.package_identification:_identify(vn300/src/custom_msg) by extensions ['colcon_pkg']
[0.310s] Level 1:colcon.colcon_core.package_identification:_identify(vn300/src/custom_msg) by extension 'colcon_pkg'
[0.310s] Level 1:colcon.colcon_core.package_identification:_identify(vn300/src/custom_msg) by extensions ['colcon_meta']
[0.310s] Level 1:colcon.colcon_core.package_identification:_identify(vn300/src/custom_msg) by extension 'colcon_meta'
[0.310s] Level 1:colcon.colcon_core.package_identification:_identify(vn300/src/custom_msg) by extensions ['ros']
[0.310s] Level 1:colcon.colcon_core.package_identification:_identify(vn300/src/custom_msg) by extension 'ros'
[0.310s] DEBUG:colcon.colcon_core.package_identification:Package 'vn300/src/custom_msg' with type 'ros.ament_cmake' and name 'custom_msg'
[0.310s] Level 1:colcon.colcon_core.package_identification:_identify(vn300/src/py_vn300) by extensions ['ignore', 'ignore_ament_install']
[0.310s] Level 1:colcon.colcon_core.package_identification:_identify(vn300/src/py_vn300) by extension 'ignore'
[0.310s] Level 1:colcon.colcon_core.package_identification:_identify(vn300/src/py_vn300) by extension 'ignore_ament_install'
[0.311s] Level 1:colcon.colcon_core.package_identification:_identify(vn300/src/py_vn300) by extensions ['colcon_pkg']
[0.311s] Level 1:colcon.colcon_core.package_identification:_identify(vn300/src/py_vn300) by extension 'colcon_pkg'
[0.311s] Level 1:colcon.colcon_core.package_identification:_identify(vn300/src/py_vn300) by extensions ['colcon_meta']
[0.311s] Level 1:colcon.colcon_core.package_identification:_identify(vn300/src/py_vn300) by extension 'colcon_meta'
[0.311s] Level 1:colcon.colcon_core.package_identification:_identify(vn300/src/py_vn300) by extensions ['ros']
[0.311s] Level 1:colcon.colcon_core.package_identification:_identify(vn300/src/py_vn300) by extension 'ros'
[0.311s] DEBUG:colcon.colcon_core.package_identification:Package 'vn300/src/py_vn300' with type 'ros.ament_python' and name 'py_vn300'
[0.311s] Level 1:colcon.colcon_core.package_discovery:discover_packages(recursive) using defaults
[0.311s] Level 1:colcon.colcon_core.package_discovery:discover_packages(ignore) discover
[0.311s] Level 1:colcon.colcon_core.package_discovery:discover_packages(ignore) using defaults
[0.311s] Level 1:colcon.colcon_core.package_discovery:discover_packages(path) discover
[0.311s] Level 1:colcon.colcon_core.package_discovery:discover_packages(path) using defaults
[0.326s] ERROR:colcon:colcon build: Duplicate package names not supported:
- custom_msg:
  - custom_msg
  - vn300/src/custom_msg
