[0.235s] Invoking command in '/home/mingyu/rosyolo_final/ros2yolo': AMENT_PREFIX_PATH=/home/mingyu/rosyolo_final/install/custom_msg:${AMENT_PREFIX_PATH} CMAKE_PREFIX_PATH=/home/mingyu/rosyolo_final/install/custom_msg:${CMAKE_PREFIX_PATH} LD_LIBRARY_PATH=/home/mingyu/rosyolo_final/install/custom_msg/lib:${LD_LIBRARY_PATH} PYTHONPATH=/home/mingyu/rosyolo_final/install/ros2yolo/lib/python3.8/site-packages:/home/mingyu/rosyolo_final/install/custom_msg/lib/python3.8/site-packages:${PYTHONPATH} /usr/bin/python3 setup.py egg_info --egg-base ../build/ros2yolo build --build-base /home/mingyu/rosyolo_final/build/ros2yolo/build install --prefix /home/mingyu/rosyolo_final/install/ros2yolo --record /home/mingyu/rosyolo_final/build/ros2yolo/install.log --single-version-externally-managed
[0.445s] running egg_info
[0.445s] creating ../build/ros2yolo/ros2yolo.egg-info
[0.445s] writing ../build/ros2yolo/ros2yolo.egg-info/PKG-INFO
[0.445s] writing dependency_links to ../build/ros2yolo/ros2yolo.egg-info/dependency_links.txt
[0.446s] writing entry points to ../build/ros2yolo/ros2yolo.egg-info/entry_points.txt
[0.446s] writing requirements to ../build/ros2yolo/ros2yolo.egg-info/requires.txt
[0.446s] writing top-level names to ../build/ros2yolo/ros2yolo.egg-info/top_level.txt
[0.447s] writing manifest file '../build/ros2yolo/ros2yolo.egg-info/SOURCES.txt'
[0.473s] reading manifest file '../build/ros2yolo/ros2yolo.egg-info/SOURCES.txt'
[0.473s] writing manifest file '../build/ros2yolo/ros2yolo.egg-info/SOURCES.txt'
[0.474s] running build
[0.474s] running build_py
[0.474s] creating /home/mingyu/rosyolo_final/build/ros2yolo/build
[0.474s] creating /home/mingyu/rosyolo_final/build/ros2yolo/build/lib
[0.474s] creating /home/mingyu/rosyolo_final/build/ros2yolo/build/lib/ros2yolo
[0.474s] copying ros2yolo/ros2_yolo.py -> /home/mingyu/rosyolo_final/build/ros2yolo/build/lib/ros2yolo
[0.474s] copying ros2yolo/__init__.py -> /home/mingyu/rosyolo_final/build/ros2yolo/build/lib/ros2yolo
[0.474s] running install
[0.474s] running install_lib
[0.475s] creating /home/mingyu/rosyolo_final/install/ros2yolo/lib/python3.8/site-packages/ros2yolo
[0.475s] copying /home/mingyu/rosyolo_final/build/ros2yolo/build/lib/ros2yolo/ros2_yolo.py -> /home/mingyu/rosyolo_final/install/ros2yolo/lib/python3.8/site-packages/ros2yolo
[0.475s] copying /home/mingyu/rosyolo_final/build/ros2yolo/build/lib/ros2yolo/__init__.py -> /home/mingyu/rosyolo_final/install/ros2yolo/lib/python3.8/site-packages/ros2yolo
[0.476s] byte-compiling /home/mingyu/rosyolo_final/install/ros2yolo/lib/python3.8/site-packages/ros2yolo/ros2_yolo.py to ros2_yolo.cpython-38.pyc
[0.477s] byte-compiling /home/mingyu/rosyolo_final/install/ros2yolo/lib/python3.8/site-packages/ros2yolo/__init__.py to __init__.cpython-38.pyc
[0.478s] running install_data
[0.478s] creating /home/mingyu/rosyolo_final/install/ros2yolo/share/ament_index
[0.478s] creating /home/mingyu/rosyolo_final/install/ros2yolo/share/ament_index/resource_index
[0.478s] creating /home/mingyu/rosyolo_final/install/ros2yolo/share/ament_index/resource_index/packages
[0.478s] copying resource/ros2yolo -> /home/mingyu/rosyolo_final/install/ros2yolo/share/ament_index/resource_index/packages
[0.478s] copying package.xml -> /home/mingyu/rosyolo_final/install/ros2yolo/share/ros2yolo
[0.478s] running install_egg_info
[0.479s] Copying ../build/ros2yolo/ros2yolo.egg-info to /home/mingyu/rosyolo_final/install/ros2yolo/lib/python3.8/site-packages/ros2yolo-0.0.0-py3.8.egg-info
[0.480s] running install_scripts
[0.494s] Installing ros2_yolo script to /home/mingyu/rosyolo_final/install/ros2yolo/lib/ros2yolo
[0.494s] writing list of installed files to '/home/mingyu/rosyolo_final/build/ros2yolo/install.log'
[0.510s] Invoked command in '/home/mingyu/rosyolo_final/ros2yolo' returned '0': AMENT_PREFIX_PATH=/home/mingyu/rosyolo_final/install/custom_msg:${AMENT_PREFIX_PATH} CMAKE_PREFIX_PATH=/home/mingyu/rosyolo_final/install/custom_msg:${CMAKE_PREFIX_PATH} LD_LIBRARY_PATH=/home/mingyu/rosyolo_final/install/custom_msg/lib:${LD_LIBRARY_PATH} PYTHONPATH=/home/mingyu/rosyolo_final/install/ros2yolo/lib/python3.8/site-packages:/home/mingyu/rosyolo_final/install/custom_msg/lib/python3.8/site-packages:${PYTHONPATH} /usr/bin/python3 setup.py egg_info --egg-base ../build/ros2yolo build --build-base /home/mingyu/rosyolo_final/build/ros2yolo/build install --prefix /home/mingyu/rosyolo_final/install/ros2yolo --record /home/mingyu/rosyolo_final/build/ros2yolo/install.log --single-version-externally-managed
