[0.289s] DEBUG:colcon:Command line arguments: ['/usr/bin/colcon', 'build']
[0.289s] DEBUG:colcon:Parsed command line arguments: Namespace(ament_cmake_args=None, base_paths=['.'], build_base='build', catkin_cmake_args=None, catkin_skip_building_tests=False, cmake_args=None, cmake_clean_cache=False, cmake_clean_first=False, cmake_force_configure=False, cmake_target=None, cmake_target_skip_unavailable=False, continue_on_error=False, event_handlers=None, executor='parallel', ignore_user_meta=False, install_base='install', log_base=None, log_level=None, main=<bound method BuildVerb.main of <colcon_core.verb.build.BuildVerb object at 0x7fcbfa461ca0>>, merge_install=False, metas=['./colcon.meta'], packages_above=None, packages_above_and_dependencies=None, packages_above_depth=None, packages_end=None, packages_ignore=None, packages_ignore_regex=None, packages_select=None, packages_select_build_failed=False, packages_select_by_dep=None, packages_select_regex=None, packages_select_test_failures=False, packages_skip=None, packages_skip_build_finished=False, packages_skip_by_dep=None, packages_skip_regex=None, packages_skip_test_passed=False, packages_skip_up_to=None, packages_start=None, packages_up_to=None, packages_up_to_regex=None, parallel_workers=12, paths=None, symlink_install=False, test_result_base=None, verb_extension=<colcon_core.verb.build.BuildVerb object at 0x7fcbfa461ca0>, verb_name='build', verb_parser=<colcon_defaults.argument_parser.defaults.DefaultArgumentsDecorator object at 0x7fcbfa46c250>)
[0.294s] Level 1:colcon.colcon_core.package_discovery:discover_packages(colcon_meta) check parameters
[0.294s] Level 1:colcon.colcon_core.package_discovery:discover_packages(recursive) check parameters
[0.294s] Level 1:colcon.colcon_core.package_discovery:discover_packages(ignore) check parameters
[0.294s] Level 1:colcon.colcon_core.package_discovery:discover_packages(path) check parameters
[0.294s] Level 1:colcon.colcon_core.package_discovery:discover_packages(colcon_meta) discover
[0.294s] Level 1:colcon.colcon_core.package_discovery:discover_packages(recursive) discover
[0.294s] INFO:colcon.colcon_core.package_discovery:Crawling recursively for packages in '/home/mingyu/rosyolo_final'
[0.294s] Level 1:colcon.colcon_core.package_identification:_identify(.) by extensions ['ignore', 'ignore_ament_install']
[0.294s] Level 1:colcon.colcon_core.package_identification:_identify(.) by extension 'ignore'
[0.294s] Level 1:colcon.colcon_core.package_identification:_identify(.) by extension 'ignore_ament_install'
[0.294s] Level 1:colcon.colcon_core.package_identification:_identify(.) by extensions ['colcon_pkg']
[0.294s] Level 1:colcon.colcon_core.package_identification:_identify(.) by extension 'colcon_pkg'
[0.294s] Level 1:colcon.colcon_core.package_identification:_identify(.) by extensions ['colcon_meta']
[0.294s] Level 1:colcon.colcon_core.package_identification:_identify(.) by extension 'colcon_meta'
[0.294s] Level 1:colcon.colcon_core.package_identification:_identify(.) by extensions ['ros']
[0.294s] Level 1:colcon.colcon_core.package_identification:_identify(.) by extension 'ros'
[0.303s] Level 1:colcon.colcon_core.package_identification:_identify(.) by extensions ['cmake', 'python']
[0.303s] Level 1:colcon.colcon_core.package_identification:_identify(.) by extension 'cmake'
[0.303s] Level 1:colcon.colcon_core.package_identification:_identify(.) by extension 'python'
[0.303s] Level 1:colcon.colcon_core.package_identification:_identify(.) by extensions ['python_setup_py']
[0.303s] Level 1:colcon.colcon_core.package_identification:_identify(.) by extension 'python_setup_py'
[0.303s] Level 1:colcon.colcon_core.package_identification:_identify(build) by extensions ['ignore', 'ignore_ament_install']
[0.303s] Level 1:colcon.colcon_core.package_identification:_identify(build) by extension 'ignore'
[0.303s] Level 1:colcon.colcon_core.package_identification:_identify(build) ignored
[0.304s] Level 1:colcon.colcon_core.package_identification:_identify(cfg) by extensions ['ignore', 'ignore_ament_install']
[0.304s] Level 1:colcon.colcon_core.package_identification:_identify(cfg) by extension 'ignore'
[0.304s] Level 1:colcon.colcon_core.package_identification:_identify(cfg) by extension 'ignore_ament_install'
[0.304s] Level 1:colcon.colcon_core.package_identification:_identify(cfg) by extensions ['colcon_pkg']
[0.304s] Level 1:colcon.colcon_core.package_identification:_identify(cfg) by extension 'colcon_pkg'
[0.304s] Level 1:colcon.colcon_core.package_identification:_identify(cfg) by extensions ['colcon_meta']
[0.304s] Level 1:colcon.colcon_core.package_identification:_identify(cfg) by extension 'colcon_meta'
[0.304s] Level 1:colcon.colcon_core.package_identification:_identify(cfg) by extensions ['ros']
[0.304s] Level 1:colcon.colcon_core.package_identification:_identify(cfg) by extension 'ros'
[0.304s] Level 1:colcon.colcon_core.package_identification:_identify(cfg) by extensions ['cmake', 'python']
[0.304s] Level 1:colcon.colcon_core.package_identification:_identify(cfg) by extension 'cmake'
[0.304s] Level 1:colcon.colcon_core.package_identification:_identify(cfg) by extension 'python'
[0.304s] Level 1:colcon.colcon_core.package_identification:_identify(cfg) by extensions ['python_setup_py']
[0.304s] Level 1:colcon.colcon_core.package_identification:_identify(cfg) by extension 'python_setup_py'
[0.304s] Level 1:colcon.colcon_core.package_identification:_identify(cfg/yolov1) by extensions ['ignore', 'ignore_ament_install']
[0.304s] Level 1:colcon.colcon_core.package_identification:_identify(cfg/yolov1) by extension 'ignore'
[0.304s] Level 1:colcon.colcon_core.package_identification:_identify(cfg/yolov1) by extension 'ignore_ament_install'
[0.304s] Level 1:colcon.colcon_core.package_identification:_identify(cfg/yolov1) by extensions ['colcon_pkg']
[0.304s] Level 1:colcon.colcon_core.package_identification:_identify(cfg/yolov1) by extension 'colcon_pkg'
[0.304s] Level 1:colcon.colcon_core.package_identification:_identify(cfg/yolov1) by extensions ['colcon_meta']
[0.305s] Level 1:colcon.colcon_core.package_identification:_identify(cfg/yolov1) by extension 'colcon_meta'
[0.305s] Level 1:colcon.colcon_core.package_identification:_identify(cfg/yolov1) by extensions ['ros']
[0.305s] Level 1:colcon.colcon_core.package_identification:_identify(cfg/yolov1) by extension 'ros'
[0.305s] Level 1:colcon.colcon_core.package_identification:_identify(cfg/yolov1) by extensions ['cmake', 'python']
[0.305s] Level 1:colcon.colcon_core.package_identification:_identify(cfg/yolov1) by extension 'cmake'
[0.305s] Level 1:colcon.colcon_core.package_identification:_identify(cfg/yolov1) by extension 'python'
[0.305s] Level 1:colcon.colcon_core.package_identification:_identify(cfg/yolov1) by extensions ['python_setup_py']
[0.305s] Level 1:colcon.colcon_core.package_identification:_identify(cfg/yolov1) by extension 'python_setup_py'
[0.305s] Level 1:colcon.colcon_core.package_identification:_identify(custom_msg) by extensions ['ignore', 'ignore_ament_install']
[0.305s] Level 1:colcon.colcon_core.package_identification:_identify(custom_msg) by extension 'ignore'
[0.305s] Level 1:colcon.colcon_core.package_identification:_identify(custom_msg) by extension 'ignore_ament_install'
[0.305s] Level 1:colcon.colcon_core.package_identification:_identify(custom_msg) by extensions ['colcon_pkg']
[0.305s] Level 1:colcon.colcon_core.package_identification:_identify(custom_msg) by extension 'colcon_pkg'
[0.305s] Level 1:colcon.colcon_core.package_identification:_identify(custom_msg) by extensions ['colcon_meta']
[0.305s] Level 1:colcon.colcon_core.package_identification:_identify(custom_msg) by extension 'colcon_meta'
[0.305s] Level 1:colcon.colcon_core.package_identification:_identify(custom_msg) by extensions ['ros']
[0.305s] Level 1:colcon.colcon_core.package_identification:_identify(custom_msg) by extension 'ros'
[0.307s] DEBUG:colcon.colcon_core.package_identification:Package 'custom_msg' with type 'ros.ament_cmake' and name 'custom_msg'
[0.307s] Level 1:colcon.colcon_core.package_identification:_identify(install) by extensions ['ignore', 'ignore_ament_install']
[0.307s] Level 1:colcon.colcon_core.package_identification:_identify(install) by extension 'ignore'
[0.307s] Level 1:colcon.colcon_core.package_identification:_identify(install) ignored
[0.307s] Level 1:colcon.colcon_core.package_identification:_identify(log) by extensions ['ignore', 'ignore_ament_install']
[0.307s] Level 1:colcon.colcon_core.package_identification:_identify(log) by extension 'ignore'
[0.307s] Level 1:colcon.colcon_core.package_identification:_identify(log) ignored
[0.307s] Level 1:colcon.colcon_core.package_identification:_identify(ros2yolo) by extensions ['ignore', 'ignore_ament_install']
[0.308s] Level 1:colcon.colcon_core.package_identification:_identify(ros2yolo) by extension 'ignore'
[0.308s] Level 1:colcon.colcon_core.package_identification:_identify(ros2yolo) by extension 'ignore_ament_install'
[0.308s] Level 1:colcon.colcon_core.package_identification:_identify(ros2yolo) by extensions ['colcon_pkg']
[0.308s] Level 1:colcon.colcon_core.package_identification:_identify(ros2yolo) by extension 'colcon_pkg'
[0.308s] Level 1:colcon.colcon_core.package_identification:_identify(ros2yolo) by extensions ['colcon_meta']
[0.308s] Level 1:colcon.colcon_core.package_identification:_identify(ros2yolo) by extension 'colcon_meta'
[0.308s] Level 1:colcon.colcon_core.package_identification:_identify(ros2yolo) by extensions ['ros']
[0.308s] Level 1:colcon.colcon_core.package_identification:_identify(ros2yolo) by extension 'ros'
[0.308s] DEBUG:colcon.colcon_core.package_identification:Package 'ros2yolo' with type 'ros.ament_python' and name 'ros2yolo'
[0.308s] Level 1:colcon.colcon_core.package_discovery:discover_packages(recursive) using defaults
[0.308s] Level 1:colcon.colcon_core.package_discovery:discover_packages(ignore) discover
[0.309s] Level 1:colcon.colcon_core.package_discovery:discover_packages(ignore) using defaults
[0.309s] Level 1:colcon.colcon_core.package_discovery:discover_packages(path) discover
[0.309s] Level 1:colcon.colcon_core.package_discovery:discover_packages(path) using defaults
[0.325s] Level 5:colcon.colcon_core.verb:set package 'custom_msg' build argument 'cmake_args' from command line to 'None'
[0.325s] Level 5:colcon.colcon_core.verb:set package 'custom_msg' build argument 'cmake_target' from command line to 'None'
[0.325s] Level 5:colcon.colcon_core.verb:set package 'custom_msg' build argument 'cmake_target_skip_unavailable' from command line to 'False'
[0.325s] Level 5:colcon.colcon_core.verb:set package 'custom_msg' build argument 'cmake_clean_cache' from command line to 'False'
[0.325s] Level 5:colcon.colcon_core.verb:set package 'custom_msg' build argument 'cmake_clean_first' from command line to 'False'
[0.325s] Level 5:colcon.colcon_core.verb:set package 'custom_msg' build argument 'cmake_force_configure' from command line to 'False'
[0.325s] Level 5:colcon.colcon_core.verb:set package 'custom_msg' build argument 'ament_cmake_args' from command line to 'None'
[0.325s] Level 5:colcon.colcon_core.verb:set package 'custom_msg' build argument 'catkin_cmake_args' from command line to 'None'
[0.325s] Level 5:colcon.colcon_core.verb:set package 'custom_msg' build argument 'catkin_skip_building_tests' from command line to 'False'
[0.325s] DEBUG:colcon.colcon_core.verb:Building package 'custom_msg' with the following arguments: {'ament_cmake_args': None, 'build_base': '/home/mingyu/rosyolo_final/build/custom_msg', 'catkin_cmake_args': None, 'catkin_skip_building_tests': False, 'cmake_args': None, 'cmake_clean_cache': False, 'cmake_clean_first': False, 'cmake_force_configure': False, 'cmake_target': None, 'cmake_target_skip_unavailable': False, 'install_base': '/home/mingyu/rosyolo_final/install/custom_msg', 'merge_install': False, 'path': '/home/mingyu/rosyolo_final/custom_msg', 'symlink_install': False, 'test_result_base': None}
[0.327s] Level 5:colcon.colcon_core.verb:set package 'ros2yolo' build argument 'cmake_args' from command line to 'None'
[0.327s] Level 5:colcon.colcon_core.verb:set package 'ros2yolo' build argument 'cmake_target' from command line to 'None'
[0.327s] Level 5:colcon.colcon_core.verb:set package 'ros2yolo' build argument 'cmake_target_skip_unavailable' from command line to 'False'
[0.327s] Level 5:colcon.colcon_core.verb:set package 'ros2yolo' build argument 'cmake_clean_cache' from command line to 'False'
[0.327s] Level 5:colcon.colcon_core.verb:set package 'ros2yolo' build argument 'cmake_clean_first' from command line to 'False'
[0.327s] Level 5:colcon.colcon_core.verb:set package 'ros2yolo' build argument 'cmake_force_configure' from command line to 'False'
[0.327s] Level 5:colcon.colcon_core.verb:set package 'ros2yolo' build argument 'ament_cmake_args' from command line to 'None'
[0.327s] Level 5:colcon.colcon_core.verb:set package 'ros2yolo' build argument 'catkin_cmake_args' from command line to 'None'
[0.327s] Level 5:colcon.colcon_core.verb:set package 'ros2yolo' build argument 'catkin_skip_building_tests' from command line to 'False'
[0.327s] DEBUG:colcon.colcon_core.verb:Building package 'ros2yolo' with the following arguments: {'ament_cmake_args': None, 'build_base': '/home/mingyu/rosyolo_final/build/ros2yolo', 'catkin_cmake_args': None, 'catkin_skip_building_tests': False, 'cmake_args': None, 'cmake_clean_cache': False, 'cmake_clean_first': False, 'cmake_force_configure': False, 'cmake_target': None, 'cmake_target_skip_unavailable': False, 'install_base': '/home/mingyu/rosyolo_final/install/ros2yolo', 'merge_install': False, 'path': '/home/mingyu/rosyolo_final/ros2yolo', 'symlink_install': False, 'test_result_base': None}
[0.328s] INFO:colcon.colcon_core.executor:Executing jobs using 'parallel' executor
[0.330s] DEBUG:colcon.colcon_parallel_executor.executor.parallel:run_until_complete
[0.330s] INFO:colcon.colcon_ros.task.ament_cmake.build:Building ROS package in '/home/mingyu/rosyolo_final/custom_msg' with build type 'ament_cmake'
[0.330s] INFO:colcon.colcon_cmake.task.cmake.build:Building CMake package in '/home/mingyu/rosyolo_final/custom_msg'
[0.333s] INFO:colcon.colcon_core.plugin_system:Skipping extension 'colcon_core.shell.bat': Not used on non-Windows systems
[0.333s] INFO:colcon.colcon_core.shell:Skip shell extension 'powershell' for command environment: Not usable outside of PowerShell
[0.333s] DEBUG:colcon.colcon_core.shell:Skip shell extension 'dsv' for command environment
[0.335s] DEBUG:colcon.colcon_core.shell:Ignoring prefix path '/opt/ros/foxy'
[0.335s] DEBUG:colcon.colcon_core.shell:Ignoring prefix path '/opt/ros/noetic'
[0.344s] DEBUG:colcon.colcon_core.event_handler.log_command:Invoking command in '/home/mingyu/rosyolo_final/build/custom_msg': CMAKE_PREFIX_PATH=/home/mingyu/rosyolo_final/install/custom_msg:/home/mingyu/rosyolo_final/install/ros2yolo:/opt/ros/foxy:/opt/ros/noetic /usr/local/bin/cmake --build /home/mingyu/rosyolo_final/build/custom_msg -- -j12 -l12
[0.422s] DEBUG:colcon.colcon_core.event_handler.log_command:Invoked command in '/home/mingyu/rosyolo_final/build/custom_msg' returned '0': CMAKE_PREFIX_PATH=/home/mingyu/rosyolo_final/install/custom_msg:/home/mingyu/rosyolo_final/install/ros2yolo:/opt/ros/foxy:/opt/ros/noetic /usr/local/bin/cmake --build /home/mingyu/rosyolo_final/build/custom_msg -- -j12 -l12
[0.464s] DEBUG:colcon.colcon_core.event_handler.log_command:Invoking command in '/home/mingyu/rosyolo_final/build/custom_msg': CMAKE_PREFIX_PATH=/home/mingyu/rosyolo_final/install/custom_msg:/home/mingyu/rosyolo_final/install/ros2yolo:/opt/ros/foxy:/opt/ros/noetic /usr/local/bin/cmake --install /home/mingyu/rosyolo_final/build/custom_msg
[0.501s] Level 1:colcon.colcon_core.environment:create_environment_scripts_only(custom_msg)
[0.503s] DEBUG:colcon.colcon_core.event_handler.log_command:Invoked command in '/home/mingyu/rosyolo_final/build/custom_msg' returned '0': CMAKE_PREFIX_PATH=/home/mingyu/rosyolo_final/install/custom_msg:/home/mingyu/rosyolo_final/install/ros2yolo:/opt/ros/foxy:/opt/ros/noetic /usr/local/bin/cmake --install /home/mingyu/rosyolo_final/build/custom_msg
[0.505s] Level 1:colcon.colcon_core.environment:checking '/home/mingyu/rosyolo_final/install/custom_msg' for CMake module files
[0.506s] Level 1:colcon.colcon_core.environment:checking '/home/mingyu/rosyolo_final/install/custom_msg' for CMake config files
[0.506s] Level 1:colcon.colcon_core.shell:create_environment_hook('custom_msg', 'cmake_prefix_path')
[0.507s] INFO:colcon.colcon_core.shell:Creating environment hook '/home/mingyu/rosyolo_final/install/custom_msg/share/custom_msg/hook/cmake_prefix_path.ps1'
[0.507s] INFO:colcon.colcon_core.shell:Creating environment descriptor '/home/mingyu/rosyolo_final/install/custom_msg/share/custom_msg/hook/cmake_prefix_path.dsv'
[0.508s] INFO:colcon.colcon_core.shell:Creating environment hook '/home/mingyu/rosyolo_final/install/custom_msg/share/custom_msg/hook/cmake_prefix_path.sh'
[0.508s] Level 1:colcon.colcon_core.environment:checking '/home/mingyu/rosyolo_final/install/custom_msg/lib'
[0.508s] Level 1:colcon.colcon_core.shell:create_environment_hook('custom_msg', 'ld_library_path_lib')
[0.509s] INFO:colcon.colcon_core.shell:Creating environment hook '/home/mingyu/rosyolo_final/install/custom_msg/share/custom_msg/hook/ld_library_path_lib.ps1'
[0.509s] INFO:colcon.colcon_core.shell:Creating environment descriptor '/home/mingyu/rosyolo_final/install/custom_msg/share/custom_msg/hook/ld_library_path_lib.dsv'
[0.509s] INFO:colcon.colcon_core.shell:Creating environment hook '/home/mingyu/rosyolo_final/install/custom_msg/share/custom_msg/hook/ld_library_path_lib.sh'
[0.510s] Level 1:colcon.colcon_core.environment:checking '/home/mingyu/rosyolo_final/install/custom_msg/bin'
[0.510s] Level 1:colcon.colcon_core.environment:checking '/home/mingyu/rosyolo_final/install/custom_msg/lib/pkgconfig/custom_msg.pc'
[0.510s] Level 1:colcon.colcon_core.environment:checking '/home/mingyu/rosyolo_final/install/custom_msg/lib/python3.8/site-packages'
[0.510s] Level 1:colcon.colcon_core.shell:create_environment_hook('custom_msg', 'pythonpath')
[0.510s] INFO:colcon.colcon_core.shell:Creating environment hook '/home/mingyu/rosyolo_final/install/custom_msg/share/custom_msg/hook/pythonpath.ps1'
[0.511s] INFO:colcon.colcon_core.shell:Creating environment descriptor '/home/mingyu/rosyolo_final/install/custom_msg/share/custom_msg/hook/pythonpath.dsv'
[0.511s] INFO:colcon.colcon_core.shell:Creating environment hook '/home/mingyu/rosyolo_final/install/custom_msg/share/custom_msg/hook/pythonpath.sh'
[0.512s] INFO:colcon.colcon_core.shell:Creating package script '/home/mingyu/rosyolo_final/install/custom_msg/share/custom_msg/package.ps1'
[0.513s] INFO:colcon.colcon_core.shell:Creating package descriptor '/home/mingyu/rosyolo_final/install/custom_msg/share/custom_msg/package.dsv'
[0.513s] INFO:colcon.colcon_core.shell:Creating package script '/home/mingyu/rosyolo_final/install/custom_msg/share/custom_msg/package.sh'
[0.514s] INFO:colcon.colcon_core.shell:Creating package script '/home/mingyu/rosyolo_final/install/custom_msg/share/custom_msg/package.bash'
[0.514s] INFO:colcon.colcon_core.shell:Creating package script '/home/mingyu/rosyolo_final/install/custom_msg/share/custom_msg/package.zsh'
[0.515s] Level 1:colcon.colcon_core.environment:create_file_with_runtime_dependencies(/home/mingyu/rosyolo_final/install/custom_msg/share/colcon-core/packages/custom_msg)
[0.550s] Level 1:colcon.colcon_core.environment:create_environment_scripts_only(custom_msg)
[0.551s] Level 1:colcon.colcon_core.environment:checking '/home/mingyu/rosyolo_final/install/custom_msg' for CMake module files
[0.551s] Level 1:colcon.colcon_core.environment:checking '/home/mingyu/rosyolo_final/install/custom_msg' for CMake config files
[0.552s] Level 1:colcon.colcon_core.shell:create_environment_hook('custom_msg', 'cmake_prefix_path')
[0.552s] INFO:colcon.colcon_core.shell:Creating environment hook '/home/mingyu/rosyolo_final/install/custom_msg/share/custom_msg/hook/cmake_prefix_path.ps1'
[0.553s] INFO:colcon.colcon_core.shell:Creating environment descriptor '/home/mingyu/rosyolo_final/install/custom_msg/share/custom_msg/hook/cmake_prefix_path.dsv'
[0.553s] INFO:colcon.colcon_core.shell:Creating environment hook '/home/mingyu/rosyolo_final/install/custom_msg/share/custom_msg/hook/cmake_prefix_path.sh'
[0.553s] Level 1:colcon.colcon_core.environment:checking '/home/mingyu/rosyolo_final/install/custom_msg/lib'
[0.553s] Level 1:colcon.colcon_core.shell:create_environment_hook('custom_msg', 'ld_library_path_lib')
[0.554s] INFO:colcon.colcon_core.shell:Creating environment hook '/home/mingyu/rosyolo_final/install/custom_msg/share/custom_msg/hook/ld_library_path_lib.ps1'
[0.554s] INFO:colcon.colcon_core.shell:Creating environment descriptor '/home/mingyu/rosyolo_final/install/custom_msg/share/custom_msg/hook/ld_library_path_lib.dsv'
[0.554s] INFO:colcon.colcon_core.shell:Creating environment hook '/home/mingyu/rosyolo_final/install/custom_msg/share/custom_msg/hook/ld_library_path_lib.sh'
[0.555s] Level 1:colcon.colcon_core.environment:checking '/home/mingyu/rosyolo_final/install/custom_msg/bin'
[0.555s] Level 1:colcon.colcon_core.environment:checking '/home/mingyu/rosyolo_final/install/custom_msg/lib/pkgconfig/custom_msg.pc'
[0.555s] Level 1:colcon.colcon_core.environment:checking '/home/mingyu/rosyolo_final/install/custom_msg/lib/python3.8/site-packages'
[0.555s] Level 1:colcon.colcon_core.shell:create_environment_hook('custom_msg', 'pythonpath')
[0.555s] INFO:colcon.colcon_core.shell:Creating environment hook '/home/mingyu/rosyolo_final/install/custom_msg/share/custom_msg/hook/pythonpath.ps1'
[0.556s] INFO:colcon.colcon_core.shell:Creating environment descriptor '/home/mingyu/rosyolo_final/install/custom_msg/share/custom_msg/hook/pythonpath.dsv'
[0.556s] INFO:colcon.colcon_core.shell:Creating environment hook '/home/mingyu/rosyolo_final/install/custom_msg/share/custom_msg/hook/pythonpath.sh'
[0.557s] INFO:colcon.colcon_core.shell:Creating package script '/home/mingyu/rosyolo_final/install/custom_msg/share/custom_msg/package.ps1'
[0.557s] INFO:colcon.colcon_core.shell:Creating package descriptor '/home/mingyu/rosyolo_final/install/custom_msg/share/custom_msg/package.dsv'
[0.558s] INFO:colcon.colcon_core.shell:Creating package script '/home/mingyu/rosyolo_final/install/custom_msg/share/custom_msg/package.sh'
[0.558s] INFO:colcon.colcon_core.shell:Creating package script '/home/mingyu/rosyolo_final/install/custom_msg/share/custom_msg/package.bash'
[0.558s] INFO:colcon.colcon_core.shell:Creating package script '/home/mingyu/rosyolo_final/install/custom_msg/share/custom_msg/package.zsh'
[0.559s] Level 1:colcon.colcon_core.environment:create_file_with_runtime_dependencies(/home/mingyu/rosyolo_final/install/custom_msg/share/colcon-core/packages/custom_msg)
[0.559s] INFO:colcon.colcon_ros.task.ament_python.build:Building ROS package in '/home/mingyu/rosyolo_final/ros2yolo' with build type 'ament_python'
[0.559s] Level 1:colcon.colcon_core.shell:create_environment_hook('ros2yolo', 'ament_prefix_path')
[0.560s] INFO:colcon.colcon_core.shell:Creating environment hook '/home/mingyu/rosyolo_final/install/ros2yolo/share/ros2yolo/hook/ament_prefix_path.ps1'
[0.560s] INFO:colcon.colcon_core.shell:Creating environment descriptor '/home/mingyu/rosyolo_final/install/ros2yolo/share/ros2yolo/hook/ament_prefix_path.dsv'
[0.561s] INFO:colcon.colcon_core.shell:Creating environment hook '/home/mingyu/rosyolo_final/install/ros2yolo/share/ros2yolo/hook/ament_prefix_path.sh'
[0.561s] INFO:colcon.colcon_core.shell:Skip shell extension 'powershell' for command environment: Not usable outside of PowerShell
[0.561s] DEBUG:colcon.colcon_core.shell:Skip shell extension 'dsv' for command environment
[0.563s] DEBUG:colcon.colcon_core.shell:Ignoring prefix path '/opt/ros/foxy'
[0.563s] DEBUG:colcon.colcon_core.shell:Ignoring prefix path '/opt/ros/noetic'
[0.792s] INFO:colcon.colcon_core.task.python.build:Building Python package in '/home/mingyu/rosyolo_final/ros2yolo'
[0.793s] INFO:colcon.colcon_core.shell:Skip shell extension 'powershell' for command environment: Not usable outside of PowerShell
[0.793s] DEBUG:colcon.colcon_core.shell:Skip shell extension 'dsv' for command environment
[0.795s] DEBUG:colcon.colcon_core.shell:Ignoring prefix path '/opt/ros/foxy'
[0.795s] DEBUG:colcon.colcon_core.shell:Ignoring prefix path '/opt/ros/noetic'
[0.802s] DEBUG:colcon.colcon_core.event_handler.log_command:Invoking command in '/home/mingyu/rosyolo_final/ros2yolo': PYTHONPATH=/home/mingyu/rosyolo_final/install/ros2yolo/lib/python3.8/site-packages:/home/mingyu/rosyolo_final/install/custom_msg/lib/python3.8/site-packages:/home/mingyu/rosyolo_final/install/ros2yolo/lib/python3.8/site-packages:/opt/ros/foxy/lib/python3.8/site-packages:/opt/ros/noetic/lib/python3/dist-packages:/home/mingyu/COCO/cocodataset/api/cocoapi/PythonAPI:/home/mingyu/COCO/cocodataset/api3/cocoapi/PythonAPI /usr/bin/python3 setup.py egg_info --egg-base ../build/ros2yolo build --build-base /home/mingyu/rosyolo_final/build/ros2yolo/build install --prefix /home/mingyu/rosyolo_final/install/ros2yolo --record /home/mingyu/rosyolo_final/build/ros2yolo/install.log --single-version-externally-managed
[1.077s] Level 1:colcon.colcon_core.environment:checking '/home/mingyu/rosyolo_final/install/ros2yolo' for CMake module files
[1.078s] DEBUG:colcon.colcon_core.event_handler.log_command:Invoked command in '/home/mingyu/rosyolo_final/ros2yolo' returned '0': PYTHONPATH=/home/mingyu/rosyolo_final/install/ros2yolo/lib/python3.8/site-packages:/home/mingyu/rosyolo_final/install/custom_msg/lib/python3.8/site-packages:/home/mingyu/rosyolo_final/install/ros2yolo/lib/python3.8/site-packages:/opt/ros/foxy/lib/python3.8/site-packages:/opt/ros/noetic/lib/python3/dist-packages:/home/mingyu/COCO/cocodataset/api/cocoapi/PythonAPI:/home/mingyu/COCO/cocodataset/api3/cocoapi/PythonAPI /usr/bin/python3 setup.py egg_info --egg-base ../build/ros2yolo build --build-base /home/mingyu/rosyolo_final/build/ros2yolo/build install --prefix /home/mingyu/rosyolo_final/install/ros2yolo --record /home/mingyu/rosyolo_final/build/ros2yolo/install.log --single-version-externally-managed
[1.078s] Level 1:colcon.colcon_core.environment:checking '/home/mingyu/rosyolo_final/install/ros2yolo' for CMake config files
[1.079s] Level 1:colcon.colcon_core.environment:checking '/home/mingyu/rosyolo_final/install/ros2yolo/lib'
[1.079s] Level 1:colcon.colcon_core.environment:checking '/home/mingyu/rosyolo_final/install/ros2yolo/bin'
[1.079s] Level 1:colcon.colcon_core.environment:checking '/home/mingyu/rosyolo_final/install/ros2yolo/lib/pkgconfig/ros2yolo.pc'
[1.079s] Level 1:colcon.colcon_core.environment:checking '/home/mingyu/rosyolo_final/install/ros2yolo/lib/python3.8/site-packages'
[1.079s] Level 1:colcon.colcon_core.shell:create_environment_hook('ros2yolo', 'pythonpath')
[1.080s] INFO:colcon.colcon_core.shell:Creating environment hook '/home/mingyu/rosyolo_final/install/ros2yolo/share/ros2yolo/hook/pythonpath.ps1'
[1.080s] INFO:colcon.colcon_core.shell:Creating environment descriptor '/home/mingyu/rosyolo_final/install/ros2yolo/share/ros2yolo/hook/pythonpath.dsv'
[1.080s] INFO:colcon.colcon_core.shell:Creating environment hook '/home/mingyu/rosyolo_final/install/ros2yolo/share/ros2yolo/hook/pythonpath.sh'
[1.081s] Level 1:colcon.colcon_core.environment:create_environment_scripts_only(ros2yolo)
[1.081s] INFO:colcon.colcon_core.shell:Creating package script '/home/mingyu/rosyolo_final/install/ros2yolo/share/ros2yolo/package.ps1'
[1.082s] INFO:colcon.colcon_core.shell:Creating package descriptor '/home/mingyu/rosyolo_final/install/ros2yolo/share/ros2yolo/package.dsv'
[1.082s] INFO:colcon.colcon_core.shell:Creating package script '/home/mingyu/rosyolo_final/install/ros2yolo/share/ros2yolo/package.sh'
[1.082s] INFO:colcon.colcon_core.shell:Creating package script '/home/mingyu/rosyolo_final/install/ros2yolo/share/ros2yolo/package.bash'
[1.082s] INFO:colcon.colcon_core.shell:Creating package script '/home/mingyu/rosyolo_final/install/ros2yolo/share/ros2yolo/package.zsh'
[1.083s] Level 1:colcon.colcon_core.environment:create_file_with_runtime_dependencies(/home/mingyu/rosyolo_final/install/ros2yolo/share/colcon-core/packages/ros2yolo)
[1.083s] DEBUG:colcon.colcon_parallel_executor.executor.parallel:closing loop
[1.083s] DEBUG:colcon.colcon_parallel_executor.executor.parallel:loop closed
[1.083s] DEBUG:colcon.colcon_parallel_executor.executor.parallel:run_until_complete finished with '0'
[1.083s] DEBUG:colcon.colcon_core.event_reactor:joining thread
[1.088s] INFO:colcon.colcon_core.plugin_system:Skipping extension 'colcon_notification.desktop_notification.terminal_notifier': Not used on non-Darwin systems
[1.088s] INFO:colcon.colcon_core.plugin_system:Skipping extension 'colcon_notification.desktop_notification.win32': Not used on non-Windows systems
[1.088s] INFO:colcon.colcon_notification.desktop_notification:Sending desktop notification using 'notify2'
[1.107s] DEBUG:colcon.colcon_core.event_reactor:joined thread
[1.108s] INFO:colcon.colcon_core.shell:Creating prefix script '/home/mingyu/rosyolo_final/install/local_setup.ps1'
[1.108s] INFO:colcon.colcon_core.shell:Creating prefix util module '/home/mingyu/rosyolo_final/install/_local_setup_util_ps1.py'
[1.109s] INFO:colcon.colcon_core.shell:Creating prefix chain script '/home/mingyu/rosyolo_final/install/setup.ps1'
[1.112s] INFO:colcon.colcon_core.shell:Creating prefix script '/home/mingyu/rosyolo_final/install/local_setup.sh'
[1.112s] INFO:colcon.colcon_core.shell:Creating prefix util module '/home/mingyu/rosyolo_final/install/_local_setup_util_sh.py'
[1.112s] INFO:colcon.colcon_core.shell:Creating prefix chain script '/home/mingyu/rosyolo_final/install/setup.sh'
[1.114s] INFO:colcon.colcon_core.shell:Creating prefix script '/home/mingyu/rosyolo_final/install/local_setup.bash'
[1.115s] INFO:colcon.colcon_core.shell:Creating prefix chain script '/home/mingyu/rosyolo_final/install/setup.bash'
[1.116s] INFO:colcon.colcon_core.shell:Creating prefix script '/home/mingyu/rosyolo_final/install/local_setup.zsh'
[1.117s] INFO:colcon.colcon_core.shell:Creating prefix chain script '/home/mingyu/rosyolo_final/install/setup.zsh'
