[0.379s] Invoking command in '/home/mingyu/rosyolo_final/ros2yolo': AMENT_PREFIX_PATH=/home/mingyu/rosyolo_final/install/custom_msg:${AMENT_PREFIX_PATH} CMAKE_PREFIX_PATH=/home/mingyu/rosyolo_final/install/custom_msg:${CMAKE_PREFIX_PATH} LD_LIBRARY_PATH=/home/mingyu/rosyolo_final/install/custom_msg/lib:${LD_LIBRARY_PATH} PYTHONPATH=/home/mingyu/rosyolo_final/install/ros2yolo/lib/python3.8/site-packages:/home/mingyu/rosyolo_final/install/custom_msg/lib/python3.8/site-packages:${PYTHONPATH} /usr/bin/python3 setup.py egg_info --egg-base ../build/ros2yolo build --build-base /home/mingyu/rosyolo_final/build/ros2yolo/build install --prefix /home/mingyu/rosyolo_final/install/ros2yolo --record /home/mingyu/rosyolo_final/build/ros2yolo/install.log --single-version-externally-managed
[0.690s] running egg_info
[0.691s] creating ../build/ros2yolo/ros2yolo.egg-info
[0.691s] writing ../build/ros2yolo/ros2yolo.egg-info/PKG-INFO
[0.692s] writing dependency_links to ../build/ros2yolo/ros2yolo.egg-info/dependency_links.txt
[0.692s] writing entry points to ../build/ros2yolo/ros2yolo.egg-info/entry_points.txt
[0.692s] writing requirements to ../build/ros2yolo/ros2yolo.egg-info/requires.txt
[0.692s] writing top-level names to ../build/ros2yolo/ros2yolo.egg-info/top_level.txt
[0.694s] writing manifest file '../build/ros2yolo/ros2yolo.egg-info/SOURCES.txt'
[0.736s] reading manifest file '../build/ros2yolo/ros2yolo.egg-info/SOURCES.txt'
[0.737s] writing manifest file '../build/ros2yolo/ros2yolo.egg-info/SOURCES.txt'
[0.738s] running build
[0.738s] running build_py
[0.738s] creating /home/mingyu/rosyolo_final/build/ros2yolo/build
[0.738s] creating /home/mingyu/rosyolo_final/build/ros2yolo/build/lib
[0.739s] creating /home/mingyu/rosyolo_final/build/ros2yolo/build/lib/ros2yolo
[0.739s] copying ros2yolo/yolo_map.py -> /home/mingyu/rosyolo_final/build/ros2yolo/build/lib/ros2yolo
[0.739s] copying ros2yolo/ros2_yolo.py -> /home/mingyu/rosyolo_final/build/ros2yolo/build/lib/ros2yolo
[0.739s] copying ros2yolo/__init__.py -> /home/mingyu/rosyolo_final/build/ros2yolo/build/lib/ros2yolo
[0.739s] running install
[0.740s] running install_lib
[0.741s] creating /home/mingyu/rosyolo_final/install/ros2yolo/lib/python3.8/site-packages/ros2yolo
[0.742s] copying /home/mingyu/rosyolo_final/build/ros2yolo/build/lib/ros2yolo/yolo_map.py -> /home/mingyu/rosyolo_final/install/ros2yolo/lib/python3.8/site-packages/ros2yolo
[0.742s] copying /home/mingyu/rosyolo_final/build/ros2yolo/build/lib/ros2yolo/ros2_yolo.py -> /home/mingyu/rosyolo_final/install/ros2yolo/lib/python3.8/site-packages/ros2yolo
[0.742s] copying /home/mingyu/rosyolo_final/build/ros2yolo/build/lib/ros2yolo/__init__.py -> /home/mingyu/rosyolo_final/install/ros2yolo/lib/python3.8/site-packages/ros2yolo
[0.743s] byte-compiling /home/mingyu/rosyolo_final/install/ros2yolo/lib/python3.8/site-packages/ros2yolo/yolo_map.py to yolo_map.cpython-38.pyc
[0.746s] byte-compiling /home/mingyu/rosyolo_final/install/ros2yolo/lib/python3.8/site-packages/ros2yolo/ros2_yolo.py to ros2_yolo.cpython-38.pyc
[0.748s] byte-compiling /home/mingyu/rosyolo_final/install/ros2yolo/lib/python3.8/site-packages/ros2yolo/__init__.py to __init__.cpython-38.pyc
[0.748s] running install_data
[0.749s] creating /home/mingyu/rosyolo_final/install/ros2yolo/share/ament_index
[0.749s] creating /home/mingyu/rosyolo_final/install/ros2yolo/share/ament_index/resource_index
[0.749s] creating /home/mingyu/rosyolo_final/install/ros2yolo/share/ament_index/resource_index/packages
[0.750s] copying resource/ros2yolo -> /home/mingyu/rosyolo_final/install/ros2yolo/share/ament_index/resource_index/packages
[0.750s] copying package.xml -> /home/mingyu/rosyolo_final/install/ros2yolo/share/ros2yolo
[0.750s] running install_egg_info
[0.752s] Copying ../build/ros2yolo/ros2yolo.egg-info to /home/mingyu/rosyolo_final/install/ros2yolo/lib/python3.8/site-packages/ros2yolo-0.0.0-py3.8.egg-info
[0.752s] running install_scripts
[0.770s] Installing ros2_yolo script to /home/mingyu/rosyolo_final/install/ros2yolo/lib/ros2yolo
[0.771s] Installing yolo_map script to /home/mingyu/rosyolo_final/install/ros2yolo/lib/ros2yolo
[0.771s] writing list of installed files to '/home/mingyu/rosyolo_final/build/ros2yolo/install.log'
[0.792s] Invoked command in '/home/mingyu/rosyolo_final/ros2yolo' returned '0': AMENT_PREFIX_PATH=/home/mingyu/rosyolo_final/install/custom_msg:${AMENT_PREFIX_PATH} CMAKE_PREFIX_PATH=/home/mingyu/rosyolo_final/install/custom_msg:${CMAKE_PREFIX_PATH} LD_LIBRARY_PATH=/home/mingyu/rosyolo_final/install/custom_msg/lib:${LD_LIBRARY_PATH} PYTHONPATH=/home/mingyu/rosyolo_final/install/ros2yolo/lib/python3.8/site-packages:/home/mingyu/rosyolo_final/install/custom_msg/lib/python3.8/site-packages:${PYTHONPATH} /usr/bin/python3 setup.py egg_info --egg-base ../build/ros2yolo build --build-base /home/mingyu/rosyolo_final/build/ros2yolo/build install --prefix /home/mingyu/rosyolo_final/install/ros2yolo --record /home/mingyu/rosyolo_final/build/ros2yolo/install.log --single-version-externally-managed
