[0.013s] Invoking command in '/home/mingyu/rosyolo_final/build/custom_msg': CMAKE_PREFIX_PATH=/home/mingyu/rosyolo_final/install/custom_msg:/home/mingyu/rosyolo_final/install/ros2yolo:/opt/ros/foxy:/opt/ros/noetic /bin/cmake --build /home/mingyu/rosyolo_final/build/custom_msg -- -j12 -l12
[0.062s] [  3%] Built target custom_msg__cpp
[0.063s] [ 12%] Built target custom_msg__rosidl_generator_c
[0.091s] [ 22%] Built target custom_msg__rosidl_typesupport_cpp
[0.091s] [ 38%] Built target custom_msg__rosidl_typesupport_c
[0.091s] [ 41%] Built target custom_msg__rosidl_typesupport_introspection_cpp
[0.091s] [ 51%] Built target custom_msg__rosidl_typesupport_introspection_c
[0.098s] [ 61%] Built target custom_msg__rosidl_typesupport_fastrtps_cpp
[0.142s] [ 70%] Built target custom_msg__rosidl_typesupport_fastrtps_c
[0.172s] [ 70%] Built target custom_msg
[0.196s] [ 74%] Built target custom_msg__py
[0.221s] [ 80%] Built target custom_msg__python
[0.250s] [100%] Built target custom_msg__rosidl_typesupport_introspection_c__pyext
[0.250s] [100%] Built target custom_msg__rosidl_typesupport_c__pyext
[0.250s] [100%] Built target custom_msg__rosidl_typesupport_fastrtps_c__pyext
[0.260s] Invoked command in '/home/mingyu/rosyolo_final/build/custom_msg' returned '0': CMAKE_PREFIX_PATH=/home/mingyu/rosyolo_final/install/custom_msg:/home/mingyu/rosyolo_final/install/ros2yolo:/opt/ros/foxy:/opt/ros/noetic /bin/cmake --build /home/mingyu/rosyolo_final/build/custom_msg -- -j12 -l12
[0.319s] Invoking command in '/home/mingyu/rosyolo_final/build/custom_msg': CMAKE_PREFIX_PATH=/home/mingyu/rosyolo_final/install/custom_msg:/home/mingyu/rosyolo_final/install/ros2yolo:/opt/ros/foxy:/opt/ros/noetic /bin/cmake --install /home/mingyu/rosyolo_final/build/custom_msg
[0.327s] -- Install configuration: ""
[0.327s] -- Up-to-date: /home/mingyu/rosyolo_final/install/custom_msg/share/ament_index/resource_index/rosidl_interfaces/custom_msg
[0.327s] -- Up-to-date: /home/mingyu/rosyolo_final/install/custom_msg/include/custom_msg
[0.327s] -- Up-to-date: /home/mingyu/rosyolo_final/install/custom_msg/include/custom_msg/msg
[0.327s] -- Up-to-date: /home/mingyu/rosyolo_final/install/custom_msg/include/custom_msg/msg/rosidl_generator_c__visibility_control.h
[0.327s] -- Up-to-date: /home/mingyu/rosyolo_final/install/custom_msg/include/custom_msg/msg/ros2_yolo.h
[0.328s] -- Up-to-date: /home/mingyu/rosyolo_final/install/custom_msg/include/custom_msg/msg/detail
[0.328s] -- Up-to-date: /home/mingyu/rosyolo_final/install/custom_msg/include/custom_msg/msg/detail/ros2_yolo__type_support.h
[0.328s] -- Up-to-date: /home/mingyu/rosyolo_final/install/custom_msg/include/custom_msg/msg/detail/ros2_yolo__functions.h
[0.328s] -- Up-to-date: /home/mingyu/rosyolo_final/install/custom_msg/include/custom_msg/msg/detail/ros2_yolo__functions.c
[0.328s] -- Up-to-date: /home/mingyu/rosyolo_final/install/custom_msg/include/custom_msg/msg/detail/ros2_yolo__struct.h
[0.328s] -- Up-to-date: /home/mingyu/rosyolo_final/install/custom_msg/share/custom_msg/environment/library_path.sh
[0.328s] -- Up-to-date: /home/mingyu/rosyolo_final/install/custom_msg/share/custom_msg/environment/library_path.dsv
[0.329s] -- Up-to-date: /home/mingyu/rosyolo_final/install/custom_msg/lib/libcustom_msg__rosidl_generator_c.so
[0.329s] -- Up-to-date: /home/mingyu/rosyolo_final/install/custom_msg/include/custom_msg
[0.329s] -- Up-to-date: /home/mingyu/rosyolo_final/install/custom_msg/include/custom_msg/msg
[0.329s] -- Up-to-date: /home/mingyu/rosyolo_final/install/custom_msg/include/custom_msg/msg/rosidl_typesupport_fastrtps_c__visibility_control.h
[0.329s] -- Up-to-date: /home/mingyu/rosyolo_final/install/custom_msg/include/custom_msg/msg/detail
[0.329s] -- Up-to-date: /home/mingyu/rosyolo_final/install/custom_msg/include/custom_msg/msg/detail/ros2_yolo__rosidl_typesupport_fastrtps_c.h
[0.329s] -- Up-to-date: /home/mingyu/rosyolo_final/install/custom_msg/lib/libcustom_msg__rosidl_typesupport_fastrtps_c.so
[0.329s] -- Up-to-date: /home/mingyu/rosyolo_final/install/custom_msg/include/custom_msg
[0.329s] -- Up-to-date: /home/mingyu/rosyolo_final/install/custom_msg/include/custom_msg/msg
[0.329s] -- Up-to-date: /home/mingyu/rosyolo_final/install/custom_msg/include/custom_msg/msg/rosidl_typesupport_fastrtps_cpp__visibility_control.h
[0.329s] -- Up-to-date: /home/mingyu/rosyolo_final/install/custom_msg/include/custom_msg/msg/detail
[0.329s] -- Up-to-date: /home/mingyu/rosyolo_final/install/custom_msg/include/custom_msg/msg/detail/ros2_yolo__rosidl_typesupport_fastrtps_cpp.hpp
[0.330s] -- Up-to-date: /home/mingyu/rosyolo_final/install/custom_msg/include/custom_msg/msg/detail/dds_fastrtps
[0.330s] -- Up-to-date: /home/mingyu/rosyolo_final/install/custom_msg/lib/libcustom_msg__rosidl_typesupport_fastrtps_cpp.so
[0.330s] -- Up-to-date: /home/mingyu/rosyolo_final/install/custom_msg/include/custom_msg
[0.330s] -- Up-to-date: /home/mingyu/rosyolo_final/install/custom_msg/include/custom_msg/msg
[0.330s] -- Up-to-date: /home/mingyu/rosyolo_final/install/custom_msg/include/custom_msg/msg/detail
[0.330s] -- Up-to-date: /home/mingyu/rosyolo_final/install/custom_msg/include/custom_msg/msg/detail/ros2_yolo__rosidl_typesupport_introspection_c.h
[0.330s] -- Up-to-date: /home/mingyu/rosyolo_final/install/custom_msg/include/custom_msg/msg/detail/ros2_yolo__type_support.c
[0.330s] -- Up-to-date: /home/mingyu/rosyolo_final/install/custom_msg/include/custom_msg/msg/rosidl_typesupport_introspection_c__visibility_control.h
[0.330s] -- Up-to-date: /home/mingyu/rosyolo_final/install/custom_msg/lib/libcustom_msg__rosidl_typesupport_introspection_c.so
[0.330s] -- Up-to-date: /home/mingyu/rosyolo_final/install/custom_msg/lib/libcustom_msg__rosidl_typesupport_c.so
[0.330s] -- Up-to-date: /home/mingyu/rosyolo_final/install/custom_msg/include/custom_msg
[0.331s] -- Up-to-date: /home/mingyu/rosyolo_final/install/custom_msg/include/custom_msg/msg
[0.331s] -- Up-to-date: /home/mingyu/rosyolo_final/install/custom_msg/include/custom_msg/msg/detail
[0.331s] -- Up-to-date: /home/mingyu/rosyolo_final/install/custom_msg/include/custom_msg/msg/detail/ros2_yolo__struct.hpp
[0.331s] -- Up-to-date: /home/mingyu/rosyolo_final/install/custom_msg/include/custom_msg/msg/detail/ros2_yolo__builder.hpp
[0.331s] -- Up-to-date: /home/mingyu/rosyolo_final/install/custom_msg/include/custom_msg/msg/detail/ros2_yolo__traits.hpp
[0.331s] -- Up-to-date: /home/mingyu/rosyolo_final/install/custom_msg/include/custom_msg/msg/ros2_yolo.hpp
[0.331s] -- Up-to-date: /home/mingyu/rosyolo_final/install/custom_msg/include/custom_msg
[0.331s] -- Up-to-date: /home/mingyu/rosyolo_final/install/custom_msg/include/custom_msg/msg
[0.331s] -- Up-to-date: /home/mingyu/rosyolo_final/install/custom_msg/include/custom_msg/msg/detail
[0.331s] -- Up-to-date: /home/mingyu/rosyolo_final/install/custom_msg/include/custom_msg/msg/detail/ros2_yolo__rosidl_typesupport_introspection_cpp.hpp
[0.331s] -- Up-to-date: /home/mingyu/rosyolo_final/install/custom_msg/include/custom_msg/msg/detail/ros2_yolo__type_support.cpp
[0.331s] -- Up-to-date: /home/mingyu/rosyolo_final/install/custom_msg/lib/libcustom_msg__rosidl_typesupport_introspection_cpp.so
[0.331s] -- Up-to-date: /home/mingyu/rosyolo_final/install/custom_msg/lib/libcustom_msg__rosidl_typesupport_cpp.so
[0.331s] -- Up-to-date: /home/mingyu/rosyolo_final/install/custom_msg/share/custom_msg/environment/pythonpath.sh
[0.331s] -- Up-to-date: /home/mingyu/rosyolo_final/install/custom_msg/share/custom_msg/environment/pythonpath.dsv
[0.331s] -- Up-to-date: /home/mingyu/rosyolo_final/install/custom_msg/lib/python3.8/site-packages/custom_msg/__init__.py
[0.363s] -- Up-to-date: /home/mingyu/rosyolo_final/install/custom_msg/lib/python3.8/site-packages/custom_msg/msg
[0.363s] -- Up-to-date: /home/mingyu/rosyolo_final/install/custom_msg/lib/python3.8/site-packages/custom_msg/msg/_ros2_yolo.py
[0.364s] -- Up-to-date: /home/mingyu/rosyolo_final/install/custom_msg/lib/python3.8/site-packages/custom_msg/msg/__init__.py
[0.364s] -- Up-to-date: /home/mingyu/rosyolo_final/install/custom_msg/lib/python3.8/site-packages/custom_msg/msg/_ros2_yolo_s.c
[0.364s] -- Up-to-date: /home/mingyu/rosyolo_final/install/custom_msg/lib/python3.8/site-packages/custom_msg/custom_msg_s__rosidl_typesupport_fastrtps_c.cpython-38-x86_64-linux-gnu.so
[0.364s] -- Up-to-date: /home/mingyu/rosyolo_final/install/custom_msg/lib/python3.8/site-packages/custom_msg/custom_msg_s__rosidl_typesupport_introspection_c.cpython-38-x86_64-linux-gnu.so
[0.365s] -- Up-to-date: /home/mingyu/rosyolo_final/install/custom_msg/lib/python3.8/site-packages/custom_msg/custom_msg_s__rosidl_typesupport_c.cpython-38-x86_64-linux-gnu.so
[0.365s] -- Up-to-date: /home/mingyu/rosyolo_final/install/custom_msg/lib/libcustom_msg__python.so
[0.365s] -- Up-to-date: /home/mingyu/rosyolo_final/install/custom_msg/share/custom_msg/msg/Ros2Yolo.idl
[0.366s] -- Up-to-date: /home/mingyu/rosyolo_final/install/custom_msg/share/custom_msg/msg/Ros2Yolo.msg
[0.366s] -- Up-to-date: /home/mingyu/rosyolo_final/install/custom_msg/share/ament_index/resource_index/package_run_dependencies/custom_msg
[0.366s] -- Up-to-date: /home/mingyu/rosyolo_final/install/custom_msg/share/ament_index/resource_index/parent_prefix_path/custom_msg
[0.366s] -- Up-to-date: /home/mingyu/rosyolo_final/install/custom_msg/share/custom_msg/environment/ament_prefix_path.sh
[0.366s] -- Up-to-date: /home/mingyu/rosyolo_final/install/custom_msg/share/custom_msg/environment/ament_prefix_path.dsv
[0.366s] -- Up-to-date: /home/mingyu/rosyolo_final/install/custom_msg/share/custom_msg/environment/path.sh
[0.366s] -- Up-to-date: /home/mingyu/rosyolo_final/install/custom_msg/share/custom_msg/environment/path.dsv
[0.366s] -- Up-to-date: /home/mingyu/rosyolo_final/install/custom_msg/share/custom_msg/local_setup.bash
[0.366s] -- Up-to-date: /home/mingyu/rosyolo_final/install/custom_msg/share/custom_msg/local_setup.sh
[0.367s] -- Up-to-date: /home/mingyu/rosyolo_final/install/custom_msg/share/custom_msg/local_setup.zsh
[0.367s] -- Up-to-date: /home/mingyu/rosyolo_final/install/custom_msg/share/custom_msg/local_setup.dsv
[0.367s] -- Installing: /home/mingyu/rosyolo_final/install/custom_msg/share/custom_msg/package.dsv
[0.367s] -- Up-to-date: /home/mingyu/rosyolo_final/install/custom_msg/share/ament_index/resource_index/packages/custom_msg
[0.367s] -- Up-to-date: /home/mingyu/rosyolo_final/install/custom_msg/share/custom_msg/cmake/custom_msg__rosidl_generator_cExport.cmake
[0.367s] -- Up-to-date: /home/mingyu/rosyolo_final/install/custom_msg/share/custom_msg/cmake/custom_msg__rosidl_generator_cExport-noconfig.cmake
[0.367s] -- Up-to-date: /home/mingyu/rosyolo_final/install/custom_msg/share/custom_msg/cmake/custom_msg__rosidl_typesupport_introspection_cExport.cmake
[0.367s] -- Up-to-date: /home/mingyu/rosyolo_final/install/custom_msg/share/custom_msg/cmake/custom_msg__rosidl_typesupport_introspection_cExport-noconfig.cmake
[0.367s] -- Up-to-date: /home/mingyu/rosyolo_final/install/custom_msg/share/custom_msg/cmake/custom_msg__rosidl_typesupport_cExport.cmake
[0.367s] -- Up-to-date: /home/mingyu/rosyolo_final/install/custom_msg/share/custom_msg/cmake/custom_msg__rosidl_typesupport_cExport-noconfig.cmake
[0.367s] -- Up-to-date: /home/mingyu/rosyolo_final/install/custom_msg/share/custom_msg/cmake/custom_msg__rosidl_generator_cppExport.cmake
[0.368s] -- Up-to-date: /home/mingyu/rosyolo_final/install/custom_msg/share/custom_msg/cmake/custom_msg__rosidl_typesupport_introspection_cppExport.cmake
[0.368s] -- Up-to-date: /home/mingyu/rosyolo_final/install/custom_msg/share/custom_msg/cmake/custom_msg__rosidl_typesupport_introspection_cppExport-noconfig.cmake
[0.368s] -- Up-to-date: /home/mingyu/rosyolo_final/install/custom_msg/share/custom_msg/cmake/custom_msg__rosidl_typesupport_cppExport.cmake
[0.368s] -- Up-to-date: /home/mingyu/rosyolo_final/install/custom_msg/share/custom_msg/cmake/custom_msg__rosidl_typesupport_cppExport-noconfig.cmake
[0.368s] -- Up-to-date: /home/mingyu/rosyolo_final/install/custom_msg/share/custom_msg/cmake/rosidl_cmake-extras.cmake
[0.368s] -- Up-to-date: /home/mingyu/rosyolo_final/install/custom_msg/share/custom_msg/cmake/ament_cmake_export_dependencies-extras.cmake
[0.368s] -- Up-to-date: /home/mingyu/rosyolo_final/install/custom_msg/share/custom_msg/cmake/ament_cmake_export_libraries-extras.cmake
[0.368s] -- Up-to-date: /home/mingyu/rosyolo_final/install/custom_msg/share/custom_msg/cmake/ament_cmake_export_targets-extras.cmake
[0.368s] -- Up-to-date: /home/mingyu/rosyolo_final/install/custom_msg/share/custom_msg/cmake/ament_cmake_export_include_directories-extras.cmake
[0.368s] -- Up-to-date: /home/mingyu/rosyolo_final/install/custom_msg/share/custom_msg/cmake/rosidl_cmake_export_typesupport_libraries-extras.cmake
[0.368s] -- Up-to-date: /home/mingyu/rosyolo_final/install/custom_msg/share/custom_msg/cmake/rosidl_cmake_export_typesupport_targets-extras.cmake
[0.368s] -- Up-to-date: /home/mingyu/rosyolo_final/install/custom_msg/share/custom_msg/cmake/custom_msgConfig.cmake
[0.369s] -- Up-to-date: /home/mingyu/rosyolo_final/install/custom_msg/share/custom_msg/cmake/custom_msgConfig-version.cmake
[0.369s] -- Up-to-date: /home/mingyu/rosyolo_final/install/custom_msg/share/custom_msg/package.xml
[0.371s] Invoked command in '/home/mingyu/rosyolo_final/build/custom_msg' returned '0': CMAKE_PREFIX_PATH=/home/mingyu/rosyolo_final/install/custom_msg:/home/mingyu/rosyolo_final/install/ros2yolo:/opt/ros/foxy:/opt/ros/noetic /bin/cmake --install /home/mingyu/rosyolo_final/build/custom_msg
